[2024-07-05T19:59:49.804+0000] {processor.py:154} INFO - Started process (PID=47) to work on /home/airflow/.local/lib/python3.7/site-packages/airflow/example_dags/example_branch_day_of_week_operator.py
[2024-07-05T19:59:49.849+0000] {processor.py:756} INFO - Processing file /home/airflow/.local/lib/python3.7/site-packages/airflow/example_dags/example_branch_day_of_week_operator.py for tasks to queue
[2024-07-05T19:59:49.889+0000] {logging_mixin.py:120} INFO - [2024-07-05T19:59:49.884+0000] {dagbag.py:537} INFO - Filling up the DagBag from /home/airflow/.local/lib/python3.7/site-packages/airflow/example_dags/example_branch_day_of_week_operator.py
[2024-07-05T19:59:51.105+0000] {processor.py:766} INFO - DAG(s) dict_keys(['example_weekday_branch_operator']) retrieved from /home/airflow/.local/lib/python3.7/site-packages/airflow/example_dags/example_branch_day_of_week_operator.py
[2024-07-05T19:59:53.726+0000] {logging_mixin.py:120} INFO - [2024-07-05T19:59:53.725+0000] {manager.py:507} INFO - Created Permission View: can delete on DAG:example_weekday_branch_operator
[2024-07-05T19:59:53.850+0000] {logging_mixin.py:120} INFO - [2024-07-05T19:59:53.849+0000] {manager.py:507} INFO - Created Permission View: can read on DAG:example_weekday_branch_operator
[2024-07-05T19:59:53.913+0000] {logging_mixin.py:120} INFO - [2024-07-05T19:59:53.912+0000] {manager.py:507} INFO - Created Permission View: can edit on DAG:example_weekday_branch_operator
[2024-07-05T19:59:53.925+0000] {logging_mixin.py:120} INFO - [2024-07-05T19:59:53.924+0000] {dag.py:2585} INFO - Sync 1 DAGs
[2024-07-05T19:59:54.186+0000] {logging_mixin.py:120} INFO - [2024-07-05T19:59:54.185+0000] {dag.py:2606} INFO - Creating ORM DAG for example_weekday_branch_operator
[2024-07-05T19:59:54.435+0000] {logging_mixin.py:120} INFO - [2024-07-05T19:59:54.435+0000] {dag.py:3340} INFO - Setting next_dagrun for example_weekday_branch_operator to 2024-07-04T00:00:00+00:00, run_after=2024-07-05T00:00:00+00:00
[2024-07-05T19:59:54.761+0000] {processor.py:176} INFO - Processing /home/airflow/.local/lib/python3.7/site-packages/airflow/example_dags/example_branch_day_of_week_operator.py took 5.160 seconds
[2024-07-05T20:01:47.858+0000] {processor.py:154} INFO - Started process (PID=110) to work on /home/airflow/.local/lib/python3.7/site-packages/airflow/example_dags/example_branch_day_of_week_operator.py
[2024-07-05T20:01:47.914+0000] {processor.py:756} INFO - Processing file /home/airflow/.local/lib/python3.7/site-packages/airflow/example_dags/example_branch_day_of_week_operator.py for tasks to queue
[2024-07-05T20:01:47.991+0000] {logging_mixin.py:120} INFO - [2024-07-05T20:01:47.961+0000] {dagbag.py:537} INFO - Filling up the DagBag from /home/airflow/.local/lib/python3.7/site-packages/airflow/example_dags/example_branch_day_of_week_operator.py
[2024-07-05T20:01:50.825+0000] {processor.py:766} INFO - DAG(s) dict_keys(['example_weekday_branch_operator']) retrieved from /home/airflow/.local/lib/python3.7/site-packages/airflow/example_dags/example_branch_day_of_week_operator.py
[2024-07-05T20:01:59.115+0000] {logging_mixin.py:120} INFO - [2024-07-05T20:01:59.114+0000] {dag.py:2585} INFO - Sync 1 DAGs
[2024-07-05T20:02:02.475+0000] {logging_mixin.py:120} INFO - [2024-07-05T20:02:02.470+0000] {dag.py:3340} INFO - Setting next_dagrun for example_weekday_branch_operator to 2024-07-04T00:00:00+00:00, run_after=2024-07-05T00:00:00+00:00
[2024-07-05T20:02:03.450+0000] {processor.py:176} INFO - Processing /home/airflow/.local/lib/python3.7/site-packages/airflow/example_dags/example_branch_day_of_week_operator.py took 16.090 seconds
[2024-07-05T20:04:23.953+0000] {processor.py:154} INFO - Started process (PID=166) to work on /home/airflow/.local/lib/python3.7/site-packages/airflow/example_dags/example_branch_day_of_week_operator.py
[2024-07-05T20:04:23.966+0000] {processor.py:756} INFO - Processing file /home/airflow/.local/lib/python3.7/site-packages/airflow/example_dags/example_branch_day_of_week_operator.py for tasks to queue
[2024-07-05T20:04:23.976+0000] {logging_mixin.py:120} INFO - [2024-07-05T20:04:23.975+0000] {dagbag.py:537} INFO - Filling up the DagBag from /home/airflow/.local/lib/python3.7/site-packages/airflow/example_dags/example_branch_day_of_week_operator.py
[2024-07-05T20:04:24.345+0000] {processor.py:766} INFO - DAG(s) dict_keys(['example_weekday_branch_operator']) retrieved from /home/airflow/.local/lib/python3.7/site-packages/airflow/example_dags/example_branch_day_of_week_operator.py
[2024-07-05T20:04:25.100+0000] {logging_mixin.py:120} INFO - [2024-07-05T20:04:25.088+0000] {dag.py:2585} INFO - Sync 1 DAGs
[2024-07-05T20:04:25.663+0000] {logging_mixin.py:120} INFO - [2024-07-05T20:04:25.658+0000] {dag.py:3340} INFO - Setting next_dagrun for example_weekday_branch_operator to 2024-07-04T00:00:00+00:00, run_after=2024-07-05T00:00:00+00:00
[2024-07-05T20:04:26.304+0000] {processor.py:176} INFO - Processing /home/airflow/.local/lib/python3.7/site-packages/airflow/example_dags/example_branch_day_of_week_operator.py took 2.514 seconds
[2024-07-05T20:06:41.486+0000] {processor.py:154} INFO - Started process (PID=221) to work on /home/airflow/.local/lib/python3.7/site-packages/airflow/example_dags/example_branch_day_of_week_operator.py
[2024-07-05T20:06:41.584+0000] {processor.py:756} INFO - Processing file /home/airflow/.local/lib/python3.7/site-packages/airflow/example_dags/example_branch_day_of_week_operator.py for tasks to queue
[2024-07-05T20:06:41.616+0000] {logging_mixin.py:120} INFO - [2024-07-05T20:06:41.603+0000] {dagbag.py:537} INFO - Filling up the DagBag from /home/airflow/.local/lib/python3.7/site-packages/airflow/example_dags/example_branch_day_of_week_operator.py
[2024-07-05T20:06:43.466+0000] {processor.py:766} INFO - DAG(s) dict_keys(['example_weekday_branch_operator']) retrieved from /home/airflow/.local/lib/python3.7/site-packages/airflow/example_dags/example_branch_day_of_week_operator.py
[2024-07-05T20:06:48.248+0000] {logging_mixin.py:120} INFO - [2024-07-05T20:06:48.247+0000] {dag.py:2585} INFO - Sync 1 DAGs
[2024-07-05T20:06:50.910+0000] {logging_mixin.py:120} INFO - [2024-07-05T20:06:50.909+0000] {dag.py:3340} INFO - Setting next_dagrun for example_weekday_branch_operator to 2024-07-04T00:00:00+00:00, run_after=2024-07-05T00:00:00+00:00
[2024-07-05T20:06:54.225+0000] {processor.py:176} INFO - Processing /home/airflow/.local/lib/python3.7/site-packages/airflow/example_dags/example_branch_day_of_week_operator.py took 13.002 seconds
[2024-07-05T20:08:46.353+0000] {processor.py:154} INFO - Started process (PID=276) to work on /home/airflow/.local/lib/python3.7/site-packages/airflow/example_dags/example_branch_day_of_week_operator.py
[2024-07-05T20:08:46.388+0000] {processor.py:756} INFO - Processing file /home/airflow/.local/lib/python3.7/site-packages/airflow/example_dags/example_branch_day_of_week_operator.py for tasks to queue
[2024-07-05T20:08:46.541+0000] {logging_mixin.py:120} INFO - [2024-07-05T20:08:46.541+0000] {dagbag.py:537} INFO - Filling up the DagBag from /home/airflow/.local/lib/python3.7/site-packages/airflow/example_dags/example_branch_day_of_week_operator.py
[2024-07-05T20:08:48.121+0000] {processor.py:766} INFO - DAG(s) dict_keys(['example_weekday_branch_operator']) retrieved from /home/airflow/.local/lib/python3.7/site-packages/airflow/example_dags/example_branch_day_of_week_operator.py
[2024-07-05T20:08:50.902+0000] {logging_mixin.py:120} INFO - [2024-07-05T20:08:50.901+0000] {dag.py:2585} INFO - Sync 1 DAGs
[2024-07-05T20:08:52.592+0000] {logging_mixin.py:120} INFO - [2024-07-05T20:08:52.590+0000] {dag.py:3340} INFO - Setting next_dagrun for example_weekday_branch_operator to 2024-07-04T00:00:00+00:00, run_after=2024-07-05T00:00:00+00:00
[2024-07-05T20:08:53.423+0000] {processor.py:176} INFO - Processing /home/airflow/.local/lib/python3.7/site-packages/airflow/example_dags/example_branch_day_of_week_operator.py took 7.278 seconds
[2024-07-05T20:11:11.410+0000] {processor.py:154} INFO - Started process (PID=328) to work on /home/airflow/.local/lib/python3.7/site-packages/airflow/example_dags/example_branch_day_of_week_operator.py
[2024-07-05T20:11:11.419+0000] {processor.py:756} INFO - Processing file /home/airflow/.local/lib/python3.7/site-packages/airflow/example_dags/example_branch_day_of_week_operator.py for tasks to queue
[2024-07-05T20:11:11.426+0000] {logging_mixin.py:120} INFO - [2024-07-05T20:11:11.425+0000] {dagbag.py:537} INFO - Filling up the DagBag from /home/airflow/.local/lib/python3.7/site-packages/airflow/example_dags/example_branch_day_of_week_operator.py
[2024-07-05T20:11:11.873+0000] {processor.py:766} INFO - DAG(s) dict_keys(['example_weekday_branch_operator']) retrieved from /home/airflow/.local/lib/python3.7/site-packages/airflow/example_dags/example_branch_day_of_week_operator.py
[2024-07-05T20:11:12.904+0000] {logging_mixin.py:120} INFO - [2024-07-05T20:11:12.872+0000] {dag.py:2585} INFO - Sync 1 DAGs
[2024-07-05T20:11:13.373+0000] {logging_mixin.py:120} INFO - [2024-07-05T20:11:13.372+0000] {dag.py:3340} INFO - Setting next_dagrun for example_weekday_branch_operator to 2024-07-04T00:00:00+00:00, run_after=2024-07-05T00:00:00+00:00
[2024-07-05T20:11:14.108+0000] {processor.py:176} INFO - Processing /home/airflow/.local/lib/python3.7/site-packages/airflow/example_dags/example_branch_day_of_week_operator.py took 2.835 seconds
