[2024-07-05T20:00:31.441+0000] {processor.py:154} INFO - Started process (PID=75) to work on /home/airflow/.local/lib/python3.7/site-packages/airflow/example_dags/example_datasets.py
[2024-07-05T20:00:31.457+0000] {processor.py:756} INFO - Processing file /home/airflow/.local/lib/python3.7/site-packages/airflow/example_dags/example_datasets.py for tasks to queue
[2024-07-05T20:00:31.466+0000] {logging_mixin.py:120} INFO - [2024-07-05T20:00:31.465+0000] {dagbag.py:537} INFO - Filling up the DagBag from /home/airflow/.local/lib/python3.7/site-packages/airflow/example_dags/example_datasets.py
[2024-07-05T20:00:31.766+0000] {processor.py:766} INFO - DAG(s) dict_keys(['dataset_consumes_1_and_2', 'dataset_consumes_unknown_never_scheduled', 'dataset_produces_1', 'dataset_consumes_1_never_scheduled', 'dataset_consumes_1', 'dataset_produces_2']) retrieved from /home/airflow/.local/lib/python3.7/site-packages/airflow/example_dags/example_datasets.py
[2024-07-05T20:00:33.280+0000] {logging_mixin.py:120} INFO - [2024-07-05T20:00:33.279+0000] {manager.py:507} INFO - Created Permission View: can delete on DAG:dataset_consumes_1_and_2
[2024-07-05T20:00:33.382+0000] {logging_mixin.py:120} INFO - [2024-07-05T20:00:33.382+0000] {manager.py:507} INFO - Created Permission View: can read on DAG:dataset_consumes_1_and_2
[2024-07-05T20:00:33.507+0000] {logging_mixin.py:120} INFO - [2024-07-05T20:00:33.506+0000] {manager.py:507} INFO - Created Permission View: can edit on DAG:dataset_consumes_1_and_2
[2024-07-05T20:00:33.830+0000] {logging_mixin.py:120} INFO - [2024-07-05T20:00:33.829+0000] {manager.py:507} INFO - Created Permission View: can delete on DAG:dataset_consumes_unknown_never_scheduled
[2024-07-05T20:00:34.238+0000] {logging_mixin.py:120} INFO - [2024-07-05T20:00:34.237+0000] {manager.py:507} INFO - Created Permission View: can read on DAG:dataset_consumes_unknown_never_scheduled
[2024-07-05T20:00:34.309+0000] {logging_mixin.py:120} INFO - [2024-07-05T20:00:34.308+0000] {manager.py:507} INFO - Created Permission View: can edit on DAG:dataset_consumes_unknown_never_scheduled
[2024-07-05T20:00:34.525+0000] {logging_mixin.py:120} INFO - [2024-07-05T20:00:34.524+0000] {manager.py:507} INFO - Created Permission View: can delete on DAG:dataset_produces_1
[2024-07-05T20:00:34.621+0000] {logging_mixin.py:120} INFO - [2024-07-05T20:00:34.621+0000] {manager.py:507} INFO - Created Permission View: can read on DAG:dataset_produces_1
[2024-07-05T20:00:34.741+0000] {logging_mixin.py:120} INFO - [2024-07-05T20:00:34.740+0000] {manager.py:507} INFO - Created Permission View: can edit on DAG:dataset_produces_1
[2024-07-05T20:00:34.866+0000] {logging_mixin.py:120} INFO - [2024-07-05T20:00:34.865+0000] {manager.py:507} INFO - Created Permission View: can delete on DAG:dataset_consumes_1_never_scheduled
[2024-07-05T20:00:34.963+0000] {logging_mixin.py:120} INFO - [2024-07-05T20:00:34.963+0000] {manager.py:507} INFO - Created Permission View: can read on DAG:dataset_consumes_1_never_scheduled
[2024-07-05T20:00:35.103+0000] {logging_mixin.py:120} INFO - [2024-07-05T20:00:35.102+0000] {manager.py:507} INFO - Created Permission View: can edit on DAG:dataset_consumes_1_never_scheduled
[2024-07-05T20:00:35.995+0000] {logging_mixin.py:120} INFO - [2024-07-05T20:00:35.991+0000] {manager.py:507} INFO - Created Permission View: can delete on DAG:dataset_consumes_1
[2024-07-05T20:00:36.345+0000] {logging_mixin.py:120} INFO - [2024-07-05T20:00:36.345+0000] {manager.py:507} INFO - Created Permission View: can read on DAG:dataset_consumes_1
[2024-07-05T20:00:36.534+0000] {logging_mixin.py:120} INFO - [2024-07-05T20:00:36.534+0000] {manager.py:507} INFO - Created Permission View: can edit on DAG:dataset_consumes_1
[2024-07-05T20:00:37.057+0000] {logging_mixin.py:120} INFO - [2024-07-05T20:00:37.056+0000] {manager.py:507} INFO - Created Permission View: can delete on DAG:dataset_produces_2
[2024-07-05T20:00:37.348+0000] {logging_mixin.py:120} INFO - [2024-07-05T20:00:37.348+0000] {manager.py:507} INFO - Created Permission View: can read on DAG:dataset_produces_2
[2024-07-05T20:00:37.803+0000] {logging_mixin.py:120} INFO - [2024-07-05T20:00:37.735+0000] {manager.py:507} INFO - Created Permission View: can edit on DAG:dataset_produces_2
[2024-07-05T20:00:37.811+0000] {logging_mixin.py:120} INFO - [2024-07-05T20:00:37.810+0000] {dag.py:2585} INFO - Sync 6 DAGs
[2024-07-05T20:00:38.744+0000] {logging_mixin.py:120} INFO - [2024-07-05T20:00:38.743+0000] {dag.py:2606} INFO - Creating ORM DAG for dataset_consumes_1
[2024-07-05T20:00:38.768+0000] {logging_mixin.py:120} INFO - [2024-07-05T20:00:38.767+0000] {dag.py:2606} INFO - Creating ORM DAG for dataset_consumes_1_never_scheduled
[2024-07-05T20:00:38.778+0000] {logging_mixin.py:120} INFO - [2024-07-05T20:00:38.777+0000] {dag.py:2606} INFO - Creating ORM DAG for dataset_consumes_1_and_2
[2024-07-05T20:00:38.791+0000] {logging_mixin.py:120} INFO - [2024-07-05T20:00:38.790+0000] {dag.py:2606} INFO - Creating ORM DAG for dataset_produces_2
[2024-07-05T20:00:38.810+0000] {logging_mixin.py:120} INFO - [2024-07-05T20:00:38.807+0000] {dag.py:2606} INFO - Creating ORM DAG for dataset_consumes_unknown_never_scheduled
[2024-07-05T20:00:38.814+0000] {logging_mixin.py:120} INFO - [2024-07-05T20:00:38.813+0000] {dag.py:2606} INFO - Creating ORM DAG for dataset_produces_1
[2024-07-05T20:00:39.000+0000] {logging_mixin.py:120} INFO - [2024-07-05T20:00:38.999+0000] {dag.py:3340} INFO - Setting next_dagrun for dataset_consumes_1 to None, run_after=None
[2024-07-05T20:00:39.024+0000] {logging_mixin.py:120} INFO - [2024-07-05T20:00:39.023+0000] {dag.py:3340} INFO - Setting next_dagrun for dataset_consumes_1_and_2 to None, run_after=None
[2024-07-05T20:00:39.039+0000] {logging_mixin.py:120} INFO - [2024-07-05T20:00:39.038+0000] {dag.py:3340} INFO - Setting next_dagrun for dataset_consumes_1_never_scheduled to None, run_after=None
[2024-07-05T20:00:39.049+0000] {logging_mixin.py:120} INFO - [2024-07-05T20:00:39.045+0000] {dag.py:3340} INFO - Setting next_dagrun for dataset_consumes_unknown_never_scheduled to None, run_after=None
[2024-07-05T20:00:39.092+0000] {logging_mixin.py:120} INFO - [2024-07-05T20:00:39.091+0000] {dag.py:3340} INFO - Setting next_dagrun for dataset_produces_1 to 2024-07-04T00:00:00+00:00, run_after=2024-07-05T00:00:00+00:00
[2024-07-05T20:00:39.107+0000] {logging_mixin.py:120} INFO - [2024-07-05T20:00:39.107+0000] {dag.py:3340} INFO - Setting next_dagrun for dataset_produces_2 to None, run_after=None
[2024-07-05T20:00:39.871+0000] {processor.py:176} INFO - Processing /home/airflow/.local/lib/python3.7/site-packages/airflow/example_dags/example_datasets.py took 8.491 seconds
[2024-07-05T20:03:56.583+0000] {processor.py:154} INFO - Started process (PID=152) to work on /home/airflow/.local/lib/python3.7/site-packages/airflow/example_dags/example_datasets.py
[2024-07-05T20:03:56.631+0000] {processor.py:756} INFO - Processing file /home/airflow/.local/lib/python3.7/site-packages/airflow/example_dags/example_datasets.py for tasks to queue
[2024-07-05T20:03:56.666+0000] {logging_mixin.py:120} INFO - [2024-07-05T20:03:56.665+0000] {dagbag.py:537} INFO - Filling up the DagBag from /home/airflow/.local/lib/python3.7/site-packages/airflow/example_dags/example_datasets.py
[2024-07-05T20:03:57.635+0000] {processor.py:766} INFO - DAG(s) dict_keys(['dataset_consumes_1', 'dataset_produces_2', 'dataset_produces_1', 'dataset_consumes_unknown_never_scheduled', 'dataset_consumes_1_never_scheduled', 'dataset_consumes_1_and_2']) retrieved from /home/airflow/.local/lib/python3.7/site-packages/airflow/example_dags/example_datasets.py
[2024-07-05T20:04:02.861+0000] {logging_mixin.py:120} INFO - [2024-07-05T20:04:02.859+0000] {dag.py:2585} INFO - Sync 6 DAGs
[2024-07-05T20:04:05.400+0000] {logging_mixin.py:120} INFO - [2024-07-05T20:04:05.399+0000] {dag.py:3340} INFO - Setting next_dagrun for dataset_consumes_1 to None, run_after=None
[2024-07-05T20:04:05.585+0000] {logging_mixin.py:120} INFO - [2024-07-05T20:04:05.576+0000] {dag.py:3340} INFO - Setting next_dagrun for dataset_consumes_1_and_2 to None, run_after=None
[2024-07-05T20:04:05.644+0000] {logging_mixin.py:120} INFO - [2024-07-05T20:04:05.642+0000] {dag.py:3340} INFO - Setting next_dagrun for dataset_consumes_1_never_scheduled to None, run_after=None
[2024-07-05T20:04:05.669+0000] {logging_mixin.py:120} INFO - [2024-07-05T20:04:05.668+0000] {dag.py:3340} INFO - Setting next_dagrun for dataset_consumes_unknown_never_scheduled to None, run_after=None
[2024-07-05T20:04:05.778+0000] {logging_mixin.py:120} INFO - [2024-07-05T20:04:05.765+0000] {dag.py:3340} INFO - Setting next_dagrun for dataset_produces_1 to 2024-07-04T00:00:00+00:00, run_after=2024-07-05T00:00:00+00:00
[2024-07-05T20:04:05.880+0000] {logging_mixin.py:120} INFO - [2024-07-05T20:04:05.879+0000] {dag.py:3340} INFO - Setting next_dagrun for dataset_produces_2 to None, run_after=None
[2024-07-05T20:04:06.735+0000] {processor.py:176} INFO - Processing /home/airflow/.local/lib/python3.7/site-packages/airflow/example_dags/example_datasets.py took 10.270 seconds
[2024-07-05T20:08:23.555+0000] {processor.py:154} INFO - Started process (PID=262) to work on /home/airflow/.local/lib/python3.7/site-packages/airflow/example_dags/example_datasets.py
[2024-07-05T20:08:23.571+0000] {processor.py:756} INFO - Processing file /home/airflow/.local/lib/python3.7/site-packages/airflow/example_dags/example_datasets.py for tasks to queue
[2024-07-05T20:08:23.599+0000] {logging_mixin.py:120} INFO - [2024-07-05T20:08:23.598+0000] {dagbag.py:537} INFO - Filling up the DagBag from /home/airflow/.local/lib/python3.7/site-packages/airflow/example_dags/example_datasets.py
[2024-07-05T20:08:24.149+0000] {processor.py:766} INFO - DAG(s) dict_keys(['dataset_consumes_1', 'dataset_consumes_1_never_scheduled', 'dataset_produces_1', 'dataset_consumes_1_and_2', 'dataset_produces_2', 'dataset_consumes_unknown_never_scheduled']) retrieved from /home/airflow/.local/lib/python3.7/site-packages/airflow/example_dags/example_datasets.py
[2024-07-05T20:08:25.777+0000] {logging_mixin.py:120} INFO - [2024-07-05T20:08:25.743+0000] {dag.py:2585} INFO - Sync 6 DAGs
[2024-07-05T20:08:27.025+0000] {logging_mixin.py:120} INFO - [2024-07-05T20:08:27.024+0000] {dag.py:3340} INFO - Setting next_dagrun for dataset_consumes_1 to None, run_after=None
[2024-07-05T20:08:27.224+0000] {logging_mixin.py:120} INFO - [2024-07-05T20:08:27.223+0000] {dag.py:3340} INFO - Setting next_dagrun for dataset_consumes_1_and_2 to None, run_after=None
[2024-07-05T20:08:27.487+0000] {logging_mixin.py:120} INFO - [2024-07-05T20:08:27.486+0000] {dag.py:3340} INFO - Setting next_dagrun for dataset_consumes_1_never_scheduled to None, run_after=None
[2024-07-05T20:08:27.537+0000] {logging_mixin.py:120} INFO - [2024-07-05T20:08:27.536+0000] {dag.py:3340} INFO - Setting next_dagrun for dataset_consumes_unknown_never_scheduled to None, run_after=None
[2024-07-05T20:08:27.638+0000] {logging_mixin.py:120} INFO - [2024-07-05T20:08:27.637+0000] {dag.py:3340} INFO - Setting next_dagrun for dataset_produces_1 to 2024-07-04T00:00:00+00:00, run_after=2024-07-05T00:00:00+00:00
[2024-07-05T20:08:27.672+0000] {logging_mixin.py:120} INFO - [2024-07-05T20:08:27.672+0000] {dag.py:3340} INFO - Setting next_dagrun for dataset_produces_2 to None, run_after=None
[2024-07-05T20:08:28.749+0000] {processor.py:176} INFO - Processing /home/airflow/.local/lib/python3.7/site-packages/airflow/example_dags/example_datasets.py took 5.279 seconds
