[2024-07-05T20:00:19.448+0000] {processor.py:154} INFO - Started process (PID=70) to work on /home/airflow/.local/lib/python3.7/site-packages/airflow/example_dags/example_branch_labels.py
[2024-07-05T20:00:19.455+0000] {processor.py:756} INFO - Processing file /home/airflow/.local/lib/python3.7/site-packages/airflow/example_dags/example_branch_labels.py for tasks to queue
[2024-07-05T20:00:19.467+0000] {logging_mixin.py:120} INFO - [2024-07-05T20:00:19.466+0000] {dagbag.py:537} INFO - Filling up the DagBag from /home/airflow/.local/lib/python3.7/site-packages/airflow/example_dags/example_branch_labels.py
[2024-07-05T20:00:19.701+0000] {processor.py:766} INFO - DAG(s) dict_keys(['example_branch_labels']) retrieved from /home/airflow/.local/lib/python3.7/site-packages/airflow/example_dags/example_branch_labels.py
[2024-07-05T20:00:22.337+0000] {logging_mixin.py:120} INFO - [2024-07-05T20:00:22.336+0000] {manager.py:507} INFO - Created Permission View: can delete on DAG:example_branch_labels
[2024-07-05T20:00:22.505+0000] {logging_mixin.py:120} INFO - [2024-07-05T20:00:22.504+0000] {manager.py:507} INFO - Created Permission View: can read on DAG:example_branch_labels
[2024-07-05T20:00:22.620+0000] {logging_mixin.py:120} INFO - [2024-07-05T20:00:22.619+0000] {manager.py:507} INFO - Created Permission View: can edit on DAG:example_branch_labels
[2024-07-05T20:00:22.623+0000] {logging_mixin.py:120} INFO - [2024-07-05T20:00:22.622+0000] {dag.py:2585} INFO - Sync 1 DAGs
[2024-07-05T20:00:22.854+0000] {logging_mixin.py:120} INFO - [2024-07-05T20:00:22.853+0000] {dag.py:2606} INFO - Creating ORM DAG for example_branch_labels
[2024-07-05T20:00:23.056+0000] {logging_mixin.py:120} INFO - [2024-07-05T20:00:23.055+0000] {dag.py:3340} INFO - Setting next_dagrun for example_branch_labels to 2024-07-04T00:00:00+00:00, run_after=2024-07-05T00:00:00+00:00
[2024-07-05T20:00:23.212+0000] {processor.py:176} INFO - Processing /home/airflow/.local/lib/python3.7/site-packages/airflow/example_dags/example_branch_labels.py took 3.795 seconds
[2024-07-05T20:03:34.081+0000] {processor.py:154} INFO - Started process (PID=140) to work on /home/airflow/.local/lib/python3.7/site-packages/airflow/example_dags/example_branch_labels.py
[2024-07-05T20:03:34.095+0000] {processor.py:756} INFO - Processing file /home/airflow/.local/lib/python3.7/site-packages/airflow/example_dags/example_branch_labels.py for tasks to queue
[2024-07-05T20:03:34.120+0000] {logging_mixin.py:120} INFO - [2024-07-05T20:03:34.119+0000] {dagbag.py:537} INFO - Filling up the DagBag from /home/airflow/.local/lib/python3.7/site-packages/airflow/example_dags/example_branch_labels.py
[2024-07-05T20:03:34.823+0000] {processor.py:766} INFO - DAG(s) dict_keys(['example_branch_labels']) retrieved from /home/airflow/.local/lib/python3.7/site-packages/airflow/example_dags/example_branch_labels.py
[2024-07-05T20:03:35.628+0000] {logging_mixin.py:120} INFO - [2024-07-05T20:03:35.627+0000] {dag.py:2585} INFO - Sync 1 DAGs
[2024-07-05T20:03:36.898+0000] {logging_mixin.py:120} INFO - [2024-07-05T20:03:36.898+0000] {dag.py:3340} INFO - Setting next_dagrun for example_branch_labels to 2024-07-04T00:00:00+00:00, run_after=2024-07-05T00:00:00+00:00
[2024-07-05T20:03:38.486+0000] {processor.py:176} INFO - Processing /home/airflow/.local/lib/python3.7/site-packages/airflow/example_dags/example_branch_labels.py took 4.457 seconds
[2024-07-05T20:05:49.251+0000] {processor.py:154} INFO - Started process (PID=204) to work on /home/airflow/.local/lib/python3.7/site-packages/airflow/example_dags/example_branch_labels.py
[2024-07-05T20:05:49.266+0000] {processor.py:756} INFO - Processing file /home/airflow/.local/lib/python3.7/site-packages/airflow/example_dags/example_branch_labels.py for tasks to queue
[2024-07-05T20:05:49.316+0000] {logging_mixin.py:120} INFO - [2024-07-05T20:05:49.315+0000] {dagbag.py:537} INFO - Filling up the DagBag from /home/airflow/.local/lib/python3.7/site-packages/airflow/example_dags/example_branch_labels.py
[2024-07-05T20:05:51.164+0000] {processor.py:766} INFO - DAG(s) dict_keys(['example_branch_labels']) retrieved from /home/airflow/.local/lib/python3.7/site-packages/airflow/example_dags/example_branch_labels.py
[2024-07-05T20:05:54.608+0000] {logging_mixin.py:120} INFO - [2024-07-05T20:05:54.607+0000] {dag.py:2585} INFO - Sync 1 DAGs
[2024-07-05T20:05:57.046+0000] {logging_mixin.py:120} INFO - [2024-07-05T20:05:57.045+0000] {dag.py:3340} INFO - Setting next_dagrun for example_branch_labels to 2024-07-04T00:00:00+00:00, run_after=2024-07-05T00:00:00+00:00
[2024-07-05T20:05:58.293+0000] {processor.py:176} INFO - Processing /home/airflow/.local/lib/python3.7/site-packages/airflow/example_dags/example_branch_labels.py took 9.168 seconds
[2024-07-05T20:08:10.150+0000] {processor.py:154} INFO - Started process (PID=257) to work on /home/airflow/.local/lib/python3.7/site-packages/airflow/example_dags/example_branch_labels.py
[2024-07-05T20:08:10.185+0000] {processor.py:756} INFO - Processing file /home/airflow/.local/lib/python3.7/site-packages/airflow/example_dags/example_branch_labels.py for tasks to queue
[2024-07-05T20:08:10.219+0000] {logging_mixin.py:120} INFO - [2024-07-05T20:08:10.218+0000] {dagbag.py:537} INFO - Filling up the DagBag from /home/airflow/.local/lib/python3.7/site-packages/airflow/example_dags/example_branch_labels.py
[2024-07-05T20:08:11.219+0000] {processor.py:766} INFO - DAG(s) dict_keys(['example_branch_labels']) retrieved from /home/airflow/.local/lib/python3.7/site-packages/airflow/example_dags/example_branch_labels.py
[2024-07-05T20:08:12.790+0000] {logging_mixin.py:120} INFO - [2024-07-05T20:08:12.789+0000] {dag.py:2585} INFO - Sync 1 DAGs
[2024-07-05T20:08:13.406+0000] {logging_mixin.py:120} INFO - [2024-07-05T20:08:13.405+0000] {dag.py:3340} INFO - Setting next_dagrun for example_branch_labels to 2024-07-04T00:00:00+00:00, run_after=2024-07-05T00:00:00+00:00
[2024-07-05T20:08:13.753+0000] {processor.py:176} INFO - Processing /home/airflow/.local/lib/python3.7/site-packages/airflow/example_dags/example_branch_labels.py took 3.669 seconds
