[2024-07-05T20:00:51.487+0000] {processor.py:154} INFO - Started process (PID=87) to work on /home/airflow/.local/lib/python3.7/site-packages/airflow/example_dags/example_branch_operator.py
[2024-07-05T20:00:51.584+0000] {processor.py:756} INFO - Processing file /home/airflow/.local/lib/python3.7/site-packages/airflow/example_dags/example_branch_operator.py for tasks to queue
[2024-07-05T20:00:51.666+0000] {logging_mixin.py:120} INFO - [2024-07-05T20:00:51.664+0000] {dagbag.py:537} INFO - Filling up the DagBag from /home/airflow/.local/lib/python3.7/site-packages/airflow/example_dags/example_branch_operator.py
[2024-07-05T20:00:52.506+0000] {processor.py:766} INFO - DAG(s) dict_keys(['example_branch_operator']) retrieved from /home/airflow/.local/lib/python3.7/site-packages/airflow/example_dags/example_branch_operator.py
[2024-07-05T20:01:00.181+0000] {logging_mixin.py:120} INFO - [2024-07-05T20:01:00.181+0000] {manager.py:507} INFO - Created Permission View: can delete on DAG:example_branch_operator
[2024-07-05T20:01:00.445+0000] {logging_mixin.py:120} INFO - [2024-07-05T20:01:00.445+0000] {manager.py:507} INFO - Created Permission View: can read on DAG:example_branch_operator
[2024-07-05T20:01:00.651+0000] {logging_mixin.py:120} INFO - [2024-07-05T20:01:00.650+0000] {manager.py:507} INFO - Created Permission View: can edit on DAG:example_branch_operator
[2024-07-05T20:01:00.670+0000] {logging_mixin.py:120} INFO - [2024-07-05T20:01:00.660+0000] {dag.py:2585} INFO - Sync 1 DAGs
[2024-07-05T20:01:01.011+0000] {logging_mixin.py:120} INFO - [2024-07-05T20:01:01.010+0000] {dag.py:2606} INFO - Creating ORM DAG for example_branch_operator
[2024-07-05T20:01:01.468+0000] {logging_mixin.py:120} INFO - [2024-07-05T20:01:01.467+0000] {dag.py:3340} INFO - Setting next_dagrun for example_branch_operator to 2024-07-04T00:00:00+00:00, run_after=2024-07-05T00:00:00+00:00
[2024-07-05T20:01:01.965+0000] {processor.py:176} INFO - Processing /home/airflow/.local/lib/python3.7/site-packages/airflow/example_dags/example_branch_operator.py took 12.036 seconds
[2024-07-05T20:04:20.357+0000] {processor.py:154} INFO - Started process (PID=164) to work on /home/airflow/.local/lib/python3.7/site-packages/airflow/example_dags/example_branch_operator.py
[2024-07-05T20:04:20.419+0000] {processor.py:756} INFO - Processing file /home/airflow/.local/lib/python3.7/site-packages/airflow/example_dags/example_branch_operator.py for tasks to queue
[2024-07-05T20:04:20.427+0000] {logging_mixin.py:120} INFO - [2024-07-05T20:04:20.426+0000] {dagbag.py:537} INFO - Filling up the DagBag from /home/airflow/.local/lib/python3.7/site-packages/airflow/example_dags/example_branch_operator.py
[2024-07-05T20:04:20.825+0000] {processor.py:766} INFO - DAG(s) dict_keys(['example_branch_operator']) retrieved from /home/airflow/.local/lib/python3.7/site-packages/airflow/example_dags/example_branch_operator.py
[2024-07-05T20:04:21.675+0000] {logging_mixin.py:120} INFO - [2024-07-05T20:04:21.674+0000] {dag.py:2585} INFO - Sync 1 DAGs
[2024-07-05T20:04:22.516+0000] {logging_mixin.py:120} INFO - [2024-07-05T20:04:22.515+0000] {dag.py:3340} INFO - Setting next_dagrun for example_branch_operator to 2024-07-04T00:00:00+00:00, run_after=2024-07-05T00:00:00+00:00
[2024-07-05T20:04:23.014+0000] {processor.py:176} INFO - Processing /home/airflow/.local/lib/python3.7/site-packages/airflow/example_dags/example_branch_operator.py took 2.992 seconds
[2024-07-05T20:08:35.695+0000] {processor.py:154} INFO - Started process (PID=267) to work on /home/airflow/.local/lib/python3.7/site-packages/airflow/example_dags/example_branch_operator.py
[2024-07-05T20:08:35.729+0000] {processor.py:756} INFO - Processing file /home/airflow/.local/lib/python3.7/site-packages/airflow/example_dags/example_branch_operator.py for tasks to queue
[2024-07-05T20:08:35.848+0000] {logging_mixin.py:120} INFO - [2024-07-05T20:08:35.832+0000] {dagbag.py:537} INFO - Filling up the DagBag from /home/airflow/.local/lib/python3.7/site-packages/airflow/example_dags/example_branch_operator.py
[2024-07-05T20:08:37.980+0000] {processor.py:766} INFO - DAG(s) dict_keys(['example_branch_operator']) retrieved from /home/airflow/.local/lib/python3.7/site-packages/airflow/example_dags/example_branch_operator.py
[2024-07-05T20:08:40.811+0000] {logging_mixin.py:120} INFO - [2024-07-05T20:08:40.756+0000] {dag.py:2585} INFO - Sync 1 DAGs
[2024-07-05T20:08:42.803+0000] {logging_mixin.py:120} INFO - [2024-07-05T20:08:42.802+0000] {dag.py:3340} INFO - Setting next_dagrun for example_branch_operator to 2024-07-04T00:00:00+00:00, run_after=2024-07-05T00:00:00+00:00
[2024-07-05T20:08:44.726+0000] {processor.py:176} INFO - Processing /home/airflow/.local/lib/python3.7/site-packages/airflow/example_dags/example_branch_operator.py took 9.149 seconds
