[2024-07-05T20:00:12.071+0000] {processor.py:154} INFO - Started process (PID=66) to work on /home/airflow/.local/lib/python3.7/site-packages/airflow/example_dags/example_branch_datetime_operator.py
[2024-07-05T20:00:12.078+0000] {processor.py:756} INFO - Processing file /home/airflow/.local/lib/python3.7/site-packages/airflow/example_dags/example_branch_datetime_operator.py for tasks to queue
[2024-07-05T20:00:12.085+0000] {logging_mixin.py:120} INFO - [2024-07-05T20:00:12.084+0000] {dagbag.py:537} INFO - Filling up the DagBag from /home/airflow/.local/lib/python3.7/site-packages/airflow/example_dags/example_branch_datetime_operator.py
[2024-07-05T20:00:12.343+0000] {processor.py:766} INFO - DAG(s) dict_keys(['example_branch_datetime_operator_2', 'example_branch_datetime_operator', 'example_branch_datetime_operator_3']) retrieved from /home/airflow/.local/lib/python3.7/site-packages/airflow/example_dags/example_branch_datetime_operator.py
[2024-07-05T20:00:13.552+0000] {logging_mixin.py:120} INFO - [2024-07-05T20:00:13.552+0000] {manager.py:507} INFO - Created Permission View: can delete on DAG:example_branch_datetime_operator_2
[2024-07-05T20:00:13.643+0000] {logging_mixin.py:120} INFO - [2024-07-05T20:00:13.642+0000] {manager.py:507} INFO - Created Permission View: can read on DAG:example_branch_datetime_operator_2
[2024-07-05T20:00:13.708+0000] {logging_mixin.py:120} INFO - [2024-07-05T20:00:13.707+0000] {manager.py:507} INFO - Created Permission View: can edit on DAG:example_branch_datetime_operator_2
[2024-07-05T20:00:13.840+0000] {logging_mixin.py:120} INFO - [2024-07-05T20:00:13.839+0000] {manager.py:507} INFO - Created Permission View: can delete on DAG:example_branch_datetime_operator
[2024-07-05T20:00:13.911+0000] {logging_mixin.py:120} INFO - [2024-07-05T20:00:13.910+0000] {manager.py:507} INFO - Created Permission View: can read on DAG:example_branch_datetime_operator
[2024-07-05T20:00:13.965+0000] {logging_mixin.py:120} INFO - [2024-07-05T20:00:13.964+0000] {manager.py:507} INFO - Created Permission View: can edit on DAG:example_branch_datetime_operator
[2024-07-05T20:00:14.109+0000] {logging_mixin.py:120} INFO - [2024-07-05T20:00:14.108+0000] {manager.py:507} INFO - Created Permission View: can delete on DAG:example_branch_datetime_operator_3
[2024-07-05T20:00:14.226+0000] {logging_mixin.py:120} INFO - [2024-07-05T20:00:14.225+0000] {manager.py:507} INFO - Created Permission View: can read on DAG:example_branch_datetime_operator_3
[2024-07-05T20:00:14.344+0000] {logging_mixin.py:120} INFO - [2024-07-05T20:00:14.344+0000] {manager.py:507} INFO - Created Permission View: can edit on DAG:example_branch_datetime_operator_3
[2024-07-05T20:00:14.347+0000] {logging_mixin.py:120} INFO - [2024-07-05T20:00:14.346+0000] {dag.py:2585} INFO - Sync 3 DAGs
[2024-07-05T20:00:14.511+0000] {logging_mixin.py:120} INFO - [2024-07-05T20:00:14.510+0000] {dag.py:2606} INFO - Creating ORM DAG for example_branch_datetime_operator_2
[2024-07-05T20:00:14.522+0000] {logging_mixin.py:120} INFO - [2024-07-05T20:00:14.521+0000] {dag.py:2606} INFO - Creating ORM DAG for example_branch_datetime_operator_3
[2024-07-05T20:00:14.528+0000] {logging_mixin.py:120} INFO - [2024-07-05T20:00:14.527+0000] {dag.py:2606} INFO - Creating ORM DAG for example_branch_datetime_operator
[2024-07-05T20:00:14.640+0000] {logging_mixin.py:120} INFO - [2024-07-05T20:00:14.636+0000] {dag.py:3340} INFO - Setting next_dagrun for example_branch_datetime_operator to 2024-07-04T00:00:00+00:00, run_after=2024-07-05T00:00:00+00:00
[2024-07-05T20:00:14.664+0000] {logging_mixin.py:120} INFO - [2024-07-05T20:00:14.663+0000] {dag.py:3340} INFO - Setting next_dagrun for example_branch_datetime_operator_2 to 2024-07-04T00:00:00+00:00, run_after=2024-07-05T00:00:00+00:00
[2024-07-05T20:00:14.682+0000] {logging_mixin.py:120} INFO - [2024-07-05T20:00:14.681+0000] {dag.py:3340} INFO - Setting next_dagrun for example_branch_datetime_operator_3 to 2024-07-04T00:00:00+00:00, run_after=2024-07-05T00:00:00+00:00
[2024-07-05T20:00:14.837+0000] {processor.py:176} INFO - Processing /home/airflow/.local/lib/python3.7/site-packages/airflow/example_dags/example_branch_datetime_operator.py took 2.805 seconds
[2024-07-05T20:03:21.854+0000] {processor.py:154} INFO - Started process (PID=136) to work on /home/airflow/.local/lib/python3.7/site-packages/airflow/example_dags/example_branch_datetime_operator.py
[2024-07-05T20:03:21.891+0000] {processor.py:756} INFO - Processing file /home/airflow/.local/lib/python3.7/site-packages/airflow/example_dags/example_branch_datetime_operator.py for tasks to queue
[2024-07-05T20:03:21.908+0000] {logging_mixin.py:120} INFO - [2024-07-05T20:03:21.908+0000] {dagbag.py:537} INFO - Filling up the DagBag from /home/airflow/.local/lib/python3.7/site-packages/airflow/example_dags/example_branch_datetime_operator.py
[2024-07-05T20:03:22.584+0000] {processor.py:766} INFO - DAG(s) dict_keys(['example_branch_datetime_operator_2', 'example_branch_datetime_operator', 'example_branch_datetime_operator_3']) retrieved from /home/airflow/.local/lib/python3.7/site-packages/airflow/example_dags/example_branch_datetime_operator.py
[2024-07-05T20:03:23.974+0000] {logging_mixin.py:120} INFO - [2024-07-05T20:03:23.969+0000] {dag.py:2585} INFO - Sync 3 DAGs
[2024-07-05T20:03:24.701+0000] {logging_mixin.py:120} INFO - [2024-07-05T20:03:24.699+0000] {dag.py:3340} INFO - Setting next_dagrun for example_branch_datetime_operator to 2024-07-04T00:00:00+00:00, run_after=2024-07-05T00:00:00+00:00
[2024-07-05T20:03:25.150+0000] {logging_mixin.py:120} INFO - [2024-07-05T20:03:25.149+0000] {dag.py:3340} INFO - Setting next_dagrun for example_branch_datetime_operator_2 to 2024-07-04T00:00:00+00:00, run_after=2024-07-05T00:00:00+00:00
[2024-07-05T20:03:25.243+0000] {logging_mixin.py:120} INFO - [2024-07-05T20:03:25.243+0000] {dag.py:3340} INFO - Setting next_dagrun for example_branch_datetime_operator_3 to 2024-07-04T00:00:00+00:00, run_after=2024-07-05T00:00:00+00:00
[2024-07-05T20:03:25.616+0000] {processor.py:176} INFO - Processing /home/airflow/.local/lib/python3.7/site-packages/airflow/example_dags/example_branch_datetime_operator.py took 3.852 seconds
[2024-07-05T20:05:25.880+0000] {processor.py:154} INFO - Started process (PID=192) to work on /home/airflow/.local/lib/python3.7/site-packages/airflow/example_dags/example_branch_datetime_operator.py
[2024-07-05T20:05:26.016+0000] {processor.py:756} INFO - Processing file /home/airflow/.local/lib/python3.7/site-packages/airflow/example_dags/example_branch_datetime_operator.py for tasks to queue
[2024-07-05T20:05:26.051+0000] {logging_mixin.py:120} INFO - [2024-07-05T20:05:26.050+0000] {dagbag.py:537} INFO - Filling up the DagBag from /home/airflow/.local/lib/python3.7/site-packages/airflow/example_dags/example_branch_datetime_operator.py
[2024-07-05T20:05:26.936+0000] {processor.py:766} INFO - DAG(s) dict_keys(['example_branch_datetime_operator_2', 'example_branch_datetime_operator', 'example_branch_datetime_operator_3']) retrieved from /home/airflow/.local/lib/python3.7/site-packages/airflow/example_dags/example_branch_datetime_operator.py
[2024-07-05T20:05:28.409+0000] {logging_mixin.py:120} INFO - [2024-07-05T20:05:28.396+0000] {dag.py:2585} INFO - Sync 3 DAGs
[2024-07-05T20:05:29.926+0000] {logging_mixin.py:120} INFO - [2024-07-05T20:05:29.864+0000] {dag.py:3340} INFO - Setting next_dagrun for example_branch_datetime_operator to 2024-07-04T00:00:00+00:00, run_after=2024-07-05T00:00:00+00:00
[2024-07-05T20:05:30.297+0000] {logging_mixin.py:120} INFO - [2024-07-05T20:05:30.284+0000] {dag.py:3340} INFO - Setting next_dagrun for example_branch_datetime_operator_2 to 2024-07-04T00:00:00+00:00, run_after=2024-07-05T00:00:00+00:00
[2024-07-05T20:05:30.538+0000] {logging_mixin.py:120} INFO - [2024-07-05T20:05:30.536+0000] {dag.py:3340} INFO - Setting next_dagrun for example_branch_datetime_operator_3 to 2024-07-04T00:00:00+00:00, run_after=2024-07-05T00:00:00+00:00
[2024-07-05T20:05:31.599+0000] {processor.py:176} INFO - Processing /home/airflow/.local/lib/python3.7/site-packages/airflow/example_dags/example_branch_datetime_operator.py took 5.882 seconds
[2024-07-05T20:07:53.939+0000] {processor.py:154} INFO - Started process (PID=246) to work on /home/airflow/.local/lib/python3.7/site-packages/airflow/example_dags/example_branch_datetime_operator.py
[2024-07-05T20:07:53.972+0000] {processor.py:756} INFO - Processing file /home/airflow/.local/lib/python3.7/site-packages/airflow/example_dags/example_branch_datetime_operator.py for tasks to queue
[2024-07-05T20:07:53.978+0000] {logging_mixin.py:120} INFO - [2024-07-05T20:07:53.977+0000] {dagbag.py:537} INFO - Filling up the DagBag from /home/airflow/.local/lib/python3.7/site-packages/airflow/example_dags/example_branch_datetime_operator.py
[2024-07-05T20:07:54.361+0000] {processor.py:766} INFO - DAG(s) dict_keys(['example_branch_datetime_operator_2', 'example_branch_datetime_operator_3', 'example_branch_datetime_operator']) retrieved from /home/airflow/.local/lib/python3.7/site-packages/airflow/example_dags/example_branch_datetime_operator.py
[2024-07-05T20:07:55.601+0000] {logging_mixin.py:120} INFO - [2024-07-05T20:07:55.600+0000] {dag.py:2585} INFO - Sync 3 DAGs
[2024-07-05T20:07:56.583+0000] {logging_mixin.py:120} INFO - [2024-07-05T20:07:56.582+0000] {dag.py:3340} INFO - Setting next_dagrun for example_branch_datetime_operator to 2024-07-04T00:00:00+00:00, run_after=2024-07-05T00:00:00+00:00
[2024-07-05T20:07:56.863+0000] {logging_mixin.py:120} INFO - [2024-07-05T20:07:56.858+0000] {dag.py:3340} INFO - Setting next_dagrun for example_branch_datetime_operator_2 to 2024-07-04T00:00:00+00:00, run_after=2024-07-05T00:00:00+00:00
[2024-07-05T20:07:57.000+0000] {logging_mixin.py:120} INFO - [2024-07-05T20:07:56.999+0000] {dag.py:3340} INFO - Setting next_dagrun for example_branch_datetime_operator_3 to 2024-07-04T00:00:00+00:00, run_after=2024-07-05T00:00:00+00:00
[2024-07-05T20:07:57.298+0000] {processor.py:176} INFO - Processing /home/airflow/.local/lib/python3.7/site-packages/airflow/example_dags/example_branch_datetime_operator.py took 3.449 seconds
[2024-07-05T20:09:53.861+0000] {processor.py:154} INFO - Started process (PID=302) to work on /home/airflow/.local/lib/python3.7/site-packages/airflow/example_dags/example_branch_datetime_operator.py
[2024-07-05T20:09:53.925+0000] {processor.py:756} INFO - Processing file /home/airflow/.local/lib/python3.7/site-packages/airflow/example_dags/example_branch_datetime_operator.py for tasks to queue
[2024-07-05T20:09:53.976+0000] {logging_mixin.py:120} INFO - [2024-07-05T20:09:53.975+0000] {dagbag.py:537} INFO - Filling up the DagBag from /home/airflow/.local/lib/python3.7/site-packages/airflow/example_dags/example_branch_datetime_operator.py
[2024-07-05T20:09:54.884+0000] {processor.py:766} INFO - DAG(s) dict_keys(['example_branch_datetime_operator_2', 'example_branch_datetime_operator', 'example_branch_datetime_operator_3']) retrieved from /home/airflow/.local/lib/python3.7/site-packages/airflow/example_dags/example_branch_datetime_operator.py
[2024-07-05T20:09:57.438+0000] {logging_mixin.py:120} INFO - [2024-07-05T20:09:57.436+0000] {dag.py:2585} INFO - Sync 3 DAGs
[2024-07-05T20:10:00.162+0000] {logging_mixin.py:120} INFO - [2024-07-05T20:10:00.161+0000] {dag.py:3340} INFO - Setting next_dagrun for example_branch_datetime_operator to 2024-07-04T00:00:00+00:00, run_after=2024-07-05T00:00:00+00:00
[2024-07-05T20:10:00.674+0000] {logging_mixin.py:120} INFO - [2024-07-05T20:10:00.673+0000] {dag.py:3340} INFO - Setting next_dagrun for example_branch_datetime_operator_2 to 2024-07-04T00:00:00+00:00, run_after=2024-07-05T00:00:00+00:00
[2024-07-05T20:10:01.085+0000] {logging_mixin.py:120} INFO - [2024-07-05T20:10:01.039+0000] {dag.py:3340} INFO - Setting next_dagrun for example_branch_datetime_operator_3 to 2024-07-04T00:00:00+00:00, run_after=2024-07-05T00:00:00+00:00
[2024-07-05T20:10:02.699+0000] {processor.py:176} INFO - Processing /home/airflow/.local/lib/python3.7/site-packages/airflow/example_dags/example_branch_datetime_operator.py took 8.997 seconds
