[2024-07-05T20:00:40.311+0000] {processor.py:154} INFO - Started process (PID=85) to work on /home/airflow/.local/lib/python3.7/site-packages/airflow/example_dags/example_trigger_target_dag.py
[2024-07-05T20:00:40.319+0000] {processor.py:756} INFO - Processing file /home/airflow/.local/lib/python3.7/site-packages/airflow/example_dags/example_trigger_target_dag.py for tasks to queue
[2024-07-05T20:00:40.324+0000] {logging_mixin.py:120} INFO - [2024-07-05T20:00:40.323+0000] {dagbag.py:537} INFO - Filling up the DagBag from /home/airflow/.local/lib/python3.7/site-packages/airflow/example_dags/example_trigger_target_dag.py
[2024-07-05T20:00:40.670+0000] {processor.py:766} INFO - DAG(s) dict_keys(['example_trigger_target_dag']) retrieved from /home/airflow/.local/lib/python3.7/site-packages/airflow/example_dags/example_trigger_target_dag.py
[2024-07-05T20:00:45.819+0000] {logging_mixin.py:120} INFO - [2024-07-05T20:00:45.818+0000] {manager.py:507} INFO - Created Permission View: can delete on DAG:example_trigger_target_dag
[2024-07-05T20:00:46.027+0000] {logging_mixin.py:120} INFO - [2024-07-05T20:00:46.025+0000] {manager.py:507} INFO - Created Permission View: can read on DAG:example_trigger_target_dag
[2024-07-05T20:00:46.177+0000] {logging_mixin.py:120} INFO - [2024-07-05T20:00:46.176+0000] {manager.py:507} INFO - Created Permission View: can edit on DAG:example_trigger_target_dag
[2024-07-05T20:00:46.189+0000] {logging_mixin.py:120} INFO - [2024-07-05T20:00:46.188+0000] {dag.py:2585} INFO - Sync 1 DAGs
[2024-07-05T20:00:46.597+0000] {logging_mixin.py:120} INFO - [2024-07-05T20:00:46.595+0000] {dag.py:2606} INFO - Creating ORM DAG for example_trigger_target_dag
[2024-07-05T20:00:47.393+0000] {logging_mixin.py:120} INFO - [2024-07-05T20:00:47.392+0000] {dag.py:3340} INFO - Setting next_dagrun for example_trigger_target_dag to None, run_after=None
[2024-07-05T20:00:48.289+0000] {processor.py:176} INFO - Processing /home/airflow/.local/lib/python3.7/site-packages/airflow/example_dags/example_trigger_target_dag.py took 8.081 seconds
[2024-07-05T20:04:15.375+0000] {processor.py:154} INFO - Started process (PID=162) to work on /home/airflow/.local/lib/python3.7/site-packages/airflow/example_dags/example_trigger_target_dag.py
[2024-07-05T20:04:15.385+0000] {processor.py:756} INFO - Processing file /home/airflow/.local/lib/python3.7/site-packages/airflow/example_dags/example_trigger_target_dag.py for tasks to queue
[2024-07-05T20:04:15.412+0000] {logging_mixin.py:120} INFO - [2024-07-05T20:04:15.392+0000] {dagbag.py:537} INFO - Filling up the DagBag from /home/airflow/.local/lib/python3.7/site-packages/airflow/example_dags/example_trigger_target_dag.py
[2024-07-05T20:04:15.977+0000] {processor.py:766} INFO - DAG(s) dict_keys(['example_trigger_target_dag']) retrieved from /home/airflow/.local/lib/python3.7/site-packages/airflow/example_dags/example_trigger_target_dag.py
[2024-07-05T20:04:17.239+0000] {logging_mixin.py:120} INFO - [2024-07-05T20:04:17.238+0000] {dag.py:2585} INFO - Sync 1 DAGs
[2024-07-05T20:04:18.702+0000] {logging_mixin.py:120} INFO - [2024-07-05T20:04:18.701+0000] {dag.py:3340} INFO - Setting next_dagrun for example_trigger_target_dag to None, run_after=None
[2024-07-05T20:04:19.756+0000] {processor.py:176} INFO - Processing /home/airflow/.local/lib/python3.7/site-packages/airflow/example_dags/example_trigger_target_dag.py took 4.449 seconds
[2024-07-05T20:08:29.967+0000] {processor.py:154} INFO - Started process (PID=265) to work on /home/airflow/.local/lib/python3.7/site-packages/airflow/example_dags/example_trigger_target_dag.py
[2024-07-05T20:08:29.988+0000] {processor.py:756} INFO - Processing file /home/airflow/.local/lib/python3.7/site-packages/airflow/example_dags/example_trigger_target_dag.py for tasks to queue
[2024-07-05T20:08:30.017+0000] {logging_mixin.py:120} INFO - [2024-07-05T20:08:30.006+0000] {dagbag.py:537} INFO - Filling up the DagBag from /home/airflow/.local/lib/python3.7/site-packages/airflow/example_dags/example_trigger_target_dag.py
[2024-07-05T20:08:30.596+0000] {processor.py:766} INFO - DAG(s) dict_keys(['example_trigger_target_dag']) retrieved from /home/airflow/.local/lib/python3.7/site-packages/airflow/example_dags/example_trigger_target_dag.py
[2024-07-05T20:08:31.780+0000] {logging_mixin.py:120} INFO - [2024-07-05T20:08:31.779+0000] {dag.py:2585} INFO - Sync 1 DAGs
[2024-07-05T20:08:33.115+0000] {logging_mixin.py:120} INFO - [2024-07-05T20:08:33.114+0000] {dag.py:3340} INFO - Setting next_dagrun for example_trigger_target_dag to None, run_after=None
[2024-07-05T20:08:34.346+0000] {processor.py:176} INFO - Processing /home/airflow/.local/lib/python3.7/site-packages/airflow/example_dags/example_trigger_target_dag.py took 4.454 seconds
