[2024-07-05T20:01:19.293+0000] {processor.py:154} INFO - Started process (PID=99) to work on /home/airflow/.local/lib/python3.7/site-packages/airflow/example_dags/example_time_delta_sensor_async.py
[2024-07-05T20:01:19.298+0000] {processor.py:756} INFO - Processing file /home/airflow/.local/lib/python3.7/site-packages/airflow/example_dags/example_time_delta_sensor_async.py for tasks to queue
[2024-07-05T20:01:19.308+0000] {logging_mixin.py:120} INFO - [2024-07-05T20:01:19.307+0000] {dagbag.py:537} INFO - Filling up the DagBag from /home/airflow/.local/lib/python3.7/site-packages/airflow/example_dags/example_time_delta_sensor_async.py
[2024-07-05T20:01:19.528+0000] {processor.py:766} INFO - DAG(s) dict_keys(['example_time_delta_sensor_async']) retrieved from /home/airflow/.local/lib/python3.7/site-packages/airflow/example_dags/example_time_delta_sensor_async.py
[2024-07-05T20:01:43.948+0000] {logging_mixin.py:120} INFO - [2024-07-05T20:01:43.947+0000] {manager.py:507} INFO - Created Permission View: can delete on DAG:example_time_delta_sensor_async
[2024-07-05T20:01:44.828+0000] {logging_mixin.py:120} INFO - [2024-07-05T20:01:44.827+0000] {manager.py:507} INFO - Created Permission View: can read on DAG:example_time_delta_sensor_async
[2024-07-05T20:01:46.018+0000] {logging_mixin.py:120} INFO - [2024-07-05T20:01:46.017+0000] {manager.py:507} INFO - Created Permission View: can edit on DAG:example_time_delta_sensor_async
[2024-07-05T20:01:46.120+0000] {logging_mixin.py:120} INFO - [2024-07-05T20:01:46.119+0000] {dag.py:2585} INFO - Sync 1 DAGs
[2024-07-05T20:01:47.649+0000] {logging_mixin.py:120} INFO - [2024-07-05T20:01:47.649+0000] {dag.py:2606} INFO - Creating ORM DAG for example_time_delta_sensor_async
[2024-07-05T20:01:48.699+0000] {logging_mixin.py:120} INFO - [2024-07-05T20:01:48.698+0000] {dag.py:3340} INFO - Setting next_dagrun for example_time_delta_sensor_async to None, run_after=None
[2024-07-05T20:01:50.002+0000] {processor.py:176} INFO - Processing /home/airflow/.local/lib/python3.7/site-packages/airflow/example_dags/example_time_delta_sensor_async.py took 30.809 seconds
[2024-07-05T20:06:20.526+0000] {processor.py:154} INFO - Started process (PID=210) to work on /home/airflow/.local/lib/python3.7/site-packages/airflow/example_dags/example_time_delta_sensor_async.py
[2024-07-05T20:06:20.559+0000] {processor.py:756} INFO - Processing file /home/airflow/.local/lib/python3.7/site-packages/airflow/example_dags/example_time_delta_sensor_async.py for tasks to queue
[2024-07-05T20:06:20.575+0000] {logging_mixin.py:120} INFO - [2024-07-05T20:06:20.574+0000] {dagbag.py:537} INFO - Filling up the DagBag from /home/airflow/.local/lib/python3.7/site-packages/airflow/example_dags/example_time_delta_sensor_async.py
[2024-07-05T20:06:22.624+0000] {processor.py:766} INFO - DAG(s) dict_keys(['example_time_delta_sensor_async']) retrieved from /home/airflow/.local/lib/python3.7/site-packages/airflow/example_dags/example_time_delta_sensor_async.py
[2024-07-05T20:06:57.433+0000] {logging_mixin.py:120} INFO - [2024-07-05T20:06:57.403+0000] {dag.py:2585} INFO - Sync 1 DAGs
[2024-07-05T20:07:00.336+0000] {logging_mixin.py:120} INFO - [2024-07-05T20:07:00.335+0000] {dag.py:3340} INFO - Setting next_dagrun for example_time_delta_sensor_async to None, run_after=None
[2024-07-05T20:07:02.043+0000] {processor.py:176} INFO - Processing /home/airflow/.local/lib/python3.7/site-packages/airflow/example_dags/example_time_delta_sensor_async.py took 41.758 seconds
[2024-07-05T20:11:05.412+0000] {processor.py:154} INFO - Started process (PID=317) to work on /home/airflow/.local/lib/python3.7/site-packages/airflow/example_dags/example_time_delta_sensor_async.py
[2024-07-05T20:11:05.475+0000] {processor.py:756} INFO - Processing file /home/airflow/.local/lib/python3.7/site-packages/airflow/example_dags/example_time_delta_sensor_async.py for tasks to queue
[2024-07-05T20:11:05.527+0000] {logging_mixin.py:120} INFO - [2024-07-05T20:11:05.526+0000] {dagbag.py:537} INFO - Filling up the DagBag from /home/airflow/.local/lib/python3.7/site-packages/airflow/example_dags/example_time_delta_sensor_async.py
[2024-07-05T20:11:07.190+0000] {processor.py:766} INFO - DAG(s) dict_keys(['example_time_delta_sensor_async']) retrieved from /home/airflow/.local/lib/python3.7/site-packages/airflow/example_dags/example_time_delta_sensor_async.py
[2024-07-05T20:11:20.473+0000] {logging_mixin.py:120} INFO - [2024-07-05T20:11:20.462+0000] {dag.py:2585} INFO - Sync 1 DAGs
[2024-07-05T20:11:21.815+0000] {logging_mixin.py:120} INFO - [2024-07-05T20:11:21.814+0000] {dag.py:3340} INFO - Setting next_dagrun for example_time_delta_sensor_async to None, run_after=None
[2024-07-05T20:11:22.511+0000] {processor.py:176} INFO - Processing /home/airflow/.local/lib/python3.7/site-packages/airflow/example_dags/example_time_delta_sensor_async.py took 17.417 seconds
