[2024-07-05T20:00:53.005+0000] {processor.py:154} INFO - Started process (PID=88) to work on /home/airflow/.local/lib/python3.7/site-packages/airflow/example_dags/example_skip_dag.py
[2024-07-05T20:00:53.101+0000] {processor.py:756} INFO - Processing file /home/airflow/.local/lib/python3.7/site-packages/airflow/example_dags/example_skip_dag.py for tasks to queue
[2024-07-05T20:00:53.133+0000] {logging_mixin.py:120} INFO - [2024-07-05T20:00:53.132+0000] {dagbag.py:537} INFO - Filling up the DagBag from /home/airflow/.local/lib/python3.7/site-packages/airflow/example_dags/example_skip_dag.py
[2024-07-05T20:00:53.789+0000] {processor.py:766} INFO - DAG(s) dict_keys(['example_skip_dag']) retrieved from /home/airflow/.local/lib/python3.7/site-packages/airflow/example_dags/example_skip_dag.py
[2024-07-05T20:01:01.442+0000] {logging_mixin.py:120} INFO - [2024-07-05T20:01:01.441+0000] {manager.py:507} INFO - Created Permission View: can delete on DAG:example_skip_dag
[2024-07-05T20:01:01.589+0000] {logging_mixin.py:120} INFO - [2024-07-05T20:01:01.588+0000] {manager.py:507} INFO - Created Permission View: can read on DAG:example_skip_dag
[2024-07-05T20:01:01.692+0000] {logging_mixin.py:120} INFO - [2024-07-05T20:01:01.691+0000] {manager.py:507} INFO - Created Permission View: can edit on DAG:example_skip_dag
[2024-07-05T20:01:01.695+0000] {logging_mixin.py:120} INFO - [2024-07-05T20:01:01.694+0000] {dag.py:2585} INFO - Sync 1 DAGs
[2024-07-05T20:01:02.132+0000] {logging_mixin.py:120} INFO - [2024-07-05T20:01:02.131+0000] {dag.py:2606} INFO - Creating ORM DAG for example_skip_dag
[2024-07-05T20:01:02.787+0000] {logging_mixin.py:120} INFO - [2024-07-05T20:01:02.786+0000] {dag.py:3340} INFO - Setting next_dagrun for example_skip_dag to 2024-07-04T20:01:02.756147+00:00, run_after=2024-07-05T20:01:02.756147+00:00
[2024-07-05T20:01:03.809+0000] {processor.py:176} INFO - Processing /home/airflow/.local/lib/python3.7/site-packages/airflow/example_dags/example_skip_dag.py took 11.062 seconds
[2024-07-05T20:04:21.283+0000] {processor.py:154} INFO - Started process (PID=165) to work on /home/airflow/.local/lib/python3.7/site-packages/airflow/example_dags/example_skip_dag.py
[2024-07-05T20:04:21.293+0000] {processor.py:756} INFO - Processing file /home/airflow/.local/lib/python3.7/site-packages/airflow/example_dags/example_skip_dag.py for tasks to queue
[2024-07-05T20:04:21.299+0000] {logging_mixin.py:120} INFO - [2024-07-05T20:04:21.298+0000] {dagbag.py:537} INFO - Filling up the DagBag from /home/airflow/.local/lib/python3.7/site-packages/airflow/example_dags/example_skip_dag.py
[2024-07-05T20:04:21.747+0000] {processor.py:766} INFO - DAG(s) dict_keys(['example_skip_dag']) retrieved from /home/airflow/.local/lib/python3.7/site-packages/airflow/example_dags/example_skip_dag.py
[2024-07-05T20:04:22.680+0000] {logging_mixin.py:120} INFO - [2024-07-05T20:04:22.679+0000] {dag.py:2585} INFO - Sync 1 DAGs
[2024-07-05T20:04:23.768+0000] {logging_mixin.py:120} INFO - [2024-07-05T20:04:23.766+0000] {dag.py:3340} INFO - Setting next_dagrun for example_skip_dag to 2024-07-04T20:04:23.753362+00:00, run_after=2024-07-05T20:04:23.753362+00:00
[2024-07-05T20:04:24.100+0000] {processor.py:176} INFO - Processing /home/airflow/.local/lib/python3.7/site-packages/airflow/example_dags/example_skip_dag.py took 2.841 seconds
[2024-07-05T20:08:43.505+0000] {processor.py:154} INFO - Started process (PID=274) to work on /home/airflow/.local/lib/python3.7/site-packages/airflow/example_dags/example_skip_dag.py
[2024-07-05T20:08:43.581+0000] {processor.py:756} INFO - Processing file /home/airflow/.local/lib/python3.7/site-packages/airflow/example_dags/example_skip_dag.py for tasks to queue
[2024-07-05T20:08:43.616+0000] {logging_mixin.py:120} INFO - [2024-07-05T20:08:43.616+0000] {dagbag.py:537} INFO - Filling up the DagBag from /home/airflow/.local/lib/python3.7/site-packages/airflow/example_dags/example_skip_dag.py
[2024-07-05T20:08:45.090+0000] {processor.py:766} INFO - DAG(s) dict_keys(['example_skip_dag']) retrieved from /home/airflow/.local/lib/python3.7/site-packages/airflow/example_dags/example_skip_dag.py
[2024-07-05T20:08:47.941+0000] {logging_mixin.py:120} INFO - [2024-07-05T20:08:47.940+0000] {dag.py:2585} INFO - Sync 1 DAGs
[2024-07-05T20:08:49.844+0000] {logging_mixin.py:120} INFO - [2024-07-05T20:08:49.815+0000] {dag.py:3340} INFO - Setting next_dagrun for example_skip_dag to 2024-07-04T20:08:49.801143+00:00, run_after=2024-07-05T20:08:49.801143+00:00
[2024-07-05T20:08:51.799+0000] {processor.py:176} INFO - Processing /home/airflow/.local/lib/python3.7/site-packages/airflow/example_dags/example_skip_dag.py took 8.546 seconds
