[2024-07-05T20:01:03.130+0000] {processor.py:154} INFO - Started process (PID=89) to work on /home/airflow/.local/lib/python3.7/site-packages/airflow/example_dags/example_complex.py
[2024-07-05T20:01:03.145+0000] {processor.py:756} INFO - Processing file /home/airflow/.local/lib/python3.7/site-packages/airflow/example_dags/example_complex.py for tasks to queue
[2024-07-05T20:01:03.200+0000] {logging_mixin.py:120} INFO - [2024-07-05T20:01:03.199+0000] {dagbag.py:537} INFO - Filling up the DagBag from /home/airflow/.local/lib/python3.7/site-packages/airflow/example_dags/example_complex.py
[2024-07-05T20:01:04.066+0000] {logging_mixin.py:120} INFO - [2024-07-05T20:01:04.065+0000] {taskmixin.py:205} WARNING - Dependency <Task(BashOperator): create_entry_group>, delete_entry_group already registered for DAG: example_complex
[2024-07-05T20:01:04.069+0000] {logging_mixin.py:120} INFO - [2024-07-05T20:01:04.068+0000] {taskmixin.py:205} WARNING - Dependency <Task(BashOperator): delete_entry_group>, create_entry_group already registered for DAG: example_complex
[2024-07-05T20:01:04.073+0000] {logging_mixin.py:120} INFO - [2024-07-05T20:01:04.072+0000] {taskmixin.py:205} WARNING - Dependency <Task(BashOperator): create_entry_gcs>, delete_entry already registered for DAG: example_complex
[2024-07-05T20:01:04.075+0000] {logging_mixin.py:120} INFO - [2024-07-05T20:01:04.075+0000] {taskmixin.py:205} WARNING - Dependency <Task(BashOperator): delete_entry>, create_entry_gcs already registered for DAG: example_complex
[2024-07-05T20:01:04.090+0000] {logging_mixin.py:120} INFO - [2024-07-05T20:01:04.089+0000] {taskmixin.py:205} WARNING - Dependency <Task(BashOperator): create_tag>, delete_tag already registered for DAG: example_complex
[2024-07-05T20:01:04.094+0000] {logging_mixin.py:120} INFO - [2024-07-05T20:01:04.092+0000] {taskmixin.py:205} WARNING - Dependency <Task(BashOperator): delete_tag>, create_tag already registered for DAG: example_complex
[2024-07-05T20:01:04.416+0000] {processor.py:766} INFO - DAG(s) dict_keys(['example_complex']) retrieved from /home/airflow/.local/lib/python3.7/site-packages/airflow/example_dags/example_complex.py
[2024-07-05T20:01:11.125+0000] {logging_mixin.py:120} INFO - [2024-07-05T20:01:11.124+0000] {manager.py:507} INFO - Created Permission View: can delete on DAG:example_complex
[2024-07-05T20:01:11.370+0000] {logging_mixin.py:120} INFO - [2024-07-05T20:01:11.368+0000] {manager.py:507} INFO - Created Permission View: can read on DAG:example_complex
[2024-07-05T20:01:11.543+0000] {logging_mixin.py:120} INFO - [2024-07-05T20:01:11.542+0000] {manager.py:507} INFO - Created Permission View: can edit on DAG:example_complex
[2024-07-05T20:01:11.560+0000] {logging_mixin.py:120} INFO - [2024-07-05T20:01:11.560+0000] {dag.py:2585} INFO - Sync 1 DAGs
[2024-07-05T20:01:11.719+0000] {logging_mixin.py:120} INFO - [2024-07-05T20:01:11.719+0000] {dag.py:2606} INFO - Creating ORM DAG for example_complex
[2024-07-05T20:01:11.917+0000] {logging_mixin.py:120} INFO - [2024-07-05T20:01:11.917+0000] {dag.py:3340} INFO - Setting next_dagrun for example_complex to None, run_after=None
[2024-07-05T20:01:12.418+0000] {processor.py:176} INFO - Processing /home/airflow/.local/lib/python3.7/site-packages/airflow/example_dags/example_complex.py took 9.581 seconds
[2024-07-05T20:06:00.884+0000] {processor.py:154} INFO - Started process (PID=206) to work on /home/airflow/.local/lib/python3.7/site-packages/airflow/example_dags/example_complex.py
[2024-07-05T20:06:00.963+0000] {processor.py:756} INFO - Processing file /home/airflow/.local/lib/python3.7/site-packages/airflow/example_dags/example_complex.py for tasks to queue
[2024-07-05T20:06:01.012+0000] {logging_mixin.py:120} INFO - [2024-07-05T20:06:01.010+0000] {dagbag.py:537} INFO - Filling up the DagBag from /home/airflow/.local/lib/python3.7/site-packages/airflow/example_dags/example_complex.py
[2024-07-05T20:06:01.971+0000] {logging_mixin.py:120} INFO - [2024-07-05T20:06:01.955+0000] {taskmixin.py:205} WARNING - Dependency <Task(BashOperator): create_entry_group>, delete_entry_group already registered for DAG: example_complex
[2024-07-05T20:06:02.019+0000] {logging_mixin.py:120} INFO - [2024-07-05T20:06:02.016+0000] {taskmixin.py:205} WARNING - Dependency <Task(BashOperator): delete_entry_group>, create_entry_group already registered for DAG: example_complex
[2024-07-05T20:06:02.084+0000] {logging_mixin.py:120} INFO - [2024-07-05T20:06:02.082+0000] {taskmixin.py:205} WARNING - Dependency <Task(BashOperator): create_entry_gcs>, delete_entry already registered for DAG: example_complex
[2024-07-05T20:06:02.154+0000] {logging_mixin.py:120} INFO - [2024-07-05T20:06:02.153+0000] {taskmixin.py:205} WARNING - Dependency <Task(BashOperator): delete_entry>, create_entry_gcs already registered for DAG: example_complex
[2024-07-05T20:06:02.200+0000] {logging_mixin.py:120} INFO - [2024-07-05T20:06:02.199+0000] {taskmixin.py:205} WARNING - Dependency <Task(BashOperator): create_tag>, delete_tag already registered for DAG: example_complex
[2024-07-05T20:06:02.232+0000] {logging_mixin.py:120} INFO - [2024-07-05T20:06:02.231+0000] {taskmixin.py:205} WARNING - Dependency <Task(BashOperator): delete_tag>, create_tag already registered for DAG: example_complex
[2024-07-05T20:06:03.062+0000] {processor.py:766} INFO - DAG(s) dict_keys(['example_complex']) retrieved from /home/airflow/.local/lib/python3.7/site-packages/airflow/example_dags/example_complex.py
[2024-07-05T20:06:07.135+0000] {logging_mixin.py:120} INFO - [2024-07-05T20:06:07.134+0000] {dag.py:2585} INFO - Sync 1 DAGs
[2024-07-05T20:06:09.373+0000] {logging_mixin.py:120} INFO - [2024-07-05T20:06:09.372+0000] {dag.py:3340} INFO - Setting next_dagrun for example_complex to None, run_after=None
[2024-07-05T20:06:10.492+0000] {processor.py:176} INFO - Processing /home/airflow/.local/lib/python3.7/site-packages/airflow/example_dags/example_complex.py took 9.737 seconds
[2024-07-05T20:10:28.860+0000] {processor.py:154} INFO - Started process (PID=313) to work on /home/airflow/.local/lib/python3.7/site-packages/airflow/example_dags/example_complex.py
[2024-07-05T20:10:29.360+0000] {processor.py:756} INFO - Processing file /home/airflow/.local/lib/python3.7/site-packages/airflow/example_dags/example_complex.py for tasks to queue
[2024-07-05T20:10:29.558+0000] {logging_mixin.py:120} INFO - [2024-07-05T20:10:29.494+0000] {dagbag.py:537} INFO - Filling up the DagBag from /home/airflow/.local/lib/python3.7/site-packages/airflow/example_dags/example_complex.py
[2024-07-05T20:10:30.956+0000] {logging_mixin.py:120} INFO - [2024-07-05T20:10:30.956+0000] {taskmixin.py:205} WARNING - Dependency <Task(BashOperator): create_entry_group>, delete_entry_group already registered for DAG: example_complex
[2024-07-05T20:10:30.989+0000] {logging_mixin.py:120} INFO - [2024-07-05T20:10:30.988+0000] {taskmixin.py:205} WARNING - Dependency <Task(BashOperator): delete_entry_group>, create_entry_group already registered for DAG: example_complex
[2024-07-05T20:10:31.040+0000] {logging_mixin.py:120} INFO - [2024-07-05T20:10:31.039+0000] {taskmixin.py:205} WARNING - Dependency <Task(BashOperator): create_entry_gcs>, delete_entry already registered for DAG: example_complex
[2024-07-05T20:10:31.074+0000] {logging_mixin.py:120} INFO - [2024-07-05T20:10:31.073+0000] {taskmixin.py:205} WARNING - Dependency <Task(BashOperator): delete_entry>, create_entry_gcs already registered for DAG: example_complex
[2024-07-05T20:10:31.168+0000] {logging_mixin.py:120} INFO - [2024-07-05T20:10:31.168+0000] {taskmixin.py:205} WARNING - Dependency <Task(BashOperator): create_tag>, delete_tag already registered for DAG: example_complex
[2024-07-05T20:10:31.183+0000] {logging_mixin.py:120} INFO - [2024-07-05T20:10:31.182+0000] {taskmixin.py:205} WARNING - Dependency <Task(BashOperator): delete_tag>, create_tag already registered for DAG: example_complex
[2024-07-05T20:10:31.998+0000] {processor.py:766} INFO - DAG(s) dict_keys(['example_complex']) retrieved from /home/airflow/.local/lib/python3.7/site-packages/airflow/example_dags/example_complex.py
[2024-07-05T20:10:39.151+0000] {logging_mixin.py:120} INFO - [2024-07-05T20:10:39.150+0000] {dag.py:2585} INFO - Sync 1 DAGs
[2024-07-05T20:10:41.703+0000] {logging_mixin.py:120} INFO - [2024-07-05T20:10:41.570+0000] {dag.py:3340} INFO - Setting next_dagrun for example_complex to None, run_after=None
[2024-07-05T20:10:43.225+0000] {processor.py:176} INFO - Processing /home/airflow/.local/lib/python3.7/site-packages/airflow/example_dags/example_complex.py took 14.926 seconds
