[2024-07-05T20:00:15.071+0000] {processor.py:154} INFO - Started process (PID=68) to work on /home/airflow/.local/lib/python3.7/site-packages/airflow/example_dags/example_short_circuit_operator.py
[2024-07-05T20:00:15.079+0000] {processor.py:756} INFO - Processing file /home/airflow/.local/lib/python3.7/site-packages/airflow/example_dags/example_short_circuit_operator.py for tasks to queue
[2024-07-05T20:00:15.085+0000] {logging_mixin.py:120} INFO - [2024-07-05T20:00:15.084+0000] {dagbag.py:537} INFO - Filling up the DagBag from /home/airflow/.local/lib/python3.7/site-packages/airflow/example_dags/example_short_circuit_operator.py
[2024-07-05T20:00:15.301+0000] {processor.py:766} INFO - DAG(s) dict_keys(['example_short_circuit_operator']) retrieved from /home/airflow/.local/lib/python3.7/site-packages/airflow/example_dags/example_short_circuit_operator.py
[2024-07-05T20:00:18.136+0000] {logging_mixin.py:120} INFO - [2024-07-05T20:00:18.135+0000] {manager.py:507} INFO - Created Permission View: can delete on DAG:example_short_circuit_operator
[2024-07-05T20:00:18.324+0000] {logging_mixin.py:120} INFO - [2024-07-05T20:00:18.323+0000] {manager.py:507} INFO - Created Permission View: can read on DAG:example_short_circuit_operator
[2024-07-05T20:00:18.492+0000] {logging_mixin.py:120} INFO - [2024-07-05T20:00:18.491+0000] {manager.py:507} INFO - Created Permission View: can edit on DAG:example_short_circuit_operator
[2024-07-05T20:00:18.499+0000] {logging_mixin.py:120} INFO - [2024-07-05T20:00:18.498+0000] {dag.py:2585} INFO - Sync 1 DAGs
[2024-07-05T20:00:18.836+0000] {logging_mixin.py:120} INFO - [2024-07-05T20:00:18.835+0000] {dag.py:2606} INFO - Creating ORM DAG for example_short_circuit_operator
[2024-07-05T20:00:18.981+0000] {logging_mixin.py:120} INFO - [2024-07-05T20:00:18.980+0000] {dag.py:3340} INFO - Setting next_dagrun for example_short_circuit_operator to 2024-07-04T20:00:18.975346+00:00, run_after=2024-07-05T20:00:18.975346+00:00
[2024-07-05T20:00:19.165+0000] {processor.py:176} INFO - Processing /home/airflow/.local/lib/python3.7/site-packages/airflow/example_dags/example_short_circuit_operator.py took 4.120 seconds
[2024-07-05T20:03:30.402+0000] {processor.py:154} INFO - Started process (PID=138) to work on /home/airflow/.local/lib/python3.7/site-packages/airflow/example_dags/example_short_circuit_operator.py
[2024-07-05T20:03:30.415+0000] {processor.py:756} INFO - Processing file /home/airflow/.local/lib/python3.7/site-packages/airflow/example_dags/example_short_circuit_operator.py for tasks to queue
[2024-07-05T20:03:30.422+0000] {logging_mixin.py:120} INFO - [2024-07-05T20:03:30.421+0000] {dagbag.py:537} INFO - Filling up the DagBag from /home/airflow/.local/lib/python3.7/site-packages/airflow/example_dags/example_short_circuit_operator.py
[2024-07-05T20:03:30.925+0000] {processor.py:766} INFO - DAG(s) dict_keys(['example_short_circuit_operator']) retrieved from /home/airflow/.local/lib/python3.7/site-packages/airflow/example_dags/example_short_circuit_operator.py
[2024-07-05T20:03:32.157+0000] {logging_mixin.py:120} INFO - [2024-07-05T20:03:32.156+0000] {dag.py:2585} INFO - Sync 1 DAGs
[2024-07-05T20:03:32.938+0000] {logging_mixin.py:120} INFO - [2024-07-05T20:03:32.937+0000] {dag.py:3340} INFO - Setting next_dagrun for example_short_circuit_operator to 2024-07-04T20:03:32.914957+00:00, run_after=2024-07-05T20:03:32.914957+00:00
[2024-07-05T20:03:33.722+0000] {processor.py:176} INFO - Processing /home/airflow/.local/lib/python3.7/site-packages/airflow/example_dags/example_short_circuit_operator.py took 3.401 seconds
[2024-07-05T20:05:40.209+0000] {processor.py:154} INFO - Started process (PID=194) to work on /home/airflow/.local/lib/python3.7/site-packages/airflow/example_dags/example_short_circuit_operator.py
[2024-07-05T20:05:40.383+0000] {processor.py:756} INFO - Processing file /home/airflow/.local/lib/python3.7/site-packages/airflow/example_dags/example_short_circuit_operator.py for tasks to queue
[2024-07-05T20:05:40.418+0000] {logging_mixin.py:120} INFO - [2024-07-05T20:05:40.417+0000] {dagbag.py:537} INFO - Filling up the DagBag from /home/airflow/.local/lib/python3.7/site-packages/airflow/example_dags/example_short_circuit_operator.py
[2024-07-05T20:05:41.548+0000] {processor.py:766} INFO - DAG(s) dict_keys(['example_short_circuit_operator']) retrieved from /home/airflow/.local/lib/python3.7/site-packages/airflow/example_dags/example_short_circuit_operator.py
[2024-07-05T20:05:44.048+0000] {logging_mixin.py:120} INFO - [2024-07-05T20:05:44.047+0000] {dag.py:2585} INFO - Sync 1 DAGs
[2024-07-05T20:05:45.994+0000] {logging_mixin.py:120} INFO - [2024-07-05T20:05:45.993+0000] {dag.py:3340} INFO - Setting next_dagrun for example_short_circuit_operator to 2024-07-04T20:05:45.947847+00:00, run_after=2024-07-05T20:05:45.947847+00:00
[2024-07-05T20:05:47.360+0000] {processor.py:176} INFO - Processing /home/airflow/.local/lib/python3.7/site-packages/airflow/example_dags/example_short_circuit_operator.py took 7.376 seconds
[2024-07-05T20:08:02.666+0000] {processor.py:154} INFO - Started process (PID=248) to work on /home/airflow/.local/lib/python3.7/site-packages/airflow/example_dags/example_short_circuit_operator.py
[2024-07-05T20:08:02.788+0000] {processor.py:756} INFO - Processing file /home/airflow/.local/lib/python3.7/site-packages/airflow/example_dags/example_short_circuit_operator.py for tasks to queue
[2024-07-05T20:08:02.829+0000] {logging_mixin.py:120} INFO - [2024-07-05T20:08:02.829+0000] {dagbag.py:537} INFO - Filling up the DagBag from /home/airflow/.local/lib/python3.7/site-packages/airflow/example_dags/example_short_circuit_operator.py
[2024-07-05T20:08:03.668+0000] {processor.py:766} INFO - DAG(s) dict_keys(['example_short_circuit_operator']) retrieved from /home/airflow/.local/lib/python3.7/site-packages/airflow/example_dags/example_short_circuit_operator.py
[2024-07-05T20:08:07.835+0000] {logging_mixin.py:120} INFO - [2024-07-05T20:08:07.805+0000] {dag.py:2585} INFO - Sync 1 DAGs
[2024-07-05T20:08:09.068+0000] {logging_mixin.py:120} INFO - [2024-07-05T20:08:09.061+0000] {dag.py:3340} INFO - Setting next_dagrun for example_short_circuit_operator to 2024-07-04T20:08:09.057848+00:00, run_after=2024-07-05T20:08:09.057848+00:00
[2024-07-05T20:08:09.494+0000] {processor.py:176} INFO - Processing /home/airflow/.local/lib/python3.7/site-packages/airflow/example_dags/example_short_circuit_operator.py took 6.979 seconds
[2024-07-05T20:10:13.508+0000] {processor.py:154} INFO - Started process (PID=304) to work on /home/airflow/.local/lib/python3.7/site-packages/airflow/example_dags/example_short_circuit_operator.py
[2024-07-05T20:10:13.527+0000] {processor.py:756} INFO - Processing file /home/airflow/.local/lib/python3.7/site-packages/airflow/example_dags/example_short_circuit_operator.py for tasks to queue
[2024-07-05T20:10:13.590+0000] {logging_mixin.py:120} INFO - [2024-07-05T20:10:13.576+0000] {dagbag.py:537} INFO - Filling up the DagBag from /home/airflow/.local/lib/python3.7/site-packages/airflow/example_dags/example_short_circuit_operator.py
[2024-07-05T20:10:15.162+0000] {processor.py:766} INFO - DAG(s) dict_keys(['example_short_circuit_operator']) retrieved from /home/airflow/.local/lib/python3.7/site-packages/airflow/example_dags/example_short_circuit_operator.py
[2024-07-05T20:10:19.472+0000] {logging_mixin.py:120} INFO - [2024-07-05T20:10:19.471+0000] {dag.py:2585} INFO - Sync 1 DAGs
[2024-07-05T20:10:22.485+0000] {logging_mixin.py:120} INFO - [2024-07-05T20:10:22.483+0000] {dag.py:3340} INFO - Setting next_dagrun for example_short_circuit_operator to 2024-07-04T20:10:22.402305+00:00, run_after=2024-07-05T20:10:22.402305+00:00
[2024-07-05T20:10:25.127+0000] {processor.py:176} INFO - Processing /home/airflow/.local/lib/python3.7/site-packages/airflow/example_dags/example_short_circuit_operator.py took 12.017 seconds
