[2024-07-05T20:00:05.228+0000] {processor.py:154} INFO - Started process (PID=55) to work on /home/airflow/.local/lib/python3.7/site-packages/airflow/example_dags/example_branch_operator_decorator.py
[2024-07-05T20:00:05.254+0000] {processor.py:756} INFO - Processing file /home/airflow/.local/lib/python3.7/site-packages/airflow/example_dags/example_branch_operator_decorator.py for tasks to queue
[2024-07-05T20:00:05.263+0000] {logging_mixin.py:120} INFO - [2024-07-05T20:00:05.262+0000] {dagbag.py:537} INFO - Filling up the DagBag from /home/airflow/.local/lib/python3.7/site-packages/airflow/example_dags/example_branch_operator_decorator.py
[2024-07-05T20:00:05.490+0000] {processor.py:766} INFO - DAG(s) dict_keys(['example_branch_python_operator_decorator']) retrieved from /home/airflow/.local/lib/python3.7/site-packages/airflow/example_dags/example_branch_operator_decorator.py
[2024-07-05T20:00:07.813+0000] {logging_mixin.py:120} INFO - [2024-07-05T20:00:07.812+0000] {manager.py:507} INFO - Created Permission View: can delete on DAG:example_branch_python_operator_decorator
[2024-07-05T20:00:08.354+0000] {logging_mixin.py:120} INFO - [2024-07-05T20:00:08.352+0000] {manager.py:507} INFO - Created Permission View: can read on DAG:example_branch_python_operator_decorator
[2024-07-05T20:00:08.653+0000] {logging_mixin.py:120} INFO - [2024-07-05T20:00:08.645+0000] {manager.py:507} INFO - Created Permission View: can edit on DAG:example_branch_python_operator_decorator
[2024-07-05T20:00:08.662+0000] {logging_mixin.py:120} INFO - [2024-07-05T20:00:08.661+0000] {dag.py:2585} INFO - Sync 1 DAGs
[2024-07-05T20:00:08.807+0000] {logging_mixin.py:120} INFO - [2024-07-05T20:00:08.806+0000] {dag.py:2606} INFO - Creating ORM DAG for example_branch_python_operator_decorator
[2024-07-05T20:00:08.909+0000] {logging_mixin.py:120} INFO - [2024-07-05T20:00:08.908+0000] {dag.py:3340} INFO - Setting next_dagrun for example_branch_python_operator_decorator to 2024-07-04T00:00:00+00:00, run_after=2024-07-05T00:00:00+00:00
[2024-07-05T20:00:09.054+0000] {processor.py:176} INFO - Processing /home/airflow/.local/lib/python3.7/site-packages/airflow/example_dags/example_branch_operator_decorator.py took 3.882 seconds
[2024-07-05T20:02:42.594+0000] {processor.py:154} INFO - Started process (PID=125) to work on /home/airflow/.local/lib/python3.7/site-packages/airflow/example_dags/example_branch_operator_decorator.py
[2024-07-05T20:02:42.671+0000] {processor.py:756} INFO - Processing file /home/airflow/.local/lib/python3.7/site-packages/airflow/example_dags/example_branch_operator_decorator.py for tasks to queue
[2024-07-05T20:02:42.769+0000] {logging_mixin.py:120} INFO - [2024-07-05T20:02:42.768+0000] {dagbag.py:537} INFO - Filling up the DagBag from /home/airflow/.local/lib/python3.7/site-packages/airflow/example_dags/example_branch_operator_decorator.py
[2024-07-05T20:02:48.467+0000] {processor.py:766} INFO - DAG(s) dict_keys(['example_branch_python_operator_decorator']) retrieved from /home/airflow/.local/lib/python3.7/site-packages/airflow/example_dags/example_branch_operator_decorator.py
[2024-07-05T20:03:01.998+0000] {logging_mixin.py:120} INFO - [2024-07-05T20:03:01.996+0000] {dag.py:2585} INFO - Sync 1 DAGs
[2024-07-05T20:03:05.412+0000] {logging_mixin.py:120} INFO - [2024-07-05T20:03:05.411+0000] {dag.py:3340} INFO - Setting next_dagrun for example_branch_python_operator_decorator to 2024-07-04T00:00:00+00:00, run_after=2024-07-05T00:00:00+00:00
[2024-07-05T20:03:07.163+0000] {processor.py:176} INFO - Processing /home/airflow/.local/lib/python3.7/site-packages/airflow/example_dags/example_branch_operator_decorator.py took 24.836 seconds
[2024-07-05T20:04:55.696+0000] {processor.py:154} INFO - Started process (PID=181) to work on /home/airflow/.local/lib/python3.7/site-packages/airflow/example_dags/example_branch_operator_decorator.py
[2024-07-05T20:04:55.744+0000] {processor.py:756} INFO - Processing file /home/airflow/.local/lib/python3.7/site-packages/airflow/example_dags/example_branch_operator_decorator.py for tasks to queue
[2024-07-05T20:04:55.791+0000] {logging_mixin.py:120} INFO - [2024-07-05T20:04:55.790+0000] {dagbag.py:537} INFO - Filling up the DagBag from /home/airflow/.local/lib/python3.7/site-packages/airflow/example_dags/example_branch_operator_decorator.py
[2024-07-05T20:04:58.835+0000] {processor.py:766} INFO - DAG(s) dict_keys(['example_branch_python_operator_decorator']) retrieved from /home/airflow/.local/lib/python3.7/site-packages/airflow/example_dags/example_branch_operator_decorator.py
[2024-07-05T20:05:07.239+0000] {logging_mixin.py:120} INFO - [2024-07-05T20:05:07.238+0000] {dag.py:2585} INFO - Sync 1 DAGs
[2024-07-05T20:05:11.868+0000] {logging_mixin.py:120} INFO - [2024-07-05T20:05:11.867+0000] {dag.py:3340} INFO - Setting next_dagrun for example_branch_python_operator_decorator to 2024-07-04T00:00:00+00:00, run_after=2024-07-05T00:00:00+00:00
[2024-07-05T20:05:13.137+0000] {processor.py:176} INFO - Processing /home/airflow/.local/lib/python3.7/site-packages/airflow/example_dags/example_branch_operator_decorator.py took 17.693 seconds
[2024-07-05T20:07:37.040+0000] {processor.py:154} INFO - Started process (PID=242) to work on /home/airflow/.local/lib/python3.7/site-packages/airflow/example_dags/example_branch_operator_decorator.py
[2024-07-05T20:07:37.118+0000] {processor.py:756} INFO - Processing file /home/airflow/.local/lib/python3.7/site-packages/airflow/example_dags/example_branch_operator_decorator.py for tasks to queue
[2024-07-05T20:07:37.150+0000] {logging_mixin.py:120} INFO - [2024-07-05T20:07:37.122+0000] {dagbag.py:537} INFO - Filling up the DagBag from /home/airflow/.local/lib/python3.7/site-packages/airflow/example_dags/example_branch_operator_decorator.py
[2024-07-05T20:07:39.255+0000] {processor.py:766} INFO - DAG(s) dict_keys(['example_branch_python_operator_decorator']) retrieved from /home/airflow/.local/lib/python3.7/site-packages/airflow/example_dags/example_branch_operator_decorator.py
[2024-07-05T20:07:42.191+0000] {logging_mixin.py:120} INFO - [2024-07-05T20:07:42.191+0000] {dag.py:2585} INFO - Sync 1 DAGs
[2024-07-05T20:07:43.367+0000] {logging_mixin.py:120} INFO - [2024-07-05T20:07:43.366+0000] {dag.py:3340} INFO - Setting next_dagrun for example_branch_python_operator_decorator to 2024-07-04T00:00:00+00:00, run_after=2024-07-05T00:00:00+00:00
[2024-07-05T20:07:44.263+0000] {processor.py:176} INFO - Processing /home/airflow/.local/lib/python3.7/site-packages/airflow/example_dags/example_branch_operator_decorator.py took 7.307 seconds
[2024-07-05T20:09:27.623+0000] {processor.py:154} INFO - Started process (PID=291) to work on /home/airflow/.local/lib/python3.7/site-packages/airflow/example_dags/example_branch_operator_decorator.py
[2024-07-05T20:09:27.685+0000] {processor.py:756} INFO - Processing file /home/airflow/.local/lib/python3.7/site-packages/airflow/example_dags/example_branch_operator_decorator.py for tasks to queue
[2024-07-05T20:09:27.705+0000] {logging_mixin.py:120} INFO - [2024-07-05T20:09:27.704+0000] {dagbag.py:537} INFO - Filling up the DagBag from /home/airflow/.local/lib/python3.7/site-packages/airflow/example_dags/example_branch_operator_decorator.py
[2024-07-05T20:09:29.683+0000] {processor.py:766} INFO - DAG(s) dict_keys(['example_branch_python_operator_decorator']) retrieved from /home/airflow/.local/lib/python3.7/site-packages/airflow/example_dags/example_branch_operator_decorator.py
[2024-07-05T20:09:32.400+0000] {logging_mixin.py:120} INFO - [2024-07-05T20:09:32.399+0000] {dag.py:2585} INFO - Sync 1 DAGs
[2024-07-05T20:09:35.550+0000] {logging_mixin.py:120} INFO - [2024-07-05T20:09:35.549+0000] {dag.py:3340} INFO - Setting next_dagrun for example_branch_python_operator_decorator to 2024-07-04T00:00:00+00:00, run_after=2024-07-05T00:00:00+00:00
[2024-07-05T20:09:37.173+0000] {processor.py:176} INFO - Processing /home/airflow/.local/lib/python3.7/site-packages/airflow/example_dags/example_branch_operator_decorator.py took 9.708 seconds
