[2024-07-05T20:00:23.512+0000] {processor.py:154} INFO - Started process (PID=72) to work on /home/airflow/.local/lib/python3.7/site-packages/airflow/example_dags/example_python_operator.py
[2024-07-05T20:00:23.530+0000] {processor.py:756} INFO - Processing file /home/airflow/.local/lib/python3.7/site-packages/airflow/example_dags/example_python_operator.py for tasks to queue
[2024-07-05T20:00:23.546+0000] {logging_mixin.py:120} INFO - [2024-07-05T20:00:23.545+0000] {dagbag.py:537} INFO - Filling up the DagBag from /home/airflow/.local/lib/python3.7/site-packages/airflow/example_dags/example_python_operator.py
[2024-07-05T20:00:23.983+0000] {logging_mixin.py:120} INFO - [2024-07-05T20:00:23.971+0000] {taskmixin.py:205} WARNING - Dependency <Task(_PythonDecoratedOperator): print_the_context>, log_sql_query already registered for DAG: example_python_operator
[2024-07-05T20:00:23.986+0000] {logging_mixin.py:120} INFO - [2024-07-05T20:00:23.985+0000] {taskmixin.py:205} WARNING - Dependency <Task(_PythonDecoratedOperator): log_sql_query>, print_the_context already registered for DAG: example_python_operator
[2024-07-05T20:00:24.023+0000] {logging_mixin.py:120} INFO - [2024-07-05T20:00:24.021+0000] {taskmixin.py:205} WARNING - Dependency <Task(_PythonDecoratedOperator): print_the_context>, log_sql_query already registered for DAG: example_python_operator
[2024-07-05T20:00:24.039+0000] {logging_mixin.py:120} INFO - [2024-07-05T20:00:24.038+0000] {taskmixin.py:205} WARNING - Dependency <Task(_PythonDecoratedOperator): log_sql_query>, print_the_context already registered for DAG: example_python_operator
[2024-07-05T20:00:24.060+0000] {logging_mixin.py:120} INFO - [2024-07-05T20:00:24.059+0000] {taskmixin.py:205} WARNING - Dependency <Task(_PythonDecoratedOperator): print_the_context>, log_sql_query already registered for DAG: example_python_operator
[2024-07-05T20:00:24.094+0000] {logging_mixin.py:120} INFO - [2024-07-05T20:00:24.069+0000] {taskmixin.py:205} WARNING - Dependency <Task(_PythonDecoratedOperator): log_sql_query>, print_the_context already registered for DAG: example_python_operator
[2024-07-05T20:00:24.127+0000] {logging_mixin.py:120} INFO - [2024-07-05T20:00:24.126+0000] {taskmixin.py:205} WARNING - Dependency <Task(_PythonDecoratedOperator): print_the_context>, log_sql_query already registered for DAG: example_python_operator
[2024-07-05T20:00:24.132+0000] {logging_mixin.py:120} INFO - [2024-07-05T20:00:24.131+0000] {taskmixin.py:205} WARNING - Dependency <Task(_PythonDecoratedOperator): log_sql_query>, print_the_context already registered for DAG: example_python_operator
[2024-07-05T20:00:24.309+0000] {processor.py:766} INFO - DAG(s) dict_keys(['example_python_operator']) retrieved from /home/airflow/.local/lib/python3.7/site-packages/airflow/example_dags/example_python_operator.py
[2024-07-05T20:00:26.610+0000] {logging_mixin.py:120} INFO - [2024-07-05T20:00:26.609+0000] {manager.py:507} INFO - Created Permission View: can delete on DAG:example_python_operator
[2024-07-05T20:00:26.792+0000] {logging_mixin.py:120} INFO - [2024-07-05T20:00:26.792+0000] {manager.py:507} INFO - Created Permission View: can read on DAG:example_python_operator
[2024-07-05T20:00:26.920+0000] {logging_mixin.py:120} INFO - [2024-07-05T20:00:26.919+0000] {manager.py:507} INFO - Created Permission View: can edit on DAG:example_python_operator
[2024-07-05T20:00:26.934+0000] {logging_mixin.py:120} INFO - [2024-07-05T20:00:26.933+0000] {dag.py:2585} INFO - Sync 1 DAGs
[2024-07-05T20:00:27.652+0000] {logging_mixin.py:120} INFO - [2024-07-05T20:00:27.651+0000] {dag.py:2606} INFO - Creating ORM DAG for example_python_operator
[2024-07-05T20:00:27.996+0000] {logging_mixin.py:120} INFO - [2024-07-05T20:00:27.995+0000] {dag.py:3340} INFO - Setting next_dagrun for example_python_operator to None, run_after=None
[2024-07-05T20:00:28.250+0000] {processor.py:176} INFO - Processing /home/airflow/.local/lib/python3.7/site-packages/airflow/example_dags/example_python_operator.py took 4.782 seconds
[2024-07-05T20:03:41.016+0000] {processor.py:154} INFO - Started process (PID=149) to work on /home/airflow/.local/lib/python3.7/site-packages/airflow/example_dags/example_python_operator.py
[2024-07-05T20:03:41.029+0000] {processor.py:756} INFO - Processing file /home/airflow/.local/lib/python3.7/site-packages/airflow/example_dags/example_python_operator.py for tasks to queue
[2024-07-05T20:03:41.066+0000] {logging_mixin.py:120} INFO - [2024-07-05T20:03:41.054+0000] {dagbag.py:537} INFO - Filling up the DagBag from /home/airflow/.local/lib/python3.7/site-packages/airflow/example_dags/example_python_operator.py
[2024-07-05T20:03:41.685+0000] {logging_mixin.py:120} INFO - [2024-07-05T20:03:41.649+0000] {taskmixin.py:205} WARNING - Dependency <Task(_PythonDecoratedOperator): print_the_context>, log_sql_query already registered for DAG: example_python_operator
[2024-07-05T20:03:41.688+0000] {logging_mixin.py:120} INFO - [2024-07-05T20:03:41.687+0000] {taskmixin.py:205} WARNING - Dependency <Task(_PythonDecoratedOperator): log_sql_query>, print_the_context already registered for DAG: example_python_operator
[2024-07-05T20:03:41.711+0000] {logging_mixin.py:120} INFO - [2024-07-05T20:03:41.710+0000] {taskmixin.py:205} WARNING - Dependency <Task(_PythonDecoratedOperator): print_the_context>, log_sql_query already registered for DAG: example_python_operator
[2024-07-05T20:03:41.724+0000] {logging_mixin.py:120} INFO - [2024-07-05T20:03:41.723+0000] {taskmixin.py:205} WARNING - Dependency <Task(_PythonDecoratedOperator): log_sql_query>, print_the_context already registered for DAG: example_python_operator
[2024-07-05T20:03:41.754+0000] {logging_mixin.py:120} INFO - [2024-07-05T20:03:41.747+0000] {taskmixin.py:205} WARNING - Dependency <Task(_PythonDecoratedOperator): print_the_context>, log_sql_query already registered for DAG: example_python_operator
[2024-07-05T20:03:41.760+0000] {logging_mixin.py:120} INFO - [2024-07-05T20:03:41.759+0000] {taskmixin.py:205} WARNING - Dependency <Task(_PythonDecoratedOperator): log_sql_query>, print_the_context already registered for DAG: example_python_operator
[2024-07-05T20:03:41.838+0000] {logging_mixin.py:120} INFO - [2024-07-05T20:03:41.837+0000] {taskmixin.py:205} WARNING - Dependency <Task(_PythonDecoratedOperator): print_the_context>, log_sql_query already registered for DAG: example_python_operator
[2024-07-05T20:03:41.841+0000] {logging_mixin.py:120} INFO - [2024-07-05T20:03:41.840+0000] {taskmixin.py:205} WARNING - Dependency <Task(_PythonDecoratedOperator): log_sql_query>, print_the_context already registered for DAG: example_python_operator
[2024-07-05T20:03:42.205+0000] {processor.py:766} INFO - DAG(s) dict_keys(['example_python_operator']) retrieved from /home/airflow/.local/lib/python3.7/site-packages/airflow/example_dags/example_python_operator.py
[2024-07-05T20:03:45.776+0000] {logging_mixin.py:120} INFO - [2024-07-05T20:03:45.774+0000] {dag.py:2585} INFO - Sync 1 DAGs
[2024-07-05T20:03:48.137+0000] {logging_mixin.py:120} INFO - [2024-07-05T20:03:48.110+0000] {dag.py:3340} INFO - Setting next_dagrun for example_python_operator to None, run_after=None
[2024-07-05T20:03:49.110+0000] {processor.py:176} INFO - Processing /home/airflow/.local/lib/python3.7/site-packages/airflow/example_dags/example_python_operator.py took 8.258 seconds
[2024-07-05T20:05:52.289+0000] {processor.py:154} INFO - Started process (PID=205) to work on /home/airflow/.local/lib/python3.7/site-packages/airflow/example_dags/example_python_operator.py
[2024-07-05T20:05:52.338+0000] {processor.py:756} INFO - Processing file /home/airflow/.local/lib/python3.7/site-packages/airflow/example_dags/example_python_operator.py for tasks to queue
[2024-07-05T20:05:52.371+0000] {logging_mixin.py:120} INFO - [2024-07-05T20:05:52.370+0000] {dagbag.py:537} INFO - Filling up the DagBag from /home/airflow/.local/lib/python3.7/site-packages/airflow/example_dags/example_python_operator.py
[2024-07-05T20:05:53.854+0000] {logging_mixin.py:120} INFO - [2024-07-05T20:05:53.853+0000] {taskmixin.py:205} WARNING - Dependency <Task(_PythonDecoratedOperator): print_the_context>, log_sql_query already registered for DAG: example_python_operator
[2024-07-05T20:05:53.885+0000] {logging_mixin.py:120} INFO - [2024-07-05T20:05:53.884+0000] {taskmixin.py:205} WARNING - Dependency <Task(_PythonDecoratedOperator): log_sql_query>, print_the_context already registered for DAG: example_python_operator
[2024-07-05T20:05:53.949+0000] {logging_mixin.py:120} INFO - [2024-07-05T20:05:53.948+0000] {taskmixin.py:205} WARNING - Dependency <Task(_PythonDecoratedOperator): print_the_context>, log_sql_query already registered for DAG: example_python_operator
[2024-07-05T20:05:53.981+0000] {logging_mixin.py:120} INFO - [2024-07-05T20:05:53.980+0000] {taskmixin.py:205} WARNING - Dependency <Task(_PythonDecoratedOperator): log_sql_query>, print_the_context already registered for DAG: example_python_operator
[2024-07-05T20:05:54.079+0000] {logging_mixin.py:120} INFO - [2024-07-05T20:05:54.079+0000] {taskmixin.py:205} WARNING - Dependency <Task(_PythonDecoratedOperator): print_the_context>, log_sql_query already registered for DAG: example_python_operator
[2024-07-05T20:05:54.143+0000] {logging_mixin.py:120} INFO - [2024-07-05T20:05:54.143+0000] {taskmixin.py:205} WARNING - Dependency <Task(_PythonDecoratedOperator): log_sql_query>, print_the_context already registered for DAG: example_python_operator
[2024-07-05T20:05:54.225+0000] {logging_mixin.py:120} INFO - [2024-07-05T20:05:54.224+0000] {taskmixin.py:205} WARNING - Dependency <Task(_PythonDecoratedOperator): print_the_context>, log_sql_query already registered for DAG: example_python_operator
[2024-07-05T20:05:54.257+0000] {logging_mixin.py:120} INFO - [2024-07-05T20:05:54.256+0000] {taskmixin.py:205} WARNING - Dependency <Task(_PythonDecoratedOperator): log_sql_query>, print_the_context already registered for DAG: example_python_operator
[2024-07-05T20:05:54.708+0000] {processor.py:766} INFO - DAG(s) dict_keys(['example_python_operator']) retrieved from /home/airflow/.local/lib/python3.7/site-packages/airflow/example_dags/example_python_operator.py
[2024-07-05T20:05:57.424+0000] {logging_mixin.py:120} INFO - [2024-07-05T20:05:57.423+0000] {dag.py:2585} INFO - Sync 1 DAGs
[2024-07-05T20:05:59.389+0000] {logging_mixin.py:120} INFO - [2024-07-05T20:05:59.388+0000] {dag.py:3340} INFO - Setting next_dagrun for example_python_operator to None, run_after=None
[2024-07-05T20:06:00.557+0000] {processor.py:176} INFO - Processing /home/airflow/.local/lib/python3.7/site-packages/airflow/example_dags/example_python_operator.py took 8.968 seconds
[2024-07-05T20:08:14.116+0000] {processor.py:154} INFO - Started process (PID=259) to work on /home/airflow/.local/lib/python3.7/site-packages/airflow/example_dags/example_python_operator.py
[2024-07-05T20:08:14.128+0000] {processor.py:756} INFO - Processing file /home/airflow/.local/lib/python3.7/site-packages/airflow/example_dags/example_python_operator.py for tasks to queue
[2024-07-05T20:08:14.142+0000] {logging_mixin.py:120} INFO - [2024-07-05T20:08:14.141+0000] {dagbag.py:537} INFO - Filling up the DagBag from /home/airflow/.local/lib/python3.7/site-packages/airflow/example_dags/example_python_operator.py
[2024-07-05T20:08:14.457+0000] {logging_mixin.py:120} INFO - [2024-07-05T20:08:14.456+0000] {taskmixin.py:205} WARNING - Dependency <Task(_PythonDecoratedOperator): print_the_context>, log_sql_query already registered for DAG: example_python_operator
[2024-07-05T20:08:14.463+0000] {logging_mixin.py:120} INFO - [2024-07-05T20:08:14.462+0000] {taskmixin.py:205} WARNING - Dependency <Task(_PythonDecoratedOperator): log_sql_query>, print_the_context already registered for DAG: example_python_operator
[2024-07-05T20:08:14.470+0000] {logging_mixin.py:120} INFO - [2024-07-05T20:08:14.469+0000] {taskmixin.py:205} WARNING - Dependency <Task(_PythonDecoratedOperator): print_the_context>, log_sql_query already registered for DAG: example_python_operator
[2024-07-05T20:08:14.480+0000] {logging_mixin.py:120} INFO - [2024-07-05T20:08:14.479+0000] {taskmixin.py:205} WARNING - Dependency <Task(_PythonDecoratedOperator): log_sql_query>, print_the_context already registered for DAG: example_python_operator
[2024-07-05T20:08:14.494+0000] {logging_mixin.py:120} INFO - [2024-07-05T20:08:14.493+0000] {taskmixin.py:205} WARNING - Dependency <Task(_PythonDecoratedOperator): print_the_context>, log_sql_query already registered for DAG: example_python_operator
[2024-07-05T20:08:14.509+0000] {logging_mixin.py:120} INFO - [2024-07-05T20:08:14.509+0000] {taskmixin.py:205} WARNING - Dependency <Task(_PythonDecoratedOperator): log_sql_query>, print_the_context already registered for DAG: example_python_operator
[2024-07-05T20:08:14.520+0000] {logging_mixin.py:120} INFO - [2024-07-05T20:08:14.519+0000] {taskmixin.py:205} WARNING - Dependency <Task(_PythonDecoratedOperator): print_the_context>, log_sql_query already registered for DAG: example_python_operator
[2024-07-05T20:08:14.528+0000] {logging_mixin.py:120} INFO - [2024-07-05T20:08:14.527+0000] {taskmixin.py:205} WARNING - Dependency <Task(_PythonDecoratedOperator): log_sql_query>, print_the_context already registered for DAG: example_python_operator
[2024-07-05T20:08:14.669+0000] {processor.py:766} INFO - DAG(s) dict_keys(['example_python_operator']) retrieved from /home/airflow/.local/lib/python3.7/site-packages/airflow/example_dags/example_python_operator.py
[2024-07-05T20:08:15.310+0000] {logging_mixin.py:120} INFO - [2024-07-05T20:08:15.309+0000] {dag.py:2585} INFO - Sync 1 DAGs
[2024-07-05T20:08:15.691+0000] {logging_mixin.py:120} INFO - [2024-07-05T20:08:15.690+0000] {dag.py:3340} INFO - Setting next_dagrun for example_python_operator to None, run_after=None
[2024-07-05T20:08:15.962+0000] {processor.py:176} INFO - Processing /home/airflow/.local/lib/python3.7/site-packages/airflow/example_dags/example_python_operator.py took 1.911 seconds
