[2024-07-05T20:00:02.689+0000] {processor.py:154} INFO - Started process (PID=54) to work on /home/airflow/.local/lib/python3.7/site-packages/airflow/example_dags/example_branch_python_dop_operator_3.py
[2024-07-05T20:00:02.708+0000] {processor.py:756} INFO - Processing file /home/airflow/.local/lib/python3.7/site-packages/airflow/example_dags/example_branch_python_dop_operator_3.py for tasks to queue
[2024-07-05T20:00:02.789+0000] {logging_mixin.py:120} INFO - [2024-07-05T20:00:02.788+0000] {dagbag.py:537} INFO - Filling up the DagBag from /home/airflow/.local/lib/python3.7/site-packages/airflow/example_dags/example_branch_python_dop_operator_3.py
[2024-07-05T20:00:03.230+0000] {processor.py:766} INFO - DAG(s) dict_keys(['example_branch_dop_operator_v3']) retrieved from /home/airflow/.local/lib/python3.7/site-packages/airflow/example_dags/example_branch_python_dop_operator_3.py
[2024-07-05T20:00:04.741+0000] {logging_mixin.py:120} INFO - [2024-07-05T20:00:04.740+0000] {manager.py:507} INFO - Created Permission View: can delete on DAG:example_branch_dop_operator_v3
[2024-07-05T20:00:04.883+0000] {logging_mixin.py:120} INFO - [2024-07-05T20:00:04.883+0000] {manager.py:507} INFO - Created Permission View: can read on DAG:example_branch_dop_operator_v3
[2024-07-05T20:00:04.964+0000] {logging_mixin.py:120} INFO - [2024-07-05T20:00:04.963+0000] {manager.py:507} INFO - Created Permission View: can edit on DAG:example_branch_dop_operator_v3
[2024-07-05T20:00:04.973+0000] {logging_mixin.py:120} INFO - [2024-07-05T20:00:04.969+0000] {dag.py:2585} INFO - Sync 1 DAGs
[2024-07-05T20:00:05.109+0000] {logging_mixin.py:120} INFO - [2024-07-05T20:00:05.108+0000] {dag.py:2606} INFO - Creating ORM DAG for example_branch_dop_operator_v3
[2024-07-05T20:00:05.272+0000] {logging_mixin.py:120} INFO - [2024-07-05T20:00:05.271+0000] {dag.py:3340} INFO - Setting next_dagrun for example_branch_dop_operator_v3 to 2024-07-05T19:59:00+00:00, run_after=2024-07-05T20:00:00+00:00
[2024-07-05T20:00:05.533+0000] {processor.py:176} INFO - Processing /home/airflow/.local/lib/python3.7/site-packages/airflow/example_dags/example_branch_python_dop_operator_3.py took 2.864 seconds
[2024-07-05T20:02:36.504+0000] {processor.py:154} INFO - Started process (PID=124) to work on /home/airflow/.local/lib/python3.7/site-packages/airflow/example_dags/example_branch_python_dop_operator_3.py
[2024-07-05T20:02:36.623+0000] {processor.py:756} INFO - Processing file /home/airflow/.local/lib/python3.7/site-packages/airflow/example_dags/example_branch_python_dop_operator_3.py for tasks to queue
[2024-07-05T20:02:36.672+0000] {logging_mixin.py:120} INFO - [2024-07-05T20:02:36.657+0000] {dagbag.py:537} INFO - Filling up the DagBag from /home/airflow/.local/lib/python3.7/site-packages/airflow/example_dags/example_branch_python_dop_operator_3.py
[2024-07-05T20:02:39.228+0000] {processor.py:766} INFO - DAG(s) dict_keys(['example_branch_dop_operator_v3']) retrieved from /home/airflow/.local/lib/python3.7/site-packages/airflow/example_dags/example_branch_python_dop_operator_3.py
[2024-07-05T20:02:47.337+0000] {logging_mixin.py:120} INFO - [2024-07-05T20:02:47.336+0000] {dag.py:2585} INFO - Sync 1 DAGs
[2024-07-05T20:02:52.346+0000] {logging_mixin.py:120} INFO - [2024-07-05T20:02:52.344+0000] {dag.py:3340} INFO - Setting next_dagrun for example_branch_dop_operator_v3 to 2024-07-05T20:01:00+00:00, run_after=2024-07-05T20:02:00+00:00
[2024-07-05T20:02:57.622+0000] {processor.py:176} INFO - Processing /home/airflow/.local/lib/python3.7/site-packages/airflow/example_dags/example_branch_python_dop_operator_3.py took 21.721 seconds
[2024-07-05T20:04:45.712+0000] {processor.py:154} INFO - Started process (PID=180) to work on /home/airflow/.local/lib/python3.7/site-packages/airflow/example_dags/example_branch_python_dop_operator_3.py
[2024-07-05T20:04:45.781+0000] {processor.py:756} INFO - Processing file /home/airflow/.local/lib/python3.7/site-packages/airflow/example_dags/example_branch_python_dop_operator_3.py for tasks to queue
[2024-07-05T20:04:45.878+0000] {logging_mixin.py:120} INFO - [2024-07-05T20:04:45.877+0000] {dagbag.py:537} INFO - Filling up the DagBag from /home/airflow/.local/lib/python3.7/site-packages/airflow/example_dags/example_branch_python_dop_operator_3.py
[2024-07-05T20:04:47.152+0000] {processor.py:766} INFO - DAG(s) dict_keys(['example_branch_dop_operator_v3']) retrieved from /home/airflow/.local/lib/python3.7/site-packages/airflow/example_dags/example_branch_python_dop_operator_3.py
[2024-07-05T20:04:51.484+0000] {logging_mixin.py:120} INFO - [2024-07-05T20:04:51.483+0000] {dag.py:2585} INFO - Sync 1 DAGs
[2024-07-05T20:04:55.171+0000] {logging_mixin.py:120} INFO - [2024-07-05T20:04:55.170+0000] {dag.py:3340} INFO - Setting next_dagrun for example_branch_dop_operator_v3 to 2024-07-05T20:03:00+00:00, run_after=2024-07-05T20:04:00+00:00
[2024-07-05T20:04:56.549+0000] {processor.py:176} INFO - Processing /home/airflow/.local/lib/python3.7/site-packages/airflow/example_dags/example_branch_python_dop_operator_3.py took 11.012 seconds
[2024-07-05T20:07:32.719+0000] {processor.py:154} INFO - Started process (PID=234) to work on /home/airflow/.local/lib/python3.7/site-packages/airflow/example_dags/example_branch_python_dop_operator_3.py
[2024-07-05T20:07:32.782+0000] {processor.py:756} INFO - Processing file /home/airflow/.local/lib/python3.7/site-packages/airflow/example_dags/example_branch_python_dop_operator_3.py for tasks to queue
[2024-07-05T20:07:32.828+0000] {logging_mixin.py:120} INFO - [2024-07-05T20:07:32.816+0000] {dagbag.py:537} INFO - Filling up the DagBag from /home/airflow/.local/lib/python3.7/site-packages/airflow/example_dags/example_branch_python_dop_operator_3.py
[2024-07-05T20:07:35.019+0000] {processor.py:766} INFO - DAG(s) dict_keys(['example_branch_dop_operator_v3']) retrieved from /home/airflow/.local/lib/python3.7/site-packages/airflow/example_dags/example_branch_python_dop_operator_3.py
[2024-07-05T20:07:38.004+0000] {logging_mixin.py:120} INFO - [2024-07-05T20:07:38.003+0000] {dag.py:2585} INFO - Sync 1 DAGs
[2024-07-05T20:07:40.344+0000] {logging_mixin.py:120} INFO - [2024-07-05T20:07:40.343+0000] {dag.py:3340} INFO - Setting next_dagrun for example_branch_dop_operator_v3 to 2024-07-05T20:06:00+00:00, run_after=2024-07-05T20:07:00+00:00
[2024-07-05T20:07:41.599+0000] {processor.py:176} INFO - Processing /home/airflow/.local/lib/python3.7/site-packages/airflow/example_dags/example_branch_python_dop_operator_3.py took 9.014 seconds
[2024-07-05T20:09:25.618+0000] {processor.py:154} INFO - Started process (PID=290) to work on /home/airflow/.local/lib/python3.7/site-packages/airflow/example_dags/example_branch_python_dop_operator_3.py
[2024-07-05T20:09:25.695+0000] {processor.py:756} INFO - Processing file /home/airflow/.local/lib/python3.7/site-packages/airflow/example_dags/example_branch_python_dop_operator_3.py for tasks to queue
[2024-07-05T20:09:25.759+0000] {logging_mixin.py:120} INFO - [2024-07-05T20:09:25.758+0000] {dagbag.py:537} INFO - Filling up the DagBag from /home/airflow/.local/lib/python3.7/site-packages/airflow/example_dags/example_branch_python_dop_operator_3.py
[2024-07-05T20:09:27.737+0000] {processor.py:766} INFO - DAG(s) dict_keys(['example_branch_dop_operator_v3']) retrieved from /home/airflow/.local/lib/python3.7/site-packages/airflow/example_dags/example_branch_python_dop_operator_3.py
[2024-07-05T20:09:30.373+0000] {logging_mixin.py:120} INFO - [2024-07-05T20:09:30.372+0000] {dag.py:2585} INFO - Sync 1 DAGs
[2024-07-05T20:09:32.965+0000] {logging_mixin.py:120} INFO - [2024-07-05T20:09:32.964+0000] {dag.py:3340} INFO - Setting next_dagrun for example_branch_dop_operator_v3 to 2024-07-05T20:08:00+00:00, run_after=2024-07-05T20:09:00+00:00
[2024-07-05T20:09:34.882+0000] {processor.py:176} INFO - Processing /home/airflow/.local/lib/python3.7/site-packages/airflow/example_dags/example_branch_python_dop_operator_3.py took 9.412 seconds
