[2024-07-05T19:59:49.791+0000] {processor.py:154} INFO - Started process (PID=48) to work on /home/airflow/.local/lib/python3.7/site-packages/airflow/example_dags/example_local_kubernetes_executor.py
[2024-07-05T19:59:49.844+0000] {processor.py:756} INFO - Processing file /home/airflow/.local/lib/python3.7/site-packages/airflow/example_dags/example_local_kubernetes_executor.py for tasks to queue
[2024-07-05T19:59:49.853+0000] {logging_mixin.py:120} INFO - [2024-07-05T19:59:49.852+0000] {dagbag.py:537} INFO - Filling up the DagBag from /home/airflow/.local/lib/python3.7/site-packages/airflow/example_dags/example_local_kubernetes_executor.py
[2024-07-05T19:59:51.099+0000] {processor.py:766} INFO - DAG(s) dict_keys(['example_local_kubernetes_executor']) retrieved from /home/airflow/.local/lib/python3.7/site-packages/airflow/example_dags/example_local_kubernetes_executor.py
[2024-07-05T19:59:53.863+0000] {logging_mixin.py:120} INFO - [2024-07-05T19:59:53.862+0000] {manager.py:507} INFO - Created Permission View: can delete on DAG:example_local_kubernetes_executor
[2024-07-05T19:59:54.057+0000] {logging_mixin.py:120} INFO - [2024-07-05T19:59:54.056+0000] {manager.py:507} INFO - Created Permission View: can read on DAG:example_local_kubernetes_executor
[2024-07-05T19:59:54.133+0000] {logging_mixin.py:120} INFO - [2024-07-05T19:59:54.132+0000] {manager.py:507} INFO - Created Permission View: can edit on DAG:example_local_kubernetes_executor
[2024-07-05T19:59:54.145+0000] {logging_mixin.py:120} INFO - [2024-07-05T19:59:54.144+0000] {dag.py:2585} INFO - Sync 1 DAGs
[2024-07-05T19:59:54.461+0000] {logging_mixin.py:120} INFO - [2024-07-05T19:59:54.460+0000] {dag.py:2606} INFO - Creating ORM DAG for example_local_kubernetes_executor
[2024-07-05T19:59:54.615+0000] {logging_mixin.py:120} INFO - [2024-07-05T19:59:54.613+0000] {dag.py:3340} INFO - Setting next_dagrun for example_local_kubernetes_executor to None, run_after=None
[2024-07-05T19:59:54.858+0000] {processor.py:176} INFO - Processing /home/airflow/.local/lib/python3.7/site-packages/airflow/example_dags/example_local_kubernetes_executor.py took 5.217 seconds
[2024-07-05T20:01:50.989+0000] {processor.py:154} INFO - Started process (PID=111) to work on /home/airflow/.local/lib/python3.7/site-packages/airflow/example_dags/example_local_kubernetes_executor.py
[2024-07-05T20:01:51.036+0000] {processor.py:756} INFO - Processing file /home/airflow/.local/lib/python3.7/site-packages/airflow/example_dags/example_local_kubernetes_executor.py for tasks to queue
[2024-07-05T20:01:51.053+0000] {logging_mixin.py:120} INFO - [2024-07-05T20:01:51.052+0000] {dagbag.py:537} INFO - Filling up the DagBag from /home/airflow/.local/lib/python3.7/site-packages/airflow/example_dags/example_local_kubernetes_executor.py
[2024-07-05T20:01:54.725+0000] {processor.py:766} INFO - DAG(s) dict_keys(['example_local_kubernetes_executor']) retrieved from /home/airflow/.local/lib/python3.7/site-packages/airflow/example_dags/example_local_kubernetes_executor.py
[2024-07-05T20:01:58.878+0000] {logging_mixin.py:120} INFO - [2024-07-05T20:01:58.877+0000] {dag.py:2585} INFO - Sync 1 DAGs
[2024-07-05T20:02:02.168+0000] {logging_mixin.py:120} INFO - [2024-07-05T20:02:02.167+0000] {dag.py:3340} INFO - Setting next_dagrun for example_local_kubernetes_executor to None, run_after=None
[2024-07-05T20:02:03.577+0000] {processor.py:176} INFO - Processing /home/airflow/.local/lib/python3.7/site-packages/airflow/example_dags/example_local_kubernetes_executor.py took 12.794 seconds
[2024-07-05T20:04:24.585+0000] {processor.py:154} INFO - Started process (PID=167) to work on /home/airflow/.local/lib/python3.7/site-packages/airflow/example_dags/example_local_kubernetes_executor.py
[2024-07-05T20:04:24.612+0000] {processor.py:756} INFO - Processing file /home/airflow/.local/lib/python3.7/site-packages/airflow/example_dags/example_local_kubernetes_executor.py for tasks to queue
[2024-07-05T20:04:24.618+0000] {logging_mixin.py:120} INFO - [2024-07-05T20:04:24.617+0000] {dagbag.py:537} INFO - Filling up the DagBag from /home/airflow/.local/lib/python3.7/site-packages/airflow/example_dags/example_local_kubernetes_executor.py
[2024-07-05T20:04:25.277+0000] {processor.py:766} INFO - DAG(s) dict_keys(['example_local_kubernetes_executor']) retrieved from /home/airflow/.local/lib/python3.7/site-packages/airflow/example_dags/example_local_kubernetes_executor.py
[2024-07-05T20:04:26.208+0000] {logging_mixin.py:120} INFO - [2024-07-05T20:04:26.207+0000] {dag.py:2585} INFO - Sync 1 DAGs
[2024-07-05T20:04:26.871+0000] {logging_mixin.py:120} INFO - [2024-07-05T20:04:26.870+0000] {dag.py:3340} INFO - Setting next_dagrun for example_local_kubernetes_executor to None, run_after=None
[2024-07-05T20:04:27.159+0000] {processor.py:176} INFO - Processing /home/airflow/.local/lib/python3.7/site-packages/airflow/example_dags/example_local_kubernetes_executor.py took 2.635 seconds
[2024-07-05T20:06:56.988+0000] {processor.py:154} INFO - Started process (PID=222) to work on /home/airflow/.local/lib/python3.7/site-packages/airflow/example_dags/example_local_kubernetes_executor.py
[2024-07-05T20:06:57.177+0000] {processor.py:756} INFO - Processing file /home/airflow/.local/lib/python3.7/site-packages/airflow/example_dags/example_local_kubernetes_executor.py for tasks to queue
[2024-07-05T20:06:57.197+0000] {logging_mixin.py:120} INFO - [2024-07-05T20:06:57.196+0000] {dagbag.py:537} INFO - Filling up the DagBag from /home/airflow/.local/lib/python3.7/site-packages/airflow/example_dags/example_local_kubernetes_executor.py
[2024-07-05T20:07:01.060+0000] {processor.py:766} INFO - DAG(s) dict_keys(['example_local_kubernetes_executor']) retrieved from /home/airflow/.local/lib/python3.7/site-packages/airflow/example_dags/example_local_kubernetes_executor.py
[2024-07-05T20:07:08.609+0000] {logging_mixin.py:120} INFO - [2024-07-05T20:07:08.564+0000] {dag.py:2585} INFO - Sync 1 DAGs
[2024-07-05T20:07:09.814+0000] {logging_mixin.py:120} INFO - [2024-07-05T20:07:09.813+0000] {dag.py:3340} INFO - Setting next_dagrun for example_local_kubernetes_executor to None, run_after=None
[2024-07-05T20:07:10.583+0000] {processor.py:176} INFO - Processing /home/airflow/.local/lib/python3.7/site-packages/airflow/example_dags/example_local_kubernetes_executor.py took 13.773 seconds
[2024-07-05T20:08:54.002+0000] {processor.py:154} INFO - Started process (PID=277) to work on /home/airflow/.local/lib/python3.7/site-packages/airflow/example_dags/example_local_kubernetes_executor.py
[2024-07-05T20:08:54.032+0000] {processor.py:756} INFO - Processing file /home/airflow/.local/lib/python3.7/site-packages/airflow/example_dags/example_local_kubernetes_executor.py for tasks to queue
[2024-07-05T20:08:54.053+0000] {logging_mixin.py:120} INFO - [2024-07-05T20:08:54.053+0000] {dagbag.py:537} INFO - Filling up the DagBag from /home/airflow/.local/lib/python3.7/site-packages/airflow/example_dags/example_local_kubernetes_executor.py
[2024-07-05T20:08:55.496+0000] {processor.py:766} INFO - DAG(s) dict_keys(['example_local_kubernetes_executor']) retrieved from /home/airflow/.local/lib/python3.7/site-packages/airflow/example_dags/example_local_kubernetes_executor.py
[2024-07-05T20:08:57.058+0000] {logging_mixin.py:120} INFO - [2024-07-05T20:08:57.057+0000] {dag.py:2585} INFO - Sync 1 DAGs
[2024-07-05T20:08:58.212+0000] {logging_mixin.py:120} INFO - [2024-07-05T20:08:58.184+0000] {dag.py:3340} INFO - Setting next_dagrun for example_local_kubernetes_executor to None, run_after=None
[2024-07-05T20:08:59.452+0000] {processor.py:176} INFO - Processing /home/airflow/.local/lib/python3.7/site-packages/airflow/example_dags/example_local_kubernetes_executor.py took 5.702 seconds
[2024-07-05T20:11:14.819+0000] {processor.py:154} INFO - Started process (PID=329) to work on /home/airflow/.local/lib/python3.7/site-packages/airflow/example_dags/example_local_kubernetes_executor.py
[2024-07-05T20:11:14.864+0000] {processor.py:756} INFO - Processing file /home/airflow/.local/lib/python3.7/site-packages/airflow/example_dags/example_local_kubernetes_executor.py for tasks to queue
[2024-07-05T20:11:14.882+0000] {logging_mixin.py:120} INFO - [2024-07-05T20:11:14.881+0000] {dagbag.py:537} INFO - Filling up the DagBag from /home/airflow/.local/lib/python3.7/site-packages/airflow/example_dags/example_local_kubernetes_executor.py
[2024-07-05T20:11:15.997+0000] {processor.py:766} INFO - DAG(s) dict_keys(['example_local_kubernetes_executor']) retrieved from /home/airflow/.local/lib/python3.7/site-packages/airflow/example_dags/example_local_kubernetes_executor.py
[2024-07-05T20:11:22.223+0000] {logging_mixin.py:120} INFO - [2024-07-05T20:11:22.222+0000] {dag.py:2585} INFO - Sync 1 DAGs
[2024-07-05T20:11:23.393+0000] {logging_mixin.py:120} INFO - [2024-07-05T20:11:23.392+0000] {dag.py:3340} INFO - Setting next_dagrun for example_local_kubernetes_executor to None, run_after=None
[2024-07-05T20:11:24.417+0000] {processor.py:176} INFO - Processing /home/airflow/.local/lib/python3.7/site-packages/airflow/example_dags/example_local_kubernetes_executor.py took 9.811 seconds
