[2024-07-05T19:59:55.235+0000] {processor.py:154} INFO - Started process (PID=49) to work on /home/airflow/.local/lib/python3.7/site-packages/airflow/example_dags/example_xcomargs.py
[2024-07-05T19:59:55.240+0000] {processor.py:756} INFO - Processing file /home/airflow/.local/lib/python3.7/site-packages/airflow/example_dags/example_xcomargs.py for tasks to queue
[2024-07-05T19:59:55.249+0000] {logging_mixin.py:120} INFO - [2024-07-05T19:59:55.249+0000] {dagbag.py:537} INFO - Filling up the DagBag from /home/airflow/.local/lib/python3.7/site-packages/airflow/example_dags/example_xcomargs.py
[2024-07-05T19:59:55.681+0000] {processor.py:766} INFO - DAG(s) dict_keys(['example_xcom_args', 'example_xcom_args_with_operators']) retrieved from /home/airflow/.local/lib/python3.7/site-packages/airflow/example_dags/example_xcomargs.py
[2024-07-05T19:59:58.181+0000] {logging_mixin.py:120} INFO - [2024-07-05T19:59:58.180+0000] {manager.py:507} INFO - Created Permission View: can delete on DAG:example_xcom_args
[2024-07-05T19:59:58.365+0000] {logging_mixin.py:120} INFO - [2024-07-05T19:59:58.364+0000] {manager.py:507} INFO - Created Permission View: can read on DAG:example_xcom_args
[2024-07-05T19:59:58.477+0000] {logging_mixin.py:120} INFO - [2024-07-05T19:59:58.476+0000] {manager.py:507} INFO - Created Permission View: can edit on DAG:example_xcom_args
[2024-07-05T19:59:58.662+0000] {logging_mixin.py:120} INFO - [2024-07-05T19:59:58.661+0000] {manager.py:507} INFO - Created Permission View: can delete on DAG:example_xcom_args_with_operators
[2024-07-05T19:59:58.725+0000] {logging_mixin.py:120} INFO - [2024-07-05T19:59:58.724+0000] {manager.py:507} INFO - Created Permission View: can read on DAG:example_xcom_args_with_operators
[2024-07-05T19:59:58.830+0000] {logging_mixin.py:120} INFO - [2024-07-05T19:59:58.830+0000] {manager.py:507} INFO - Created Permission View: can edit on DAG:example_xcom_args_with_operators
[2024-07-05T19:59:58.836+0000] {logging_mixin.py:120} INFO - [2024-07-05T19:59:58.835+0000] {dag.py:2585} INFO - Sync 2 DAGs
[2024-07-05T19:59:59.078+0000] {logging_mixin.py:120} INFO - [2024-07-05T19:59:59.069+0000] {dag.py:2606} INFO - Creating ORM DAG for example_xcom_args_with_operators
[2024-07-05T19:59:59.083+0000] {logging_mixin.py:120} INFO - [2024-07-05T19:59:59.082+0000] {dag.py:2606} INFO - Creating ORM DAG for example_xcom_args
[2024-07-05T19:59:59.221+0000] {logging_mixin.py:120} INFO - [2024-07-05T19:59:59.220+0000] {dag.py:3340} INFO - Setting next_dagrun for example_xcom_args to None, run_after=None
[2024-07-05T19:59:59.225+0000] {logging_mixin.py:120} INFO - [2024-07-05T19:59:59.225+0000] {dag.py:3340} INFO - Setting next_dagrun for example_xcom_args_with_operators to None, run_after=None
[2024-07-05T19:59:59.568+0000] {processor.py:176} INFO - Processing /home/airflow/.local/lib/python3.7/site-packages/airflow/example_dags/example_xcomargs.py took 4.367 seconds
[2024-07-05T20:02:05.348+0000] {processor.py:154} INFO - Started process (PID=112) to work on /home/airflow/.local/lib/python3.7/site-packages/airflow/example_dags/example_xcomargs.py
[2024-07-05T20:02:05.388+0000] {processor.py:756} INFO - Processing file /home/airflow/.local/lib/python3.7/site-packages/airflow/example_dags/example_xcomargs.py for tasks to queue
[2024-07-05T20:02:05.405+0000] {logging_mixin.py:120} INFO - [2024-07-05T20:02:05.404+0000] {dagbag.py:537} INFO - Filling up the DagBag from /home/airflow/.local/lib/python3.7/site-packages/airflow/example_dags/example_xcomargs.py
[2024-07-05T20:02:09.423+0000] {processor.py:766} INFO - DAG(s) dict_keys(['example_xcom_args_with_operators', 'example_xcom_args']) retrieved from /home/airflow/.local/lib/python3.7/site-packages/airflow/example_dags/example_xcomargs.py
[2024-07-05T20:02:15.896+0000] {logging_mixin.py:120} INFO - [2024-07-05T20:02:15.895+0000] {dag.py:2585} INFO - Sync 2 DAGs
[2024-07-05T20:02:18.414+0000] {logging_mixin.py:120} INFO - [2024-07-05T20:02:18.413+0000] {dag.py:3340} INFO - Setting next_dagrun for example_xcom_args to None, run_after=None
[2024-07-05T20:02:18.751+0000] {logging_mixin.py:120} INFO - [2024-07-05T20:02:18.739+0000] {dag.py:3340} INFO - Setting next_dagrun for example_xcom_args_with_operators to None, run_after=None
[2024-07-05T20:02:19.625+0000] {processor.py:176} INFO - Processing /home/airflow/.local/lib/python3.7/site-packages/airflow/example_dags/example_xcomargs.py took 14.595 seconds
[2024-07-05T20:04:27.599+0000] {processor.py:154} INFO - Started process (PID=168) to work on /home/airflow/.local/lib/python3.7/site-packages/airflow/example_dags/example_xcomargs.py
[2024-07-05T20:04:27.635+0000] {processor.py:756} INFO - Processing file /home/airflow/.local/lib/python3.7/site-packages/airflow/example_dags/example_xcomargs.py for tasks to queue
[2024-07-05T20:04:27.650+0000] {logging_mixin.py:120} INFO - [2024-07-05T20:04:27.649+0000] {dagbag.py:537} INFO - Filling up the DagBag from /home/airflow/.local/lib/python3.7/site-packages/airflow/example_dags/example_xcomargs.py
[2024-07-05T20:04:28.164+0000] {processor.py:766} INFO - DAG(s) dict_keys(['example_xcom_args_with_operators', 'example_xcom_args']) retrieved from /home/airflow/.local/lib/python3.7/site-packages/airflow/example_dags/example_xcomargs.py
[2024-07-05T20:04:29.080+0000] {logging_mixin.py:120} INFO - [2024-07-05T20:04:29.079+0000] {dag.py:2585} INFO - Sync 2 DAGs
[2024-07-05T20:04:30.017+0000] {logging_mixin.py:120} INFO - [2024-07-05T20:04:30.016+0000] {dag.py:3340} INFO - Setting next_dagrun for example_xcom_args to None, run_after=None
[2024-07-05T20:04:30.180+0000] {logging_mixin.py:120} INFO - [2024-07-05T20:04:30.180+0000] {dag.py:3340} INFO - Setting next_dagrun for example_xcom_args_with_operators to None, run_after=None
[2024-07-05T20:04:31.415+0000] {processor.py:176} INFO - Processing /home/airflow/.local/lib/python3.7/site-packages/airflow/example_dags/example_xcomargs.py took 3.888 seconds
[2024-07-05T20:07:05.197+0000] {processor.py:154} INFO - Started process (PID=229) to work on /home/airflow/.local/lib/python3.7/site-packages/airflow/example_dags/example_xcomargs.py
[2024-07-05T20:07:05.337+0000] {processor.py:756} INFO - Processing file /home/airflow/.local/lib/python3.7/site-packages/airflow/example_dags/example_xcomargs.py for tasks to queue
[2024-07-05T20:07:05.412+0000] {logging_mixin.py:120} INFO - [2024-07-05T20:07:05.411+0000] {dagbag.py:537} INFO - Filling up the DagBag from /home/airflow/.local/lib/python3.7/site-packages/airflow/example_dags/example_xcomargs.py
[2024-07-05T20:07:08.033+0000] {processor.py:766} INFO - DAG(s) dict_keys(['example_xcom_args_with_operators', 'example_xcom_args']) retrieved from /home/airflow/.local/lib/python3.7/site-packages/airflow/example_dags/example_xcomargs.py
[2024-07-05T20:07:10.535+0000] {logging_mixin.py:120} INFO - [2024-07-05T20:07:10.534+0000] {dag.py:2585} INFO - Sync 2 DAGs
[2024-07-05T20:07:12.168+0000] {logging_mixin.py:120} INFO - [2024-07-05T20:07:12.167+0000] {dag.py:3340} INFO - Setting next_dagrun for example_xcom_args to None, run_after=None
[2024-07-05T20:07:12.522+0000] {logging_mixin.py:120} INFO - [2024-07-05T20:07:12.521+0000] {dag.py:3340} INFO - Setting next_dagrun for example_xcom_args_with_operators to None, run_after=None
[2024-07-05T20:07:13.895+0000] {processor.py:176} INFO - Processing /home/airflow/.local/lib/python3.7/site-packages/airflow/example_dags/example_xcomargs.py took 8.853 seconds
[2024-07-05T20:08:54.572+0000] {processor.py:154} INFO - Started process (PID=278) to work on /home/airflow/.local/lib/python3.7/site-packages/airflow/example_dags/example_xcomargs.py
[2024-07-05T20:08:54.603+0000] {processor.py:756} INFO - Processing file /home/airflow/.local/lib/python3.7/site-packages/airflow/example_dags/example_xcomargs.py for tasks to queue
[2024-07-05T20:08:54.637+0000] {logging_mixin.py:120} INFO - [2024-07-05T20:08:54.636+0000] {dagbag.py:537} INFO - Filling up the DagBag from /home/airflow/.local/lib/python3.7/site-packages/airflow/example_dags/example_xcomargs.py
[2024-07-05T20:08:56.429+0000] {processor.py:766} INFO - DAG(s) dict_keys(['example_xcom_args', 'example_xcom_args_with_operators']) retrieved from /home/airflow/.local/lib/python3.7/site-packages/airflow/example_dags/example_xcomargs.py
[2024-07-05T20:08:58.602+0000] {logging_mixin.py:120} INFO - [2024-07-05T20:08:58.601+0000] {dag.py:2585} INFO - Sync 2 DAGs
[2024-07-05T20:09:00.336+0000] {logging_mixin.py:120} INFO - [2024-07-05T20:09:00.322+0000] {dag.py:3340} INFO - Setting next_dagrun for example_xcom_args to None, run_after=None
[2024-07-05T20:09:00.586+0000] {logging_mixin.py:120} INFO - [2024-07-05T20:09:00.585+0000] {dag.py:3340} INFO - Setting next_dagrun for example_xcom_args_with_operators to None, run_after=None
[2024-07-05T20:09:02.108+0000] {processor.py:176} INFO - Processing /home/airflow/.local/lib/python3.7/site-packages/airflow/example_dags/example_xcomargs.py took 7.774 seconds
[2024-07-05T20:11:23.424+0000] {processor.py:154} INFO - Started process (PID=330) to work on /home/airflow/.local/lib/python3.7/site-packages/airflow/example_dags/example_xcomargs.py
[2024-07-05T20:11:23.441+0000] {processor.py:756} INFO - Processing file /home/airflow/.local/lib/python3.7/site-packages/airflow/example_dags/example_xcomargs.py for tasks to queue
[2024-07-05T20:11:23.502+0000] {logging_mixin.py:120} INFO - [2024-07-05T20:11:23.501+0000] {dagbag.py:537} INFO - Filling up the DagBag from /home/airflow/.local/lib/python3.7/site-packages/airflow/example_dags/example_xcomargs.py
[2024-07-05T20:11:25.512+0000] {processor.py:766} INFO - DAG(s) dict_keys(['example_xcom_args_with_operators', 'example_xcom_args']) retrieved from /home/airflow/.local/lib/python3.7/site-packages/airflow/example_dags/example_xcomargs.py
[2024-07-05T20:11:28.489+0000] {logging_mixin.py:120} INFO - [2024-07-05T20:11:28.488+0000] {dag.py:2585} INFO - Sync 2 DAGs
[2024-07-05T20:11:30.798+0000] {logging_mixin.py:120} INFO - [2024-07-05T20:11:30.796+0000] {dag.py:3340} INFO - Setting next_dagrun for example_xcom_args to None, run_after=None
[2024-07-05T20:11:30.972+0000] {logging_mixin.py:120} INFO - [2024-07-05T20:11:30.971+0000] {dag.py:3340} INFO - Setting next_dagrun for example_xcom_args_with_operators to None, run_after=None
[2024-07-05T20:11:31.724+0000] {processor.py:176} INFO - Processing /home/airflow/.local/lib/python3.7/site-packages/airflow/example_dags/example_xcomargs.py took 8.393 seconds
