[2024-07-05T20:00:09.676+0000] {processor.py:154} INFO - Started process (PID=65) to work on /home/airflow/.local/lib/python3.7/site-packages/airflow/example_dags/example_subdag_operator.py
[2024-07-05T20:00:09.683+0000] {processor.py:756} INFO - Processing file /home/airflow/.local/lib/python3.7/site-packages/airflow/example_dags/example_subdag_operator.py for tasks to queue
[2024-07-05T20:00:09.688+0000] {logging_mixin.py:120} INFO - [2024-07-05T20:00:09.688+0000] {dagbag.py:537} INFO - Filling up the DagBag from /home/airflow/.local/lib/python3.7/site-packages/airflow/example_dags/example_subdag_operator.py
[2024-07-05T20:00:10.099+0000] {processor.py:766} INFO - DAG(s) dict_keys(['example_subdag_operator.section-1', 'example_subdag_operator.section-2', 'example_subdag_operator']) retrieved from /home/airflow/.local/lib/python3.7/site-packages/airflow/example_dags/example_subdag_operator.py
[2024-07-05T20:00:13.542+0000] {logging_mixin.py:120} INFO - [2024-07-05T20:00:13.541+0000] {manager.py:507} INFO - Created Permission View: can delete on DAG:example_subdag_operator
[2024-07-05T20:00:13.630+0000] {logging_mixin.py:120} INFO - [2024-07-05T20:00:13.627+0000] {manager.py:507} INFO - Created Permission View: can read on DAG:example_subdag_operator
[2024-07-05T20:00:13.695+0000] {logging_mixin.py:120} INFO - [2024-07-05T20:00:13.694+0000] {manager.py:507} INFO - Created Permission View: can edit on DAG:example_subdag_operator
[2024-07-05T20:00:13.697+0000] {logging_mixin.py:120} INFO - [2024-07-05T20:00:13.696+0000] {dag.py:2585} INFO - Sync 3 DAGs
[2024-07-05T20:00:13.840+0000] {logging_mixin.py:120} INFO - [2024-07-05T20:00:13.839+0000] {dag.py:2606} INFO - Creating ORM DAG for example_subdag_operator.section-1
[2024-07-05T20:00:13.850+0000] {logging_mixin.py:120} INFO - [2024-07-05T20:00:13.849+0000] {dag.py:2606} INFO - Creating ORM DAG for example_subdag_operator.section-2
[2024-07-05T20:00:13.858+0000] {logging_mixin.py:120} INFO - [2024-07-05T20:00:13.857+0000] {dag.py:2606} INFO - Creating ORM DAG for example_subdag_operator
[2024-07-05T20:00:13.962+0000] {logging_mixin.py:120} INFO - [2024-07-05T20:00:13.961+0000] {dag.py:3340} INFO - Setting next_dagrun for example_subdag_operator to 2022-01-01T00:00:00+00:00, run_after=2022-01-01T00:00:00+00:00
[2024-07-05T20:00:13.980+0000] {logging_mixin.py:120} INFO - [2024-07-05T20:00:13.979+0000] {dag.py:3340} INFO - Setting next_dagrun for example_subdag_operator.section-1 to None, run_after=None
[2024-07-05T20:00:13.988+0000] {logging_mixin.py:120} INFO - [2024-07-05T20:00:13.987+0000] {dag.py:3340} INFO - Setting next_dagrun for example_subdag_operator.section-2 to None, run_after=None
[2024-07-05T20:00:14.066+0000] {logging_mixin.py:120} INFO - [2024-07-05T20:00:14.065+0000] {dag.py:2585} INFO - Sync 2 DAGs
[2024-07-05T20:00:14.147+0000] {logging_mixin.py:120} INFO - [2024-07-05T20:00:14.136+0000] {dag.py:3340} INFO - Setting next_dagrun for example_subdag_operator.section-1 to None, run_after=None
[2024-07-05T20:00:14.187+0000] {logging_mixin.py:120} INFO - [2024-07-05T20:00:14.186+0000] {dag.py:3340} INFO - Setting next_dagrun for example_subdag_operator.section-2 to None, run_after=None
[2024-07-05T20:00:14.307+0000] {processor.py:176} INFO - Processing /home/airflow/.local/lib/python3.7/site-packages/airflow/example_dags/example_subdag_operator.py took 4.713 seconds
[2024-07-05T20:03:18.963+0000] {processor.py:154} INFO - Started process (PID=135) to work on /home/airflow/.local/lib/python3.7/site-packages/airflow/example_dags/example_subdag_operator.py
[2024-07-05T20:03:19.025+0000] {processor.py:756} INFO - Processing file /home/airflow/.local/lib/python3.7/site-packages/airflow/example_dags/example_subdag_operator.py for tasks to queue
[2024-07-05T20:03:19.071+0000] {logging_mixin.py:120} INFO - [2024-07-05T20:03:19.042+0000] {dagbag.py:537} INFO - Filling up the DagBag from /home/airflow/.local/lib/python3.7/site-packages/airflow/example_dags/example_subdag_operator.py
[2024-07-05T20:03:19.869+0000] {processor.py:766} INFO - DAG(s) dict_keys(['example_subdag_operator.section-1', 'example_subdag_operator.section-2', 'example_subdag_operator']) retrieved from /home/airflow/.local/lib/python3.7/site-packages/airflow/example_dags/example_subdag_operator.py
[2024-07-05T20:03:30.577+0000] {logging_mixin.py:120} INFO - [2024-07-05T20:03:30.576+0000] {dag.py:2585} INFO - Sync 3 DAGs
[2024-07-05T20:03:31.024+0000] {logging_mixin.py:120} INFO - [2024-07-05T20:03:31.023+0000] {dag.py:3340} INFO - Setting next_dagrun for example_subdag_operator to 2022-01-01T00:00:00+00:00, run_after=2022-01-01T00:00:00+00:00
[2024-07-05T20:03:31.102+0000] {logging_mixin.py:120} INFO - [2024-07-05T20:03:31.101+0000] {dag.py:3340} INFO - Setting next_dagrun for example_subdag_operator.section-1 to None, run_after=None
[2024-07-05T20:03:31.120+0000] {logging_mixin.py:120} INFO - [2024-07-05T20:03:31.119+0000] {dag.py:3340} INFO - Setting next_dagrun for example_subdag_operator.section-2 to None, run_after=None
[2024-07-05T20:03:31.315+0000] {logging_mixin.py:120} INFO - [2024-07-05T20:03:31.296+0000] {dag.py:2585} INFO - Sync 2 DAGs
[2024-07-05T20:03:31.720+0000] {logging_mixin.py:120} INFO - [2024-07-05T20:03:31.719+0000] {dag.py:3340} INFO - Setting next_dagrun for example_subdag_operator.section-1 to None, run_after=None
[2024-07-05T20:03:31.740+0000] {logging_mixin.py:120} INFO - [2024-07-05T20:03:31.739+0000] {dag.py:3340} INFO - Setting next_dagrun for example_subdag_operator.section-2 to None, run_after=None
[2024-07-05T20:03:32.056+0000] {processor.py:176} INFO - Processing /home/airflow/.local/lib/python3.7/site-packages/airflow/example_dags/example_subdag_operator.py took 13.410 seconds
[2024-07-05T20:05:15.182+0000] {processor.py:154} INFO - Started process (PID=184) to work on /home/airflow/.local/lib/python3.7/site-packages/airflow/example_dags/example_subdag_operator.py
[2024-07-05T20:05:15.207+0000] {processor.py:756} INFO - Processing file /home/airflow/.local/lib/python3.7/site-packages/airflow/example_dags/example_subdag_operator.py for tasks to queue
[2024-07-05T20:05:15.386+0000] {logging_mixin.py:120} INFO - [2024-07-05T20:05:15.385+0000] {dagbag.py:537} INFO - Filling up the DagBag from /home/airflow/.local/lib/python3.7/site-packages/airflow/example_dags/example_subdag_operator.py
[2024-07-05T20:05:17.206+0000] {processor.py:766} INFO - DAG(s) dict_keys(['example_subdag_operator.section-1', 'example_subdag_operator.section-2', 'example_subdag_operator']) retrieved from /home/airflow/.local/lib/python3.7/site-packages/airflow/example_dags/example_subdag_operator.py
[2024-07-05T20:05:34.061+0000] {logging_mixin.py:120} INFO - [2024-07-05T20:05:34.060+0000] {dag.py:2585} INFO - Sync 3 DAGs
[2024-07-05T20:05:35.926+0000] {logging_mixin.py:120} INFO - [2024-07-05T20:05:35.924+0000] {dag.py:3340} INFO - Setting next_dagrun for example_subdag_operator to 2022-01-01T00:00:00+00:00, run_after=2022-01-01T00:00:00+00:00
[2024-07-05T20:05:36.213+0000] {logging_mixin.py:120} INFO - [2024-07-05T20:05:36.212+0000] {dag.py:3340} INFO - Setting next_dagrun for example_subdag_operator.section-1 to None, run_after=None
[2024-07-05T20:05:36.307+0000] {logging_mixin.py:120} INFO - [2024-07-05T20:05:36.307+0000] {dag.py:3340} INFO - Setting next_dagrun for example_subdag_operator.section-2 to None, run_after=None
[2024-07-05T20:05:37.451+0000] {logging_mixin.py:120} INFO - [2024-07-05T20:05:37.450+0000] {dag.py:2585} INFO - Sync 2 DAGs
[2024-07-05T20:05:37.804+0000] {logging_mixin.py:120} INFO - [2024-07-05T20:05:37.803+0000] {dag.py:3340} INFO - Setting next_dagrun for example_subdag_operator.section-1 to None, run_after=None
[2024-07-05T20:05:37.837+0000] {logging_mixin.py:120} INFO - [2024-07-05T20:05:37.836+0000] {dag.py:3340} INFO - Setting next_dagrun for example_subdag_operator.section-2 to None, run_after=None
[2024-07-05T20:05:38.950+0000] {processor.py:176} INFO - Processing /home/airflow/.local/lib/python3.7/site-packages/airflow/example_dags/example_subdag_operator.py took 23.950 seconds
[2024-07-05T20:07:49.003+0000] {processor.py:154} INFO - Started process (PID=245) to work on /home/airflow/.local/lib/python3.7/site-packages/airflow/example_dags/example_subdag_operator.py
[2024-07-05T20:07:49.021+0000] {processor.py:756} INFO - Processing file /home/airflow/.local/lib/python3.7/site-packages/airflow/example_dags/example_subdag_operator.py for tasks to queue
[2024-07-05T20:07:49.040+0000] {logging_mixin.py:120} INFO - [2024-07-05T20:07:49.039+0000] {dagbag.py:537} INFO - Filling up the DagBag from /home/airflow/.local/lib/python3.7/site-packages/airflow/example_dags/example_subdag_operator.py
[2024-07-05T20:07:50.950+0000] {processor.py:766} INFO - DAG(s) dict_keys(['example_subdag_operator.section-1', 'example_subdag_operator.section-2', 'example_subdag_operator']) retrieved from /home/airflow/.local/lib/python3.7/site-packages/airflow/example_dags/example_subdag_operator.py
[2024-07-05T20:07:59.631+0000] {logging_mixin.py:120} INFO - [2024-07-05T20:07:59.617+0000] {dag.py:2585} INFO - Sync 3 DAGs
[2024-07-05T20:08:01.000+0000] {logging_mixin.py:120} INFO - [2024-07-05T20:08:00.999+0000] {dag.py:3340} INFO - Setting next_dagrun for example_subdag_operator to 2022-01-01T00:00:00+00:00, run_after=2022-01-01T00:00:00+00:00
[2024-07-05T20:08:01.185+0000] {logging_mixin.py:120} INFO - [2024-07-05T20:08:01.184+0000] {dag.py:3340} INFO - Setting next_dagrun for example_subdag_operator.section-1 to None, run_after=None
[2024-07-05T20:08:01.199+0000] {logging_mixin.py:120} INFO - [2024-07-05T20:08:01.198+0000] {dag.py:3340} INFO - Setting next_dagrun for example_subdag_operator.section-2 to None, run_after=None
[2024-07-05T20:08:01.457+0000] {logging_mixin.py:120} INFO - [2024-07-05T20:08:01.456+0000] {dag.py:2585} INFO - Sync 2 DAGs
[2024-07-05T20:08:01.651+0000] {logging_mixin.py:120} INFO - [2024-07-05T20:08:01.649+0000] {dag.py:3340} INFO - Setting next_dagrun for example_subdag_operator.section-1 to None, run_after=None
[2024-07-05T20:08:01.659+0000] {logging_mixin.py:120} INFO - [2024-07-05T20:08:01.658+0000] {dag.py:3340} INFO - Setting next_dagrun for example_subdag_operator.section-2 to None, run_after=None
[2024-07-05T20:08:01.988+0000] {processor.py:176} INFO - Processing /home/airflow/.local/lib/python3.7/site-packages/airflow/example_dags/example_subdag_operator.py took 13.202 seconds
[2024-07-05T20:09:44.044+0000] {processor.py:154} INFO - Started process (PID=294) to work on /home/airflow/.local/lib/python3.7/site-packages/airflow/example_dags/example_subdag_operator.py
[2024-07-05T20:09:44.121+0000] {processor.py:756} INFO - Processing file /home/airflow/.local/lib/python3.7/site-packages/airflow/example_dags/example_subdag_operator.py for tasks to queue
[2024-07-05T20:09:44.156+0000] {logging_mixin.py:120} INFO - [2024-07-05T20:09:44.155+0000] {dagbag.py:537} INFO - Filling up the DagBag from /home/airflow/.local/lib/python3.7/site-packages/airflow/example_dags/example_subdag_operator.py
[2024-07-05T20:09:46.480+0000] {processor.py:766} INFO - DAG(s) dict_keys(['example_subdag_operator.section-1', 'example_subdag_operator.section-2', 'example_subdag_operator']) retrieved from /home/airflow/.local/lib/python3.7/site-packages/airflow/example_dags/example_subdag_operator.py
[2024-07-05T20:10:06.975+0000] {logging_mixin.py:120} INFO - [2024-07-05T20:10:06.974+0000] {dag.py:2585} INFO - Sync 3 DAGs
[2024-07-05T20:10:09.383+0000] {logging_mixin.py:120} INFO - [2024-07-05T20:10:09.367+0000] {dag.py:3340} INFO - Setting next_dagrun for example_subdag_operator to 2022-01-01T00:00:00+00:00, run_after=2022-01-01T00:00:00+00:00
[2024-07-05T20:10:09.513+0000] {logging_mixin.py:120} INFO - [2024-07-05T20:10:09.512+0000] {dag.py:3340} INFO - Setting next_dagrun for example_subdag_operator.section-1 to None, run_after=None
[2024-07-05T20:10:09.718+0000] {logging_mixin.py:120} INFO - [2024-07-05T20:10:09.717+0000] {dag.py:3340} INFO - Setting next_dagrun for example_subdag_operator.section-2 to None, run_after=None
[2024-07-05T20:10:10.153+0000] {logging_mixin.py:120} INFO - [2024-07-05T20:10:10.140+0000] {dag.py:2585} INFO - Sync 2 DAGs
[2024-07-05T20:10:10.507+0000] {logging_mixin.py:120} INFO - [2024-07-05T20:10:10.491+0000] {dag.py:3340} INFO - Setting next_dagrun for example_subdag_operator.section-1 to None, run_after=None
[2024-07-05T20:10:10.524+0000] {logging_mixin.py:120} INFO - [2024-07-05T20:10:10.523+0000] {dag.py:3340} INFO - Setting next_dagrun for example_subdag_operator.section-2 to None, run_after=None
[2024-07-05T20:10:11.379+0000] {processor.py:176} INFO - Processing /home/airflow/.local/lib/python3.7/site-packages/airflow/example_dags/example_subdag_operator.py took 27.576 seconds
