[2024-07-05T20:00:18.014+0000] {processor.py:154} INFO - Started process (PID=69) to work on /home/airflow/.local/lib/python3.7/site-packages/airflow/example_dags/example_sla_dag.py
[2024-07-05T20:00:18.033+0000] {processor.py:756} INFO - Processing file /home/airflow/.local/lib/python3.7/site-packages/airflow/example_dags/example_sla_dag.py for tasks to queue
[2024-07-05T20:00:18.101+0000] {logging_mixin.py:120} INFO - [2024-07-05T20:00:18.088+0000] {dagbag.py:537} INFO - Filling up the DagBag from /home/airflow/.local/lib/python3.7/site-packages/airflow/example_dags/example_sla_dag.py
[2024-07-05T20:00:18.672+0000] {processor.py:766} INFO - DAG(s) dict_keys(['example_sla_dag']) retrieved from /home/airflow/.local/lib/python3.7/site-packages/airflow/example_dags/example_sla_dag.py
[2024-07-05T20:00:20.565+0000] {logging_mixin.py:120} INFO - [2024-07-05T20:00:20.565+0000] {manager.py:507} INFO - Created Permission View: can delete on DAG:example_sla_dag
[2024-07-05T20:00:20.706+0000] {logging_mixin.py:120} INFO - [2024-07-05T20:00:20.705+0000] {manager.py:507} INFO - Created Permission View: can read on DAG:example_sla_dag
[2024-07-05T20:00:20.906+0000] {logging_mixin.py:120} INFO - [2024-07-05T20:00:20.906+0000] {manager.py:507} INFO - Created Permission View: can edit on DAG:example_sla_dag
[2024-07-05T20:00:20.941+0000] {logging_mixin.py:120} INFO - [2024-07-05T20:00:20.940+0000] {dag.py:2585} INFO - Sync 1 DAGs
[2024-07-05T20:00:21.233+0000] {logging_mixin.py:120} INFO - [2024-07-05T20:00:21.232+0000] {dag.py:2606} INFO - Creating ORM DAG for example_sla_dag
[2024-07-05T20:00:21.478+0000] {logging_mixin.py:120} INFO - [2024-07-05T20:00:21.477+0000] {dag.py:3340} INFO - Setting next_dagrun for example_sla_dag to 2024-07-05T19:58:00+00:00, run_after=2024-07-05T20:00:00+00:00
[2024-07-05T20:00:21.715+0000] {processor.py:176} INFO - Processing /home/airflow/.local/lib/python3.7/site-packages/airflow/example_dags/example_sla_dag.py took 3.757 seconds
[2024-07-05T20:03:32.398+0000] {processor.py:154} INFO - Started process (PID=139) to work on /home/airflow/.local/lib/python3.7/site-packages/airflow/example_dags/example_sla_dag.py
[2024-07-05T20:03:32.419+0000] {processor.py:756} INFO - Processing file /home/airflow/.local/lib/python3.7/site-packages/airflow/example_dags/example_sla_dag.py for tasks to queue
[2024-07-05T20:03:32.429+0000] {logging_mixin.py:120} INFO - [2024-07-05T20:03:32.425+0000] {dagbag.py:537} INFO - Filling up the DagBag from /home/airflow/.local/lib/python3.7/site-packages/airflow/example_dags/example_sla_dag.py
[2024-07-05T20:03:33.012+0000] {processor.py:766} INFO - DAG(s) dict_keys(['example_sla_dag']) retrieved from /home/airflow/.local/lib/python3.7/site-packages/airflow/example_dags/example_sla_dag.py
[2024-07-05T20:03:34.490+0000] {logging_mixin.py:120} INFO - [2024-07-05T20:03:34.485+0000] {dag.py:2585} INFO - Sync 1 DAGs
[2024-07-05T20:03:35.549+0000] {logging_mixin.py:120} INFO - [2024-07-05T20:03:35.527+0000] {dag.py:3340} INFO - Setting next_dagrun for example_sla_dag to 2024-07-05T20:00:00+00:00, run_after=2024-07-05T20:02:00+00:00
[2024-07-05T20:03:36.247+0000] {processor.py:176} INFO - Processing /home/airflow/.local/lib/python3.7/site-packages/airflow/example_dags/example_sla_dag.py took 3.915 seconds
[2024-07-05T20:05:41.683+0000] {processor.py:154} INFO - Started process (PID=195) to work on /home/airflow/.local/lib/python3.7/site-packages/airflow/example_dags/example_sla_dag.py
[2024-07-05T20:05:41.811+0000] {processor.py:756} INFO - Processing file /home/airflow/.local/lib/python3.7/site-packages/airflow/example_dags/example_sla_dag.py for tasks to queue
[2024-07-05T20:05:41.829+0000] {logging_mixin.py:120} INFO - [2024-07-05T20:05:41.828+0000] {dagbag.py:537} INFO - Filling up the DagBag from /home/airflow/.local/lib/python3.7/site-packages/airflow/example_dags/example_sla_dag.py
[2024-07-05T20:05:43.567+0000] {processor.py:766} INFO - DAG(s) dict_keys(['example_sla_dag']) retrieved from /home/airflow/.local/lib/python3.7/site-packages/airflow/example_dags/example_sla_dag.py
[2024-07-05T20:05:45.558+0000] {logging_mixin.py:120} INFO - [2024-07-05T20:05:45.556+0000] {dag.py:2585} INFO - Sync 1 DAGs
[2024-07-05T20:05:48.583+0000] {logging_mixin.py:120} INFO - [2024-07-05T20:05:48.582+0000] {dag.py:3340} INFO - Setting next_dagrun for example_sla_dag to 2024-07-05T20:02:00+00:00, run_after=2024-07-05T20:04:00+00:00
[2024-07-05T20:05:50.180+0000] {processor.py:176} INFO - Processing /home/airflow/.local/lib/python3.7/site-packages/airflow/example_dags/example_sla_dag.py took 8.740 seconds
[2024-07-05T20:08:02.970+0000] {processor.py:154} INFO - Started process (PID=249) to work on /home/airflow/.local/lib/python3.7/site-packages/airflow/example_dags/example_sla_dag.py
[2024-07-05T20:08:03.072+0000] {processor.py:756} INFO - Processing file /home/airflow/.local/lib/python3.7/site-packages/airflow/example_dags/example_sla_dag.py for tasks to queue
[2024-07-05T20:08:03.090+0000] {logging_mixin.py:120} INFO - [2024-07-05T20:08:03.089+0000] {dagbag.py:537} INFO - Filling up the DagBag from /home/airflow/.local/lib/python3.7/site-packages/airflow/example_dags/example_sla_dag.py
[2024-07-05T20:08:04.163+0000] {processor.py:766} INFO - DAG(s) dict_keys(['example_sla_dag']) retrieved from /home/airflow/.local/lib/python3.7/site-packages/airflow/example_dags/example_sla_dag.py
[2024-07-05T20:08:07.281+0000] {logging_mixin.py:120} INFO - [2024-07-05T20:08:07.279+0000] {dag.py:2585} INFO - Sync 1 DAGs
[2024-07-05T20:08:09.082+0000] {logging_mixin.py:120} INFO - [2024-07-05T20:08:09.081+0000] {dag.py:3340} INFO - Setting next_dagrun for example_sla_dag to 2024-07-05T20:06:00+00:00, run_after=2024-07-05T20:08:00+00:00
[2024-07-05T20:08:09.578+0000] {processor.py:176} INFO - Processing /home/airflow/.local/lib/python3.7/site-packages/airflow/example_dags/example_sla_dag.py took 6.755 seconds
[2024-07-05T20:10:15.641+0000] {processor.py:154} INFO - Started process (PID=305) to work on /home/airflow/.local/lib/python3.7/site-packages/airflow/example_dags/example_sla_dag.py
[2024-07-05T20:10:15.660+0000] {processor.py:756} INFO - Processing file /home/airflow/.local/lib/python3.7/site-packages/airflow/example_dags/example_sla_dag.py for tasks to queue
[2024-07-05T20:10:15.695+0000] {logging_mixin.py:120} INFO - [2024-07-05T20:10:15.694+0000] {dagbag.py:537} INFO - Filling up the DagBag from /home/airflow/.local/lib/python3.7/site-packages/airflow/example_dags/example_sla_dag.py
[2024-07-05T20:10:17.649+0000] {processor.py:766} INFO - DAG(s) dict_keys(['example_sla_dag']) retrieved from /home/airflow/.local/lib/python3.7/site-packages/airflow/example_dags/example_sla_dag.py
[2024-07-05T20:10:19.895+0000] {logging_mixin.py:120} INFO - [2024-07-05T20:10:19.882+0000] {dag.py:2585} INFO - Sync 1 DAGs
[2024-07-05T20:10:23.042+0000] {logging_mixin.py:120} INFO - [2024-07-05T20:10:23.041+0000] {dag.py:3340} INFO - Setting next_dagrun for example_sla_dag to 2024-07-05T20:08:00+00:00, run_after=2024-07-05T20:10:00+00:00
[2024-07-05T20:10:25.224+0000] {processor.py:176} INFO - Processing /home/airflow/.local/lib/python3.7/site-packages/airflow/example_dags/example_sla_dag.py took 9.817 seconds
