[2024-07-05T20:00:41.088+0000] {processor.py:154} INFO - Started process (PID=86) to work on /home/airflow/.local/lib/python3.7/site-packages/airflow/example_dags/example_xcom.py
[2024-07-05T20:00:41.095+0000] {processor.py:756} INFO - Processing file /home/airflow/.local/lib/python3.7/site-packages/airflow/example_dags/example_xcom.py for tasks to queue
[2024-07-05T20:00:41.110+0000] {logging_mixin.py:120} INFO - [2024-07-05T20:00:41.109+0000] {dagbag.py:537} INFO - Filling up the DagBag from /home/airflow/.local/lib/python3.7/site-packages/airflow/example_dags/example_xcom.py
[2024-07-05T20:00:42.735+0000] {processor.py:766} INFO - DAG(s) dict_keys(['example_xcom']) retrieved from /home/airflow/.local/lib/python3.7/site-packages/airflow/example_dags/example_xcom.py
[2024-07-05T20:00:48.862+0000] {logging_mixin.py:120} INFO - [2024-07-05T20:00:48.861+0000] {manager.py:507} INFO - Created Permission View: can delete on DAG:example_xcom
[2024-07-05T20:00:49.163+0000] {logging_mixin.py:120} INFO - [2024-07-05T20:00:49.162+0000] {manager.py:507} INFO - Created Permission View: can read on DAG:example_xcom
[2024-07-05T20:00:49.308+0000] {logging_mixin.py:120} INFO - [2024-07-05T20:00:49.308+0000] {manager.py:507} INFO - Created Permission View: can edit on DAG:example_xcom
[2024-07-05T20:00:49.313+0000] {logging_mixin.py:120} INFO - [2024-07-05T20:00:49.313+0000] {dag.py:2585} INFO - Sync 1 DAGs
[2024-07-05T20:00:49.630+0000] {logging_mixin.py:120} INFO - [2024-07-05T20:00:49.630+0000] {dag.py:2606} INFO - Creating ORM DAG for example_xcom
[2024-07-05T20:00:50.006+0000] {logging_mixin.py:120} INFO - [2024-07-05T20:00:49.950+0000] {dag.py:3340} INFO - Setting next_dagrun for example_xcom to 2021-01-01T00:00:00+00:00, run_after=2021-01-01T00:00:00+00:00
[2024-07-05T20:00:51.745+0000] {processor.py:176} INFO - Processing /home/airflow/.local/lib/python3.7/site-packages/airflow/example_dags/example_xcom.py took 10.712 seconds
[2024-07-05T20:04:15.755+0000] {processor.py:154} INFO - Started process (PID=163) to work on /home/airflow/.local/lib/python3.7/site-packages/airflow/example_dags/example_xcom.py
[2024-07-05T20:04:15.766+0000] {processor.py:756} INFO - Processing file /home/airflow/.local/lib/python3.7/site-packages/airflow/example_dags/example_xcom.py for tasks to queue
[2024-07-05T20:04:15.771+0000] {logging_mixin.py:120} INFO - [2024-07-05T20:04:15.770+0000] {dagbag.py:537} INFO - Filling up the DagBag from /home/airflow/.local/lib/python3.7/site-packages/airflow/example_dags/example_xcom.py
[2024-07-05T20:04:16.257+0000] {processor.py:766} INFO - DAG(s) dict_keys(['example_xcom']) retrieved from /home/airflow/.local/lib/python3.7/site-packages/airflow/example_dags/example_xcom.py
[2024-07-05T20:04:17.709+0000] {logging_mixin.py:120} INFO - [2024-07-05T20:04:17.708+0000] {dag.py:2585} INFO - Sync 1 DAGs
[2024-07-05T20:04:19.648+0000] {logging_mixin.py:120} INFO - [2024-07-05T20:04:19.632+0000] {dag.py:3340} INFO - Setting next_dagrun for example_xcom to 2021-01-01T00:00:00+00:00, run_after=2021-01-01T00:00:00+00:00
[2024-07-05T20:04:20.394+0000] {processor.py:176} INFO - Processing /home/airflow/.local/lib/python3.7/site-packages/airflow/example_dags/example_xcom.py took 4.694 seconds
[2024-07-05T20:08:33.748+0000] {processor.py:154} INFO - Started process (PID=266) to work on /home/airflow/.local/lib/python3.7/site-packages/airflow/example_dags/example_xcom.py
[2024-07-05T20:08:33.765+0000] {processor.py:756} INFO - Processing file /home/airflow/.local/lib/python3.7/site-packages/airflow/example_dags/example_xcom.py for tasks to queue
[2024-07-05T20:08:33.801+0000] {logging_mixin.py:120} INFO - [2024-07-05T20:08:33.800+0000] {dagbag.py:537} INFO - Filling up the DagBag from /home/airflow/.local/lib/python3.7/site-packages/airflow/example_dags/example_xcom.py
[2024-07-05T20:08:34.783+0000] {processor.py:766} INFO - DAG(s) dict_keys(['example_xcom']) retrieved from /home/airflow/.local/lib/python3.7/site-packages/airflow/example_dags/example_xcom.py
[2024-07-05T20:08:37.982+0000] {logging_mixin.py:120} INFO - [2024-07-05T20:08:37.981+0000] {dag.py:2585} INFO - Sync 1 DAGs
[2024-07-05T20:08:40.095+0000] {logging_mixin.py:120} INFO - [2024-07-05T20:08:40.094+0000] {dag.py:3340} INFO - Setting next_dagrun for example_xcom to 2021-01-01T00:00:00+00:00, run_after=2021-01-01T00:00:00+00:00
[2024-07-05T20:08:41.540+0000] {processor.py:176} INFO - Processing /home/airflow/.local/lib/python3.7/site-packages/airflow/example_dags/example_xcom.py took 7.989 seconds
