[2024-07-05T20:00:09.246+0000] {processor.py:154} INFO - Started process (PID=64) to work on /home/airflow/.local/lib/python3.7/site-packages/airflow/example_dags/example_dag_decorator.py
[2024-07-05T20:00:09.252+0000] {processor.py:756} INFO - Processing file /home/airflow/.local/lib/python3.7/site-packages/airflow/example_dags/example_dag_decorator.py for tasks to queue
[2024-07-05T20:00:09.258+0000] {logging_mixin.py:120} INFO - [2024-07-05T20:00:09.257+0000] {dagbag.py:537} INFO - Filling up the DagBag from /home/airflow/.local/lib/python3.7/site-packages/airflow/example_dags/example_dag_decorator.py
[2024-07-05T20:00:09.395+0000] {logging_mixin.py:120} INFO - [2024-07-05T20:00:09.395+0000] {taskmixin.py:205} WARNING - Dependency <Task(_PythonDecoratedOperator): prepare_email>, send_email already registered for DAG: example_dag_decorator
[2024-07-05T20:00:09.399+0000] {logging_mixin.py:120} INFO - [2024-07-05T20:00:09.398+0000] {taskmixin.py:205} WARNING - Dependency <Task(EmailOperator): send_email>, prepare_email already registered for DAG: example_dag_decorator
[2024-07-05T20:00:09.566+0000] {processor.py:766} INFO - DAG(s) dict_keys(['example_dag_decorator']) retrieved from /home/airflow/.local/lib/python3.7/site-packages/airflow/example_dags/example_dag_decorator.py
[2024-07-05T20:00:11.156+0000] {logging_mixin.py:120} INFO - [2024-07-05T20:00:11.155+0000] {manager.py:507} INFO - Created Permission View: can delete on DAG:example_dag_decorator
[2024-07-05T20:00:11.278+0000] {logging_mixin.py:120} INFO - [2024-07-05T20:00:11.278+0000] {manager.py:507} INFO - Created Permission View: can read on DAG:example_dag_decorator
[2024-07-05T20:00:11.388+0000] {logging_mixin.py:120} INFO - [2024-07-05T20:00:11.388+0000] {manager.py:507} INFO - Created Permission View: can edit on DAG:example_dag_decorator
[2024-07-05T20:00:11.394+0000] {logging_mixin.py:120} INFO - [2024-07-05T20:00:11.393+0000] {dag.py:2585} INFO - Sync 1 DAGs
[2024-07-05T20:00:11.546+0000] {logging_mixin.py:120} INFO - [2024-07-05T20:00:11.545+0000] {dag.py:2606} INFO - Creating ORM DAG for example_dag_decorator
[2024-07-05T20:00:11.636+0000] {logging_mixin.py:120} INFO - [2024-07-05T20:00:11.635+0000] {dag.py:3340} INFO - Setting next_dagrun for example_dag_decorator to None, run_after=None
[2024-07-05T20:00:11.812+0000] {processor.py:176} INFO - Processing /home/airflow/.local/lib/python3.7/site-packages/airflow/example_dags/example_dag_decorator.py took 2.594 seconds
[2024-07-05T20:03:09.546+0000] {processor.py:154} INFO - Started process (PID=134) to work on /home/airflow/.local/lib/python3.7/site-packages/airflow/example_dags/example_dag_decorator.py
[2024-07-05T20:03:09.645+0000] {processor.py:756} INFO - Processing file /home/airflow/.local/lib/python3.7/site-packages/airflow/example_dags/example_dag_decorator.py for tasks to queue
[2024-07-05T20:03:09.777+0000] {logging_mixin.py:120} INFO - [2024-07-05T20:03:09.760+0000] {dagbag.py:537} INFO - Filling up the DagBag from /home/airflow/.local/lib/python3.7/site-packages/airflow/example_dags/example_dag_decorator.py
[2024-07-05T20:03:13.175+0000] {logging_mixin.py:120} INFO - [2024-07-05T20:03:12.992+0000] {taskmixin.py:205} WARNING - Dependency <Task(_PythonDecoratedOperator): prepare_email>, send_email already registered for DAG: example_dag_decorator
[2024-07-05T20:03:13.178+0000] {logging_mixin.py:120} INFO - [2024-07-05T20:03:13.177+0000] {taskmixin.py:205} WARNING - Dependency <Task(EmailOperator): send_email>, prepare_email already registered for DAG: example_dag_decorator
[2024-07-05T20:03:15.536+0000] {processor.py:766} INFO - DAG(s) dict_keys(['example_dag_decorator']) retrieved from /home/airflow/.local/lib/python3.7/site-packages/airflow/example_dags/example_dag_decorator.py
[2024-07-05T20:03:19.559+0000] {logging_mixin.py:120} INFO - [2024-07-05T20:03:19.557+0000] {dag.py:2585} INFO - Sync 1 DAGs
[2024-07-05T20:03:20.365+0000] {logging_mixin.py:120} INFO - [2024-07-05T20:03:20.364+0000] {dag.py:3340} INFO - Setting next_dagrun for example_dag_decorator to None, run_after=None
[2024-07-05T20:03:21.125+0000] {processor.py:176} INFO - Processing /home/airflow/.local/lib/python3.7/site-packages/airflow/example_dags/example_dag_decorator.py took 12.188 seconds
[2024-07-05T20:05:15.352+0000] {processor.py:154} INFO - Started process (PID=183) to work on /home/airflow/.local/lib/python3.7/site-packages/airflow/example_dags/example_dag_decorator.py
[2024-07-05T20:05:15.417+0000] {processor.py:756} INFO - Processing file /home/airflow/.local/lib/python3.7/site-packages/airflow/example_dags/example_dag_decorator.py for tasks to queue
[2024-07-05T20:05:15.436+0000] {logging_mixin.py:120} INFO - [2024-07-05T20:05:15.434+0000] {dagbag.py:537} INFO - Filling up the DagBag from /home/airflow/.local/lib/python3.7/site-packages/airflow/example_dags/example_dag_decorator.py
[2024-07-05T20:05:16.215+0000] {logging_mixin.py:120} INFO - [2024-07-05T20:05:16.214+0000] {taskmixin.py:205} WARNING - Dependency <Task(_PythonDecoratedOperator): prepare_email>, send_email already registered for DAG: example_dag_decorator
[2024-07-05T20:05:16.259+0000] {logging_mixin.py:120} INFO - [2024-07-05T20:05:16.258+0000] {taskmixin.py:205} WARNING - Dependency <Task(EmailOperator): send_email>, prepare_email already registered for DAG: example_dag_decorator
[2024-07-05T20:05:17.305+0000] {processor.py:766} INFO - DAG(s) dict_keys(['example_dag_decorator']) retrieved from /home/airflow/.local/lib/python3.7/site-packages/airflow/example_dags/example_dag_decorator.py
[2024-07-05T20:05:21.574+0000] {logging_mixin.py:120} INFO - [2024-07-05T20:05:21.573+0000] {dag.py:2585} INFO - Sync 1 DAGs
[2024-07-05T20:05:23.042+0000] {logging_mixin.py:120} INFO - [2024-07-05T20:05:23.042+0000] {dag.py:3340} INFO - Setting next_dagrun for example_dag_decorator to None, run_after=None
[2024-07-05T20:05:24.269+0000] {processor.py:176} INFO - Processing /home/airflow/.local/lib/python3.7/site-packages/airflow/example_dags/example_dag_decorator.py took 9.174 seconds
[2024-07-05T20:07:46.372+0000] {processor.py:154} INFO - Started process (PID=244) to work on /home/airflow/.local/lib/python3.7/site-packages/airflow/example_dags/example_dag_decorator.py
[2024-07-05T20:07:46.422+0000] {processor.py:756} INFO - Processing file /home/airflow/.local/lib/python3.7/site-packages/airflow/example_dags/example_dag_decorator.py for tasks to queue
[2024-07-05T20:07:46.530+0000] {logging_mixin.py:120} INFO - [2024-07-05T20:07:46.484+0000] {dagbag.py:537} INFO - Filling up the DagBag from /home/airflow/.local/lib/python3.7/site-packages/airflow/example_dags/example_dag_decorator.py
[2024-07-05T20:07:47.774+0000] {logging_mixin.py:120} INFO - [2024-07-05T20:07:47.773+0000] {taskmixin.py:205} WARNING - Dependency <Task(_PythonDecoratedOperator): prepare_email>, send_email already registered for DAG: example_dag_decorator
[2024-07-05T20:07:47.789+0000] {logging_mixin.py:120} INFO - [2024-07-05T20:07:47.788+0000] {taskmixin.py:205} WARNING - Dependency <Task(EmailOperator): send_email>, prepare_email already registered for DAG: example_dag_decorator
[2024-07-05T20:07:48.343+0000] {processor.py:766} INFO - DAG(s) dict_keys(['example_dag_decorator']) retrieved from /home/airflow/.local/lib/python3.7/site-packages/airflow/example_dags/example_dag_decorator.py
[2024-07-05T20:07:52.057+0000] {logging_mixin.py:120} INFO - [2024-07-05T20:07:52.056+0000] {dag.py:2585} INFO - Sync 1 DAGs
[2024-07-05T20:07:52.686+0000] {logging_mixin.py:120} INFO - [2024-07-05T20:07:52.685+0000] {dag.py:3340} INFO - Setting next_dagrun for example_dag_decorator to None, run_after=None
[2024-07-05T20:07:53.565+0000] {processor.py:176} INFO - Processing /home/airflow/.local/lib/python3.7/site-packages/airflow/example_dags/example_dag_decorator.py took 7.420 seconds
[2024-07-05T20:09:39.061+0000] {processor.py:154} INFO - Started process (PID=293) to work on /home/airflow/.local/lib/python3.7/site-packages/airflow/example_dags/example_dag_decorator.py
[2024-07-05T20:09:39.129+0000] {processor.py:756} INFO - Processing file /home/airflow/.local/lib/python3.7/site-packages/airflow/example_dags/example_dag_decorator.py for tasks to queue
[2024-07-05T20:09:39.146+0000] {logging_mixin.py:120} INFO - [2024-07-05T20:09:39.145+0000] {dagbag.py:537} INFO - Filling up the DagBag from /home/airflow/.local/lib/python3.7/site-packages/airflow/example_dags/example_dag_decorator.py
[2024-07-05T20:09:40.288+0000] {logging_mixin.py:120} INFO - [2024-07-05T20:09:40.287+0000] {taskmixin.py:205} WARNING - Dependency <Task(_PythonDecoratedOperator): prepare_email>, send_email already registered for DAG: example_dag_decorator
[2024-07-05T20:09:40.303+0000] {logging_mixin.py:120} INFO - [2024-07-05T20:09:40.302+0000] {taskmixin.py:205} WARNING - Dependency <Task(EmailOperator): send_email>, prepare_email already registered for DAG: example_dag_decorator
[2024-07-05T20:09:41.073+0000] {processor.py:766} INFO - DAG(s) dict_keys(['example_dag_decorator']) retrieved from /home/airflow/.local/lib/python3.7/site-packages/airflow/example_dags/example_dag_decorator.py
[2024-07-05T20:09:46.023+0000] {logging_mixin.py:120} INFO - [2024-07-05T20:09:45.958+0000] {dag.py:2585} INFO - Sync 1 DAGs
[2024-07-05T20:09:49.395+0000] {logging_mixin.py:120} INFO - [2024-07-05T20:09:49.391+0000] {dag.py:3340} INFO - Setting next_dagrun for example_dag_decorator to None, run_after=None
[2024-07-05T20:09:51.585+0000] {processor.py:176} INFO - Processing /home/airflow/.local/lib/python3.7/site-packages/airflow/example_dags/example_dag_decorator.py took 12.747 seconds
