[2024-07-05T20:00:35.367+0000] {processor.py:154} INFO - Started process (PID=77) to work on /home/airflow/.local/lib/python3.7/site-packages/airflow/example_dags/tutorial_taskflow_api_virtualenv.py
[2024-07-05T20:00:35.601+0000] {processor.py:756} INFO - Processing file /home/airflow/.local/lib/python3.7/site-packages/airflow/example_dags/tutorial_taskflow_api_virtualenv.py for tasks to queue
[2024-07-05T20:00:35.654+0000] {logging_mixin.py:120} INFO - [2024-07-05T20:00:35.652+0000] {dagbag.py:537} INFO - Filling up the DagBag from /home/airflow/.local/lib/python3.7/site-packages/airflow/example_dags/tutorial_taskflow_api_virtualenv.py
[2024-07-05T20:00:36.617+0000] {processor.py:766} INFO - DAG(s) dict_keys(['tutorial_taskflow_api_virtualenv']) retrieved from /home/airflow/.local/lib/python3.7/site-packages/airflow/example_dags/tutorial_taskflow_api_virtualenv.py
[2024-07-05T20:00:39.862+0000] {logging_mixin.py:120} INFO - [2024-07-05T20:00:39.861+0000] {manager.py:507} INFO - Created Permission View: can delete on DAG:tutorial_taskflow_api_virtualenv
[2024-07-05T20:00:40.111+0000] {logging_mixin.py:120} INFO - [2024-07-05T20:00:40.111+0000] {manager.py:507} INFO - Created Permission View: can read on DAG:tutorial_taskflow_api_virtualenv
[2024-07-05T20:00:40.245+0000] {logging_mixin.py:120} INFO - [2024-07-05T20:00:40.244+0000] {manager.py:507} INFO - Created Permission View: can edit on DAG:tutorial_taskflow_api_virtualenv
[2024-07-05T20:00:40.248+0000] {logging_mixin.py:120} INFO - [2024-07-05T20:00:40.248+0000] {dag.py:2585} INFO - Sync 1 DAGs
[2024-07-05T20:00:40.403+0000] {logging_mixin.py:120} INFO - [2024-07-05T20:00:40.399+0000] {dag.py:2606} INFO - Creating ORM DAG for tutorial_taskflow_api_virtualenv
[2024-07-05T20:00:40.500+0000] {logging_mixin.py:120} INFO - [2024-07-05T20:00:40.498+0000] {dag.py:3340} INFO - Setting next_dagrun for tutorial_taskflow_api_virtualenv to None, run_after=None
[2024-07-05T20:00:40.873+0000] {processor.py:176} INFO - Processing /home/airflow/.local/lib/python3.7/site-packages/airflow/example_dags/tutorial_taskflow_api_virtualenv.py took 5.727 seconds
[2024-07-05T20:04:08.332+0000] {processor.py:154} INFO - Started process (PID=154) to work on /home/airflow/.local/lib/python3.7/site-packages/airflow/example_dags/tutorial_taskflow_api_virtualenv.py
[2024-07-05T20:04:08.349+0000] {processor.py:756} INFO - Processing file /home/airflow/.local/lib/python3.7/site-packages/airflow/example_dags/tutorial_taskflow_api_virtualenv.py for tasks to queue
[2024-07-05T20:04:08.383+0000] {logging_mixin.py:120} INFO - [2024-07-05T20:04:08.383+0000] {dagbag.py:537} INFO - Filling up the DagBag from /home/airflow/.local/lib/python3.7/site-packages/airflow/example_dags/tutorial_taskflow_api_virtualenv.py
[2024-07-05T20:04:09.266+0000] {processor.py:766} INFO - DAG(s) dict_keys(['tutorial_taskflow_api_virtualenv']) retrieved from /home/airflow/.local/lib/python3.7/site-packages/airflow/example_dags/tutorial_taskflow_api_virtualenv.py
[2024-07-05T20:04:12.035+0000] {logging_mixin.py:120} INFO - [2024-07-05T20:04:12.028+0000] {dag.py:2585} INFO - Sync 1 DAGs
[2024-07-05T20:04:14.105+0000] {logging_mixin.py:120} INFO - [2024-07-05T20:04:14.104+0000] {dag.py:3340} INFO - Setting next_dagrun for tutorial_taskflow_api_virtualenv to None, run_after=None
[2024-07-05T20:04:14.860+0000] {processor.py:176} INFO - Processing /home/airflow/.local/lib/python3.7/site-packages/airflow/example_dags/tutorial_taskflow_api_virtualenv.py took 6.567 seconds
[2024-07-05T20:08:29.085+0000] {processor.py:154} INFO - Started process (PID=264) to work on /home/airflow/.local/lib/python3.7/site-packages/airflow/example_dags/tutorial_taskflow_api_virtualenv.py
[2024-07-05T20:08:29.101+0000] {processor.py:756} INFO - Processing file /home/airflow/.local/lib/python3.7/site-packages/airflow/example_dags/tutorial_taskflow_api_virtualenv.py for tasks to queue
[2024-07-05T20:08:29.123+0000] {logging_mixin.py:120} INFO - [2024-07-05T20:08:29.122+0000] {dagbag.py:537} INFO - Filling up the DagBag from /home/airflow/.local/lib/python3.7/site-packages/airflow/example_dags/tutorial_taskflow_api_virtualenv.py
[2024-07-05T20:08:29.749+0000] {processor.py:766} INFO - DAG(s) dict_keys(['tutorial_taskflow_api_virtualenv']) retrieved from /home/airflow/.local/lib/python3.7/site-packages/airflow/example_dags/tutorial_taskflow_api_virtualenv.py
[2024-07-05T20:08:30.707+0000] {logging_mixin.py:120} INFO - [2024-07-05T20:08:30.706+0000] {dag.py:2585} INFO - Sync 1 DAGs
[2024-07-05T20:08:31.540+0000] {logging_mixin.py:120} INFO - [2024-07-05T20:08:31.534+0000] {dag.py:3340} INFO - Setting next_dagrun for tutorial_taskflow_api_virtualenv to None, run_after=None
[2024-07-05T20:08:32.483+0000] {processor.py:176} INFO - Processing /home/airflow/.local/lib/python3.7/site-packages/airflow/example_dags/tutorial_taskflow_api_virtualenv.py took 3.446 seconds
