[2024-07-05T20:00:14.574+0000] {processor.py:154} INFO - Started process (PID=67) to work on /home/airflow/.local/lib/python3.7/site-packages/airflow/example_dags/tutorial.py
[2024-07-05T20:00:14.580+0000] {processor.py:756} INFO - Processing file /home/airflow/.local/lib/python3.7/site-packages/airflow/example_dags/tutorial.py for tasks to queue
[2024-07-05T20:00:14.594+0000] {logging_mixin.py:120} INFO - [2024-07-05T20:00:14.593+0000] {dagbag.py:537} INFO - Filling up the DagBag from /home/airflow/.local/lib/python3.7/site-packages/airflow/example_dags/tutorial.py
[2024-07-05T20:00:14.743+0000] {processor.py:766} INFO - DAG(s) dict_keys(['tutorial']) retrieved from /home/airflow/.local/lib/python3.7/site-packages/airflow/example_dags/tutorial.py
[2024-07-05T20:00:16.029+0000] {logging_mixin.py:120} INFO - [2024-07-05T20:00:16.021+0000] {manager.py:507} INFO - Created Permission View: can delete on DAG:tutorial
[2024-07-05T20:00:16.185+0000] {logging_mixin.py:120} INFO - [2024-07-05T20:00:16.184+0000] {manager.py:507} INFO - Created Permission View: can read on DAG:tutorial
[2024-07-05T20:00:16.291+0000] {logging_mixin.py:120} INFO - [2024-07-05T20:00:16.291+0000] {manager.py:507} INFO - Created Permission View: can edit on DAG:tutorial
[2024-07-05T20:00:16.294+0000] {logging_mixin.py:120} INFO - [2024-07-05T20:00:16.294+0000] {dag.py:2585} INFO - Sync 1 DAGs
[2024-07-05T20:00:16.749+0000] {logging_mixin.py:120} INFO - [2024-07-05T20:00:16.748+0000] {dag.py:2606} INFO - Creating ORM DAG for tutorial
[2024-07-05T20:00:17.152+0000] {logging_mixin.py:120} INFO - [2024-07-05T20:00:17.151+0000] {dag.py:3340} INFO - Setting next_dagrun for tutorial to 2024-07-04T20:00:17.149630+00:00, run_after=2024-07-05T20:00:17.149630+00:00
[2024-07-05T20:00:17.696+0000] {processor.py:176} INFO - Processing /home/airflow/.local/lib/python3.7/site-packages/airflow/example_dags/tutorial.py took 3.146 seconds
[2024-07-05T20:03:27.115+0000] {processor.py:154} INFO - Started process (PID=137) to work on /home/airflow/.local/lib/python3.7/site-packages/airflow/example_dags/tutorial.py
[2024-07-05T20:03:27.142+0000] {processor.py:756} INFO - Processing file /home/airflow/.local/lib/python3.7/site-packages/airflow/example_dags/tutorial.py for tasks to queue
[2024-07-05T20:03:27.162+0000] {logging_mixin.py:120} INFO - [2024-07-05T20:03:27.161+0000] {dagbag.py:537} INFO - Filling up the DagBag from /home/airflow/.local/lib/python3.7/site-packages/airflow/example_dags/tutorial.py
[2024-07-05T20:03:27.972+0000] {processor.py:766} INFO - DAG(s) dict_keys(['tutorial']) retrieved from /home/airflow/.local/lib/python3.7/site-packages/airflow/example_dags/tutorial.py
[2024-07-05T20:03:29.240+0000] {logging_mixin.py:120} INFO - [2024-07-05T20:03:29.239+0000] {dag.py:2585} INFO - Sync 1 DAGs
[2024-07-05T20:03:29.659+0000] {logging_mixin.py:120} INFO - [2024-07-05T20:03:29.658+0000] {dag.py:3340} INFO - Setting next_dagrun for tutorial to 2024-07-04T20:03:29.651133+00:00, run_after=2024-07-05T20:03:29.651133+00:00
[2024-07-05T20:03:29.953+0000] {processor.py:176} INFO - Processing /home/airflow/.local/lib/python3.7/site-packages/airflow/example_dags/tutorial.py took 3.009 seconds
[2024-07-05T20:05:32.978+0000] {processor.py:154} INFO - Started process (PID=193) to work on /home/airflow/.local/lib/python3.7/site-packages/airflow/example_dags/tutorial.py
[2024-07-05T20:05:33.170+0000] {processor.py:756} INFO - Processing file /home/airflow/.local/lib/python3.7/site-packages/airflow/example_dags/tutorial.py for tasks to queue
[2024-07-05T20:05:33.365+0000] {logging_mixin.py:120} INFO - [2024-07-05T20:05:33.364+0000] {dagbag.py:537} INFO - Filling up the DagBag from /home/airflow/.local/lib/python3.7/site-packages/airflow/example_dags/tutorial.py
[2024-07-05T20:05:34.552+0000] {processor.py:766} INFO - DAG(s) dict_keys(['tutorial']) retrieved from /home/airflow/.local/lib/python3.7/site-packages/airflow/example_dags/tutorial.py
[2024-07-05T20:05:37.680+0000] {logging_mixin.py:120} INFO - [2024-07-05T20:05:37.679+0000] {dag.py:2585} INFO - Sync 1 DAGs
[2024-07-05T20:05:39.544+0000] {logging_mixin.py:120} INFO - [2024-07-05T20:05:39.543+0000] {dag.py:3340} INFO - Setting next_dagrun for tutorial to 2024-07-04T20:05:39.511908+00:00, run_after=2024-07-05T20:05:39.511908+00:00
[2024-07-05T20:05:40.477+0000] {processor.py:176} INFO - Processing /home/airflow/.local/lib/python3.7/site-packages/airflow/example_dags/tutorial.py took 7.712 seconds
[2024-07-05T20:07:57.696+0000] {processor.py:154} INFO - Started process (PID=247) to work on /home/airflow/.local/lib/python3.7/site-packages/airflow/example_dags/tutorial.py
[2024-07-05T20:07:57.708+0000] {processor.py:756} INFO - Processing file /home/airflow/.local/lib/python3.7/site-packages/airflow/example_dags/tutorial.py for tasks to queue
[2024-07-05T20:07:57.733+0000] {logging_mixin.py:120} INFO - [2024-07-05T20:07:57.732+0000] {dagbag.py:537} INFO - Filling up the DagBag from /home/airflow/.local/lib/python3.7/site-packages/airflow/example_dags/tutorial.py
[2024-07-05T20:07:58.311+0000] {processor.py:766} INFO - DAG(s) dict_keys(['tutorial']) retrieved from /home/airflow/.local/lib/python3.7/site-packages/airflow/example_dags/tutorial.py
[2024-07-05T20:08:01.054+0000] {logging_mixin.py:120} INFO - [2024-07-05T20:08:01.053+0000] {dag.py:2585} INFO - Sync 1 DAGs
[2024-07-05T20:08:01.726+0000] {logging_mixin.py:120} INFO - [2024-07-05T20:08:01.726+0000] {dag.py:3340} INFO - Setting next_dagrun for tutorial to 2024-07-04T20:08:01.706587+00:00, run_after=2024-07-05T20:08:01.706587+00:00
[2024-07-05T20:08:02.323+0000] {processor.py:176} INFO - Processing /home/airflow/.local/lib/python3.7/site-packages/airflow/example_dags/tutorial.py took 4.724 seconds
[2024-07-05T20:10:03.895+0000] {processor.py:154} INFO - Started process (PID=303) to work on /home/airflow/.local/lib/python3.7/site-packages/airflow/example_dags/tutorial.py
[2024-07-05T20:10:03.964+0000] {processor.py:756} INFO - Processing file /home/airflow/.local/lib/python3.7/site-packages/airflow/example_dags/tutorial.py for tasks to queue
[2024-07-05T20:10:04.214+0000] {logging_mixin.py:120} INFO - [2024-07-05T20:10:04.148+0000] {dagbag.py:537} INFO - Filling up the DagBag from /home/airflow/.local/lib/python3.7/site-packages/airflow/example_dags/tutorial.py
[2024-07-05T20:10:05.829+0000] {processor.py:766} INFO - DAG(s) dict_keys(['tutorial']) retrieved from /home/airflow/.local/lib/python3.7/site-packages/airflow/example_dags/tutorial.py
[2024-07-05T20:10:08.960+0000] {logging_mixin.py:120} INFO - [2024-07-05T20:10:08.959+0000] {dag.py:2585} INFO - Sync 1 DAGs
[2024-07-05T20:10:11.515+0000] {logging_mixin.py:120} INFO - [2024-07-05T20:10:11.486+0000] {dag.py:3340} INFO - Setting next_dagrun for tutorial to 2024-07-04T20:10:11.484952+00:00, run_after=2024-07-05T20:10:11.484952+00:00
[2024-07-05T20:10:12.488+0000] {processor.py:176} INFO - Processing /home/airflow/.local/lib/python3.7/site-packages/airflow/example_dags/tutorial.py took 8.778 seconds
