[2024-07-05T20:00:27.975+0000] {processor.py:154} INFO - Started process (PID=73) to work on /home/airflow/.local/lib/python3.7/site-packages/airflow/example_dags/tutorial_dag.py
[2024-07-05T20:00:27.981+0000] {processor.py:756} INFO - Processing file /home/airflow/.local/lib/python3.7/site-packages/airflow/example_dags/tutorial_dag.py for tasks to queue
[2024-07-05T20:00:27.993+0000] {logging_mixin.py:120} INFO - [2024-07-05T20:00:27.992+0000] {dagbag.py:537} INFO - Filling up the DagBag from /home/airflow/.local/lib/python3.7/site-packages/airflow/example_dags/tutorial_dag.py
[2024-07-05T20:00:28.182+0000] {processor.py:766} INFO - DAG(s) dict_keys(['tutorial_dag']) retrieved from /home/airflow/.local/lib/python3.7/site-packages/airflow/example_dags/tutorial_dag.py
[2024-07-05T20:00:30.126+0000] {logging_mixin.py:120} INFO - [2024-07-05T20:00:30.126+0000] {manager.py:507} INFO - Created Permission View: can delete on DAG:tutorial_dag
[2024-07-05T20:00:30.310+0000] {logging_mixin.py:120} INFO - [2024-07-05T20:00:30.309+0000] {manager.py:507} INFO - Created Permission View: can read on DAG:tutorial_dag
[2024-07-05T20:00:30.447+0000] {logging_mixin.py:120} INFO - [2024-07-05T20:00:30.446+0000] {manager.py:507} INFO - Created Permission View: can edit on DAG:tutorial_dag
[2024-07-05T20:00:30.456+0000] {logging_mixin.py:120} INFO - [2024-07-05T20:00:30.454+0000] {dag.py:2585} INFO - Sync 1 DAGs
[2024-07-05T20:00:30.588+0000] {logging_mixin.py:120} INFO - [2024-07-05T20:00:30.587+0000] {dag.py:2606} INFO - Creating ORM DAG for tutorial_dag
[2024-07-05T20:00:30.828+0000] {logging_mixin.py:120} INFO - [2024-07-05T20:00:30.827+0000] {dag.py:3340} INFO - Setting next_dagrun for tutorial_dag to None, run_after=None
[2024-07-05T20:00:31.154+0000] {processor.py:176} INFO - Processing /home/airflow/.local/lib/python3.7/site-packages/airflow/example_dags/tutorial_dag.py took 3.220 seconds
[2024-07-05T20:03:49.937+0000] {processor.py:154} INFO - Started process (PID=150) to work on /home/airflow/.local/lib/python3.7/site-packages/airflow/example_dags/tutorial_dag.py
[2024-07-05T20:03:49.957+0000] {processor.py:756} INFO - Processing file /home/airflow/.local/lib/python3.7/site-packages/airflow/example_dags/tutorial_dag.py for tasks to queue
[2024-07-05T20:03:50.005+0000] {logging_mixin.py:120} INFO - [2024-07-05T20:03:50.004+0000] {dagbag.py:537} INFO - Filling up the DagBag from /home/airflow/.local/lib/python3.7/site-packages/airflow/example_dags/tutorial_dag.py
[2024-07-05T20:03:50.854+0000] {processor.py:766} INFO - DAG(s) dict_keys(['tutorial_dag']) retrieved from /home/airflow/.local/lib/python3.7/site-packages/airflow/example_dags/tutorial_dag.py
[2024-07-05T20:03:53.476+0000] {logging_mixin.py:120} INFO - [2024-07-05T20:03:53.474+0000] {dag.py:2585} INFO - Sync 1 DAGs
[2024-07-05T20:03:54.894+0000] {logging_mixin.py:120} INFO - [2024-07-05T20:03:54.893+0000] {dag.py:3340} INFO - Setting next_dagrun for tutorial_dag to None, run_after=None
[2024-07-05T20:03:55.772+0000] {processor.py:176} INFO - Processing /home/airflow/.local/lib/python3.7/site-packages/airflow/example_dags/tutorial_dag.py took 5.933 seconds
[2024-07-05T20:08:16.957+0000] {processor.py:154} INFO - Started process (PID=260) to work on /home/airflow/.local/lib/python3.7/site-packages/airflow/example_dags/tutorial_dag.py
[2024-07-05T20:08:16.976+0000] {processor.py:756} INFO - Processing file /home/airflow/.local/lib/python3.7/site-packages/airflow/example_dags/tutorial_dag.py for tasks to queue
[2024-07-05T20:08:17.015+0000] {logging_mixin.py:120} INFO - [2024-07-05T20:08:17.014+0000] {dagbag.py:537} INFO - Filling up the DagBag from /home/airflow/.local/lib/python3.7/site-packages/airflow/example_dags/tutorial_dag.py
[2024-07-05T20:08:17.409+0000] {processor.py:766} INFO - DAG(s) dict_keys(['tutorial_dag']) retrieved from /home/airflow/.local/lib/python3.7/site-packages/airflow/example_dags/tutorial_dag.py
[2024-07-05T20:08:18.053+0000] {logging_mixin.py:120} INFO - [2024-07-05T20:08:18.053+0000] {dag.py:2585} INFO - Sync 1 DAGs
[2024-07-05T20:08:18.939+0000] {logging_mixin.py:120} INFO - [2024-07-05T20:08:18.938+0000] {dag.py:3340} INFO - Setting next_dagrun for tutorial_dag to None, run_after=None
[2024-07-05T20:08:19.653+0000] {processor.py:176} INFO - Processing /home/airflow/.local/lib/python3.7/site-packages/airflow/example_dags/tutorial_dag.py took 2.755 seconds
